#
# There is insufficient memory for the Java Runtime Environment to continue.
# Native memory allocation (malloc) failed to allocate 32744 bytes for ChunkPool::allocate
# Possible reasons:
#   The system is out of physical RAM or swap space
#   The process is running with CompressedOops enabled, and the Java Heap may be blocking the growth of the native heap
# Possible solutions:
#   Reduce memory load on the system
#   Increase physical memory or swap space
#   Check if swap backing store is full
#   Decrease Java heap size (-Xmx/-Xms)
#   Decrease number of Java threads
#   Decrease Java thread stack sizes (-Xss)
#   Set larger code cache with -XX:ReservedCodeCacheSize=
#   JVM is running with Unscaled Compressed Oops mode in which the Java heap is
#     placed in the first 4GB address space. The Java Heap base address is the
#     maximum limit for the native heap growth. Please use -XX:HeapBaseMinAddress
#     to set the Java Heap base and to place the Java Heap above 4GB virtual address.
# This output file may be truncated or incomplete.
#
#  Out of Memory Error (./src/hotspot/share/memory/arena.cpp:81), pid=4576, tid=5268
#
# JRE version: OpenJDK Runtime Environment (11.0.13) (build 11.0.13+0-b1751.21-8125866)
# Java VM: OpenJDK 64-Bit Server VM (11.0.13+0-b1751.21-8125866, mixed mode, tiered, compressed oops, g1 gc, windows-amd64)
# No core dump will be written. Minidumps are not enabled by default on client versions of Windows
#

---------------  S U M M A R Y ------------

Command Line: --add-opens=java.base/java.util=ALL-UNNAMED --add-opens=java.base/java.lang=ALL-UNNAMED --add-opens=java.base/java.lang.invoke=ALL-UNNAMED --add-opens=java.base/java.util=ALL-UNNAMED --add-opens=java.prefs/java.util.prefs=ALL-UNNAMED --add-opens=java.prefs/java.util.prefs=ALL-UNNAMED --add-opens=java.base/java.nio.charset=ALL-UNNAMED --add-opens=java.base/java.net=ALL-UNNAMED --add-opens=java.base/java.util.concurrent.atomic=ALL-UNNAMED -Xmx1536M -Dfile.encoding=windows-1252 -Duser.country=BR -Duser.language=pt -Duser.variant org.gradle.launcher.daemon.bootstrap.GradleDaemon 7.4

Host: Intel(R) Core(TM) i5-2450M CPU @ 2.50GHz, 4 cores, 7G,  Windows 10 , 64 bit Build 19041 (10.0.19041.1889)
Time: Wed Nov  9 21:31:45 2022 Hora oficial do Brasil elapsed time: 1773.329431 seconds (0d 0h 29m 33s)

---------------  T H R E A D  ---------------

Current thread (0x00000266504ab800):  JavaThread "C2 CompilerThread0" daemon [_thread_in_native, id=5268, stack(0x000000e7d2600000,0x000000e7d2700000)]


Current CompileTask:
C2:1773329 15518       4       org.gradle.internal.io.LineBufferingOutputStream::write (59 bytes)

Stack: [0x000000e7d2600000,0x000000e7d2700000]
Native frames: (J=compiled Java code, j=interpreted, Vv=VM code, C=native code)
V  [jvm.dll+0x6100fa]
V  [jvm.dll+0x747090]
V  [jvm.dll+0x7486ad]
V  [jvm.dll+0x748d83]
V  [jvm.dll+0x24ab48]
V  [jvm.dll+0xc075b]
V  [jvm.dll+0xc0a0c]
V  [jvm.dll+0xc060c]
V  [jvm.dll+0x5eed90]
V  [jvm.dll+0x6407ee]
V  [jvm.dll+0x19da88]
V  [jvm.dll+0x2033be]
V  [jvm.dll+0x202437]
V  [jvm.dll+0x188e01]
V  [jvm.dll+0x21106b]
V  [jvm.dll+0x20f8c1]
V  [jvm.dll+0x70de0f]
V  [jvm.dll+0x706a75]
V  [jvm.dll+0x60ed66]
C  [ucrtbase.dll+0x21bb2]
C  [KERNEL32.DLL+0x17034]
C  [ntdll.dll+0x526a1]


---------------  P R O C E S S  ---------------

Threads class SMR info:
_java_thread_list=0x0000026656e302e0, length=92, elements={
0x0000026637b7c800, 0x000002665047c800, 0x000002665047d000, 0x000002665049b800,
0x000002665049c000, 0x000002665049d000, 0x00000266504ab800, 0x00000266504af800,
0x00000266504b3000, 0x0000026650f9d000, 0x0000026653968000, 0x0000026651c20800,
0x0000026653050800, 0x0000026653533000, 0x0000026653536000, 0x0000026653538800,
0x0000026653539800, 0x0000026653534800, 0x0000026654846000, 0x0000026654842800,
0x0000026654847800, 0x0000026654845000, 0x0000026654841800, 0x0000026654844000,
0x00000266571a7000, 0x00000266571a2000, 0x000002665386a800, 0x000002665b1eb000,
0x000002665386b800, 0x0000026653866000, 0x000002665386c800, 0x0000026653869000,
0x0000026653866800, 0x000002665386d000, 0x000002665386a000, 0x0000026653867800,
0x000002665386e000, 0x0000026653868000, 0x000002665386f000, 0x0000026653870800,
0x0000026653873000, 0x0000026653874800, 0x0000026653871000, 0x000002665386f800,
0x0000026653873800, 0x0000026653872000, 0x000002665b1ec800, 0x000002665b1ea000,
0x000002665b1ed800, 0x000002665b1ee000, 0x000002665b1eb800, 0x000002665b1f4800,
0x000002665b1f4000, 0x000002665b1f0000, 0x000002665b1ef000, 0x000002665b1f5800,
0x000002665b1f3000, 0x000002665b1f1800, 0x000002665b1f2800, 0x000002665b1f6800,
0x000002665b1f0800, 0x000002665b1f7000, 0x000002665b1f8000, 0x000002665b1f9000,
0x000002665719b800, 0x00000266571a0800, 0x000002665719a800, 0x000002665719d000,
0x00000266571a1000, 0x000002665719f800, 0x000002665719c000, 0x000002665719e000,
0x00000266571a2800, 0x00000266571a3800, 0x000002665719e800, 0x00000266571a5000,
0x00000266571a6000, 0x00000266571a8800, 0x00000266571a7800, 0x00000266571a9800,
0x000002665484c800, 0x0000026654848800, 0x000002665484a000, 0x0000026654849000,
0x000002665484a800, 0x0000026654846800, 0x000002665484d000, 0x000002665484f000,
0x000002665484e000, 0x000002665484f800, 0x000002665484b800, 0x0000026654850800
}

Java Threads: ( => current thread )
  0x0000026637b7c800 JavaThread "main" [_thread_blocked, id=3440, stack(0x000000e7d1a00000,0x000000e7d1b00000)]
  0x000002665047c800 JavaThread "Reference Handler" daemon [_thread_blocked, id=11140, stack(0x000000e7d2100000,0x000000e7d2200000)]
  0x000002665047d000 JavaThread "Finalizer" daemon [_thread_blocked, id=13004, stack(0x000000e7d2200000,0x000000e7d2300000)]
  0x000002665049b800 JavaThread "Signal Dispatcher" daemon [_thread_blocked, id=3524, stack(0x000000e7d2300000,0x000000e7d2400000)]
  0x000002665049c000 JavaThread "Attach Listener" daemon [_thread_blocked, id=4356, stack(0x000000e7d2400000,0x000000e7d2500000)]
  0x000002665049d000 JavaThread "Service Thread" daemon [_thread_blocked, id=9608, stack(0x000000e7d2500000,0x000000e7d2600000)]
=>0x00000266504ab800 JavaThread "C2 CompilerThread0" daemon [_thread_in_native, id=5268, stack(0x000000e7d2600000,0x000000e7d2700000)]
  0x00000266504af800 JavaThread "C1 CompilerThread0" daemon [_thread_blocked, id=10388, stack(0x000000e7d2700000,0x000000e7d2800000)]
  0x00000266504b3000 JavaThread "Sweeper thread" daemon [_thread_blocked, id=6484, stack(0x000000e7d2800000,0x000000e7d2900000)]
  0x0000026650f9d000 JavaThread "Common-Cleaner" daemon [_thread_blocked, id=4948, stack(0x000000e7d2900000,0x000000e7d2a00000)]
  0x0000026653968000 JavaThread "Daemon health stats" [_thread_blocked, id=1060, stack(0x000000e7d2e00000,0x000000e7d2f00000)]
  0x0000026651c20800 JavaThread "Incoming local TCP Connector on port 51114" [_thread_in_native, id=13288, stack(0x000000e7d2d00000,0x000000e7d2e00000)]
  0x0000026653050800 JavaThread "Daemon periodic checks" [_thread_blocked, id=8692, stack(0x000000e7d2f00000,0x000000e7d3000000)]
  0x0000026653533000 JavaThread "Cache worker for journal cache (C:\Users\loja\.gradle\caches\journal-1)" [_thread_blocked, id=3792, stack(0x000000e7d3800000,0x000000e7d3900000)]
  0x0000026653536000 JavaThread "File lock request listener" [_thread_in_native, id=11708, stack(0x000000e7d3900000,0x000000e7d3a00000)]
  0x0000026653538800 JavaThread "Cache worker for file hash cache (C:\Users\loja\.gradle\caches\7.4\fileHashes)" [_thread_blocked, id=10468, stack(0x000000e7d3a00000,0x000000e7d3b00000)]
  0x0000026653539800 JavaThread "File watcher server" daemon [_thread_in_native, id=10632, stack(0x000000e7d3c00000,0x000000e7d3d00000)]
  0x0000026653534800 JavaThread "File watcher consumer" daemon [_thread_blocked, id=12364, stack(0x000000e7d3d00000,0x000000e7d3e00000)]
  0x0000026654846000 JavaThread "Cache worker for execution history cache (C:\Users\loja\.gradle\caches\7.4\executionHistory)" [_thread_blocked, id=780, stack(0x000000e7d4200000,0x000000e7d4300000)]
  0x0000026654842800 JavaThread "jar transforms" [_thread_blocked, id=10488, stack(0x000000e7d4300000,0x000000e7d4400000)]
  0x0000026654847800 JavaThread "jar transforms Thread 2" [_thread_blocked, id=3216, stack(0x000000e7d4400000,0x000000e7d4500000)]
  0x0000026654845000 JavaThread "Cache worker for file content cache (C:\Users\loja\.gradle\caches\7.4\fileContent)" [_thread_blocked, id=11212, stack(0x000000e7d4500000,0x000000e7d4600000)]
  0x0000026654841800 JavaThread "jar transforms Thread 3" [_thread_blocked, id=12732, stack(0x000000e7d4600000,0x000000e7d4700000)]
  0x0000026654844000 JavaThread "jar transforms Thread 4" [_thread_blocked, id=10572, stack(0x000000e7d4700000,0x000000e7d4800000)]
  0x00000266571a7000 JavaThread "Memory manager" [_thread_blocked, id=4812, stack(0x000000e7d7200000,0x000000e7d7300000)]
  0x00000266571a2000 JavaThread "pool-3-thread-1" [_thread_blocked, id=4368, stack(0x000000e7d7400000,0x000000e7d7500000)]
  0x000002665386a800 JavaThread "pool-7-thread-1" [_thread_blocked, id=2788, stack(0x000000e7d7000000,0x000000e7d7100000)]
  0x000002665b1eb000 JavaThread "ForkJoinPool.commonPool-worker-5" daemon [_thread_blocked, id=556, stack(0x000000e7d8200000,0x000000e7d8300000)]
  0x000002665386b800 JavaThread "Daemon Thread 3" [_thread_blocked, id=10404, stack(0x000000e7d1800000,0x000000e7d1900000)]
  0x0000026653866000 JavaThread "Handler for socket connection from /127.0.0.1:51114 to /127.0.0.1:52669" [_thread_in_native, id=7976, stack(0x000000e7d1900000,0x000000e7d1a00000)]
  0x000002665386c800 JavaThread "Cancel handler" [_thread_blocked, id=12100, stack(0x000000e7d3000000,0x000000e7d3100000)]
  0x0000026653869000 JavaThread "Daemon worker Thread 3" [_thread_blocked, id=11948, stack(0x000000e7d3100000,0x000000e7d3200000)]
  0x0000026653866800 JavaThread "Asynchronous log dispatcher for DefaultDaemonConnection: socket connection from /127.0.0.1:51114 to /127.0.0.1:52669" [_thread_blocked, id=8552, stack(0x000000e7d3200000,0x000000e7d3300000)]
  0x000002665386d000 JavaThread "Stdin handler" [_thread_blocked, id=13092, stack(0x000000e7d3300000,0x000000e7d3400000)]
  0x000002665386a000 JavaThread "Daemon client event forwarder" [_thread_blocked, id=8148, stack(0x000000e7d3400000,0x000000e7d3500000)]
  0x0000026653867800 JavaThread "Cache worker for checksums cache (D:\CURSO FLUTTER E DART\FOUR_FINANCES\PIT03GP04\android\.gradle\7.4\checksums)" [_thread_blocked, id=2672, stack(0x000000e7d3500000,0x000000e7d3600000)]
  0x000002665386e000 JavaThread "Cache worker for cache directory md-rule (C:\Users\loja\.gradle\caches\7.4\md-rule)" [_thread_blocked, id=7492, stack(0x000000e7d3600000,0x000000e7d3700000)]
  0x0000026653868000 JavaThread "Cache worker for file hash cache (D:\CURSO FLUTTER E DART\FOUR_FINANCES\PIT03GP04\android\.gradle\7.4\fileHashes)" [_thread_blocked, id=10464, stack(0x000000e7d3b00000,0x000000e7d3c00000)]
  0x000002665386f000 JavaThread "Cache worker for cache directory md-supplier (C:\Users\loja\.gradle\caches\7.4\md-supplier)" [_thread_blocked, id=11856, stack(0x000000e7d3e00000,0x000000e7d3f00000)]
  0x0000026653870800 JavaThread "Cache worker for dependencies-accessors (D:\CURSO FLUTTER E DART\FOUR_FINANCES\PIT03GP04\android\.gradle\7.4\dependencies-accessors)" [_thread_blocked, id=3060, stack(0x000000e7d3f00000,0x000000e7d4000000)]
  0x0000026653873000 JavaThread "Cache worker for Build Output Cleanup Cache (D:\CURSO FLUTTER E DART\FOUR_FINANCES\PIT03GP04\android\.gradle\buildOutputCleanup)" [_thread_blocked, id=9868, stack(0x000000e7d4000000,0x000000e7d4100000)]
  0x0000026653874800 JavaThread "Unconstrained build operations" [_thread_blocked, id=11100, stack(0x000000e7d4800000,0x000000e7d4900000)]
  0x0000026653871000 JavaThread "Unconstrained build operations Thread 2" [_thread_blocked, id=4048, stack(0x000000e7d4900000,0x000000e7d4a00000)]
  0x000002665386f800 JavaThread "Unconstrained build operations Thread 3" [_thread_blocked, id=6440, stack(0x000000e7d4a00000,0x000000e7d4b00000)]
  0x0000026653873800 JavaThread "Unconstrained build operations Thread 4" [_thread_blocked, id=8124, stack(0x000000e7d4b00000,0x000000e7d4c00000)]
  0x0000026653872000 JavaThread "Unconstrained build operations Thread 5" [_thread_blocked, id=8212, stack(0x000000e7d4c00000,0x000000e7d4d00000)]
  0x000002665b1ec800 JavaThread "Unconstrained build operations Thread 6" [_thread_blocked, id=9752, stack(0x000000e7d4d00000,0x000000e7d4e00000)]
  0x000002665b1ea000 JavaThread "Unconstrained build operations Thread 7" [_thread_blocked, id=3400, stack(0x000000e7d4e00000,0x000000e7d4f00000)]
  0x000002665b1ed800 JavaThread "Unconstrained build operations Thread 8" [_thread_blocked, id=2448, stack(0x000000e7d4f00000,0x000000e7d5000000)]
  0x000002665b1ee000 JavaThread "Unconstrained build operations Thread 9" [_thread_blocked, id=8896, stack(0x000000e7d5000000,0x000000e7d5100000)]
  0x000002665b1eb800 JavaThread "Unconstrained build operations Thread 10" [_thread_blocked, id=10444, stack(0x000000e7d5100000,0x000000e7d5200000)]
  0x000002665b1f4800 JavaThread "Unconstrained build operations Thread 11" [_thread_blocked, id=12872, stack(0x000000e7d5200000,0x000000e7d5300000)]
  0x000002665b1f4000 JavaThread "Unconstrained build operations Thread 12" [_thread_blocked, id=792, stack(0x000000e7d5300000,0x000000e7d5400000)]
  0x000002665b1f0000 JavaThread "Unconstrained build operations Thread 13" [_thread_blocked, id=10780, stack(0x000000e7d5400000,0x000000e7d5500000)]
  0x000002665b1ef000 JavaThread "Unconstrained build operations Thread 14" [_thread_blocked, id=1136, stack(0x000000e7d5500000,0x000000e7d5600000)]
  0x000002665b1f5800 JavaThread "Unconstrained build operations Thread 15" [_thread_blocked, id=9916, stack(0x000000e7d5600000,0x000000e7d5700000)]
  0x000002665b1f3000 JavaThread "Unconstrained build operations Thread 16" [_thread_blocked, id=3020, stack(0x000000e7d5700000,0x000000e7d5800000)]
  0x000002665b1f1800 JavaThread "Unconstrained build operations Thread 17" [_thread_blocked, id=5396, stack(0x000000e7d5800000,0x000000e7d5900000)]
  0x000002665b1f2800 JavaThread "Unconstrained build operations Thread 18" [_thread_blocked, id=820, stack(0x000000e7d5900000,0x000000e7d5a00000)]
  0x000002665b1f6800 JavaThread "Unconstrained build operations Thread 19" [_thread_blocked, id=1068, stack(0x000000e7d5a00000,0x000000e7d5b00000)]
  0x000002665b1f0800 JavaThread "Unconstrained build operations Thread 20" [_thread_blocked, id=1056, stack(0x000000e7d5b00000,0x000000e7d5c00000)]
  0x000002665b1f7000 JavaThread "Unconstrained build operations Thread 21" [_thread_blocked, id=1096, stack(0x000000e7d5c00000,0x000000e7d5d00000)]
  0x000002665b1f8000 JavaThread "Unconstrained build operations Thread 22" [_thread_blocked, id=11632, stack(0x000000e7d5d00000,0x000000e7d5e00000)]
  0x000002665b1f9000 JavaThread "Unconstrained build operations Thread 23" [_thread_blocked, id=2664, stack(0x000000e7d5e00000,0x000000e7d5f00000)]
  0x000002665719b800 JavaThread "Unconstrained build operations Thread 24" [_thread_blocked, id=12656, stack(0x000000e7d5f00000,0x000000e7d6000000)]
  0x00000266571a0800 JavaThread "Unconstrained build operations Thread 25" [_thread_blocked, id=1448, stack(0x000000e7d6000000,0x000000e7d6100000)]
  0x000002665719a800 JavaThread "Unconstrained build operations Thread 26" [_thread_blocked, id=8168, stack(0x000000e7d6100000,0x000000e7d6200000)]
  0x000002665719d000 JavaThread "Unconstrained build operations Thread 27" [_thread_blocked, id=10576, stack(0x000000e7d6200000,0x000000e7d6300000)]
  0x00000266571a1000 JavaThread "Unconstrained build operations Thread 28" [_thread_blocked, id=8840, stack(0x000000e7d6300000,0x000000e7d6400000)]
  0x000002665719f800 JavaThread "Unconstrained build operations Thread 29" [_thread_blocked, id=456, stack(0x000000e7d6400000,0x000000e7d6500000)]
  0x000002665719c000 JavaThread "Unconstrained build operations Thread 30" [_thread_blocked, id=11120, stack(0x000000e7d6500000,0x000000e7d6600000)]
  0x000002665719e000 JavaThread "Unconstrained build operations Thread 31" [_thread_blocked, id=9760, stack(0x000000e7d6600000,0x000000e7d6700000)]
  0x00000266571a2800 JavaThread "Unconstrained build operations Thread 32" [_thread_blocked, id=6244, stack(0x000000e7d6700000,0x000000e7d6800000)]
  0x00000266571a3800 JavaThread "Unconstrained build operations Thread 33" [_thread_blocked, id=1768, stack(0x000000e7d6800000,0x000000e7d6900000)]
  0x000002665719e800 JavaThread "Unconstrained build operations Thread 34" [_thread_blocked, id=11444, stack(0x000000e7d6900000,0x000000e7d6a00000)]
  0x00000266571a5000 JavaThread "Unconstrained build operations Thread 35" [_thread_blocked, id=8764, stack(0x000000e7d6a00000,0x000000e7d6b00000)]
  0x00000266571a6000 JavaThread "Unconstrained build operations Thread 36" [_thread_blocked, id=7732, stack(0x000000e7d6b00000,0x000000e7d6c00000)]
  0x00000266571a8800 JavaThread "Unconstrained build operations Thread 37" [_thread_blocked, id=5840, stack(0x000000e7d6c00000,0x000000e7d6d00000)]
  0x00000266571a7800 JavaThread "Unconstrained build operations Thread 38" [_thread_blocked, id=7952, stack(0x000000e7d6d00000,0x000000e7d6e00000)]
  0x00000266571a9800 JavaThread "Unconstrained build operations Thread 39" [_thread_blocked, id=8076, stack(0x000000e7d6e00000,0x000000e7d6f00000)]
  0x000002665484c800 JavaThread "Unconstrained build operations Thread 40" [_thread_blocked, id=1112, stack(0x000000e7d6f00000,0x000000e7d7000000)]
  0x0000026654848800 JavaThread "build event listener" [_thread_blocked, id=11840, stack(0x000000e7d7100000,0x000000e7d7200000)]
  0x000002665484a000 JavaThread "pool-11-thread-1" [_thread_blocked, id=12932, stack(0x000000e7d7300000,0x000000e7d7400000)]
  0x0000026654849000 JavaThread "build event listener" [_thread_blocked, id=2512, stack(0x000000e7d7500000,0x000000e7d7600000)]
  0x000002665484a800 JavaThread "included builds" [_thread_blocked, id=12644, stack(0x000000e7d7600000,0x000000e7d7700000)]
  0x0000026654846800 JavaThread "Execution worker for ':'" [_thread_blocked, id=12208, stack(0x000000e7d7700000,0x000000e7d7800000)]
  0x000002665484d000 JavaThread "Execution worker for ':' Thread 2" [_thread_blocked, id=6544, stack(0x000000e7d7800000,0x000000e7d7900000)]
  0x000002665484f000 JavaThread "Execution worker for ':' Thread 3" [_thread_blocked, id=788, stack(0x000000e7d7900000,0x000000e7d7a00000)]
  0x000002665484e000 JavaThread "Cache worker for execution history cache (D:\CURSO FLUTTER E DART\FOUR_FINANCES\PIT03GP04\android\.gradle\7.4\executionHistory)" [_thread_blocked, id=11716, stack(0x000000e7d7a00000,0x000000e7d7b00000)]
  0x000002665484f800 JavaThread "Exec process Thread 7" [_thread_in_native, id=11156, stack(0x000000e7d7b00000,0x000000e7d7c00000)]
  0x000002665484b800 JavaThread "Exec process Thread 8" [_thread_in_native, id=9248, stack(0x000000e7d7c00000,0x000000e7d7d00000)]
  0x0000026654850800 JavaThread "Exec process Thread 9" [_thread_in_native, id=8752, stack(0x000000e7d7d00000,0x000000e7d7e00000)]

Other Threads:
  0x0000026650455800 VMThread "VM Thread" [stack: 0x000000e7d2000000,0x000000e7d2100000] [id=11968]
  0x0000026650fb6000 WatcherThread [stack: 0x000000e7d2a00000,0x000000e7d2b00000] [id=12064]
  0x0000026637b95000 GCTaskThread "GC Thread#0" [stack: 0x000000e7d1b00000,0x000000e7d1c00000] [id=2204]
  0x00000266510da000 GCTaskThread "GC Thread#1" [stack: 0x000000e7d2b00000,0x000000e7d2c00000] [id=7044]
  0x00000266517dd000 GCTaskThread "GC Thread#2" [stack: 0x000000e7d2c00000,0x000000e7d2d00000] [id=2576]
  0x00000266535de800 GCTaskThread "GC Thread#3" [stack: 0x000000e7d3700000,0x000000e7d3800000] [id=4752]
  0x0000026637bbc000 ConcurrentGCThread "G1 Main Marker" [stack: 0x000000e7d1c00000,0x000000e7d1d00000] [id=5332]
  0x0000026637bbd800 ConcurrentGCThread "G1 Conc#0" [stack: 0x000000e7d1d00000,0x000000e7d1e00000] [id=12896]
  0x0000026637c4d800 ConcurrentGCThread "G1 Refine#0" [stack: 0x000000e7d1e00000,0x000000e7d1f00000] [id=11996]
  0x0000026637c4e800 ConcurrentGCThread "G1 Young RemSet Sampling" [stack: 0x000000e7d1f00000,0x000000e7d2000000] [id=5836]

Threads with active compile tasks:
C2 CompilerThread01773431 15518       4       org.gradle.internal.io.LineBufferingOutputStream::write (59 bytes)

VM state:not at safepoint (normal execution)

VM Mutex/Monitor currently owned by a thread: None

Heap address: 0x00000000a0000000, size: 1536 MB, Compressed Oops mode: 32-bit
Narrow klass base: 0x0000000000000000, Narrow klass shift: 3
Compressed class space size: 1073741824 Address: 0x0000000100000000

Heap:
 garbage-first heap   total 257024K, used 145539K [0x00000000a0000000, 0x0000000100000000)
  region size 1024K, 32 young (32768K), 5 survivors (5120K)
 Metaspace       used 105507K, capacity 108314K, committed 108880K, reserved 1144832K
  class space    used 13140K, capacity 14199K, committed 14336K, reserved 1048576K
Heap Regions: E=young(eden), S=young(survivor), O=old, HS=humongous(starts), HC=humongous(continues), CS=collection set, F=free, A=archive, TAMS=top-at-mark-start (previous, next)
|   0|0x00000000a0000000, 0x00000000a0100000, 0x00000000a0100000|100%|HS|  |TAMS 0x00000000a0100000, 0x00000000a0000000| Complete 
|   1|0x00000000a0100000, 0x00000000a0200000, 0x00000000a0200000|100%|HC|  |TAMS 0x00000000a0200000, 0x00000000a0100000| Complete 
|   2|0x00000000a0200000, 0x00000000a0300000, 0x00000000a0300000|100%|HC|  |TAMS 0x00000000a0300000, 0x00000000a0200000| Complete 
|   3|0x00000000a0300000, 0x00000000a0400000, 0x00000000a0400000|100%| O|  |TAMS 0x00000000a0400000, 0x00000000a0300000| Untracked 
|   4|0x00000000a0400000, 0x00000000a0500000, 0x00000000a0500000|100%| O|  |TAMS 0x00000000a0500000, 0x00000000a0400000| Untracked 
|   5|0x00000000a0500000, 0x00000000a0600000, 0x00000000a0600000|100%| O|  |TAMS 0x00000000a0600000, 0x00000000a0500000| Untracked 
|   6|0x00000000a0600000, 0x00000000a0700000, 0x00000000a0700000|100%| O|  |TAMS 0x00000000a0700000, 0x00000000a0600000| Untracked 
|   7|0x00000000a0700000, 0x00000000a0800000, 0x00000000a0800000|100%| O|  |TAMS 0x00000000a0800000, 0x00000000a0700000| Untracked 
|   8|0x00000000a0800000, 0x00000000a0900000, 0x00000000a0900000|100%| O|  |TAMS 0x00000000a0900000, 0x00000000a0800000| Untracked 
|   9|0x00000000a0900000, 0x00000000a0a00000, 0x00000000a0a00000|100%| O|  |TAMS 0x00000000a0a00000, 0x00000000a0900000| Complete 
|  10|0x00000000a0a00000, 0x00000000a0b00000, 0x00000000a0b00000|100%| O|  |TAMS 0x00000000a0b00000, 0x00000000a0a00000| Untracked 
|  11|0x00000000a0b00000, 0x00000000a0c00000, 0x00000000a0c00000|100%| O|  |TAMS 0x00000000a0c00000, 0x00000000a0b00000| Untracked 
|  12|0x00000000a0c00000, 0x00000000a0d00000, 0x00000000a0d00000|100%| O|  |TAMS 0x00000000a0d00000, 0x00000000a0c00000| Untracked 
|  13|0x00000000a0d00000, 0x00000000a0e00000, 0x00000000a0e00000|100%| O|  |TAMS 0x00000000a0e00000, 0x00000000a0d00000| Untracked 
|  14|0x00000000a0e00000, 0x00000000a0f00000, 0x00000000a0f00000|100%| O|  |TAMS 0x00000000a0f00000, 0x00000000a0e00000| Complete 
|  15|0x00000000a0f00000, 0x00000000a1000000, 0x00000000a1000000|100%| O|  |TAMS 0x00000000a1000000, 0x00000000a0f00000| Complete 
|  16|0x00000000a1000000, 0x00000000a1100000, 0x00000000a1100000|100%| O|  |TAMS 0x00000000a1100000, 0x00000000a1000000| Complete 
|  17|0x00000000a1100000, 0x00000000a1200000, 0x00000000a1200000|100%|HS|  |TAMS 0x00000000a1200000, 0x00000000a1100000| Complete 
|  18|0x00000000a1200000, 0x00000000a1300000, 0x00000000a1300000|100%| O|  |TAMS 0x00000000a1300000, 0x00000000a1200000| Complete 
|  19|0x00000000a1300000, 0x00000000a1400000, 0x00000000a1400000|100%| O|  |TAMS 0x00000000a1400000, 0x00000000a1300000| Complete 
|  20|0x00000000a1400000, 0x00000000a1500000, 0x00000000a1500000|100%| O|  |TAMS 0x00000000a1500000, 0x00000000a1400000| Untracked 
|  21|0x00000000a1500000, 0x00000000a1600000, 0x00000000a1600000|100%| O|  |TAMS 0x00000000a1600000, 0x00000000a1500000| Complete 
|  22|0x00000000a1600000, 0x00000000a1700000, 0x00000000a1700000|100%| O|  |TAMS 0x00000000a1700000, 0x00000000a1600000| Complete 
|  23|0x00000000a1700000, 0x00000000a1800000, 0x00000000a1800000|100%| O|  |TAMS 0x00000000a1800000, 0x00000000a1700000| Complete 
|  24|0x00000000a1800000, 0x00000000a1900000, 0x00000000a1900000|100%|HS|  |TAMS 0x00000000a1900000, 0x00000000a1800000| Complete 
|  25|0x00000000a1900000, 0x00000000a1a00000, 0x00000000a1a00000|100%|HS|  |TAMS 0x00000000a1a00000, 0x00000000a1900000| Complete 
|  26|0x00000000a1a00000, 0x00000000a1b00000, 0x00000000a1b00000|100%|HS|  |TAMS 0x00000000a1b00000, 0x00000000a1a00000| Complete 
|  27|0x00000000a1b00000, 0x00000000a1c00000, 0x00000000a1c00000|100%|HS|  |TAMS 0x00000000a1c00000, 0x00000000a1b00000| Complete 
|  28|0x00000000a1c00000, 0x00000000a1d00000, 0x00000000a1d00000|100%|HC|  |TAMS 0x00000000a1d00000, 0x00000000a1c00000| Complete 
|  29|0x00000000a1d00000, 0x00000000a1e00000, 0x00000000a1e00000|100%|HC|  |TAMS 0x00000000a1e00000, 0x00000000a1d00000| Complete 
|  30|0x00000000a1e00000, 0x00000000a1f00000, 0x00000000a1f00000|100%|HS|  |TAMS 0x00000000a1f00000, 0x00000000a1e00000| Complete 
|  31|0x00000000a1f00000, 0x00000000a2000000, 0x00000000a2000000|100%|HC|  |TAMS 0x00000000a2000000, 0x00000000a1f00000| Complete 
|  32|0x00000000a2000000, 0x00000000a2100000, 0x00000000a2100000|100%| O|  |TAMS 0x00000000a2100000, 0x00000000a2000000| Complete 
|  33|0x00000000a2100000, 0x00000000a2200000, 0x00000000a2200000|100%| O|  |TAMS 0x00000000a2200000, 0x00000000a2100000| Untracked 
|  34|0x00000000a2200000, 0x00000000a2300000, 0x00000000a2300000|100%| O|  |TAMS 0x00000000a2300000, 0x00000000a2200000| Untracked 
|  35|0x00000000a2300000, 0x00000000a2400000, 0x00000000a2400000|100%| O|  |TAMS 0x00000000a2400000, 0x00000000a2300000| Complete 
|  36|0x00000000a2400000, 0x00000000a2500000, 0x00000000a2500000|100%| O|  |TAMS 0x00000000a2500000, 0x00000000a2400000| Complete 
|  37|0x00000000a2500000, 0x00000000a2600000, 0x00000000a2600000|100%| O|  |TAMS 0x00000000a2600000, 0x00000000a2500000| Complete 
|  38|0x00000000a2600000, 0x00000000a2700000, 0x00000000a2700000|100%| O|  |TAMS 0x00000000a2700000, 0x00000000a2600000| Untracked 
|  39|0x00000000a2700000, 0x00000000a2800000, 0x00000000a2800000|100%| O|  |TAMS 0x00000000a2800000, 0x00000000a2700000| Untracked 
|  40|0x00000000a2800000, 0x00000000a2900000, 0x00000000a2900000|100%| O|  |TAMS 0x00000000a2900000, 0x00000000a2800000| Untracked 
|  41|0x00000000a2900000, 0x00000000a2a00000, 0x00000000a2a00000|100%| O|  |TAMS 0x00000000a2a00000, 0x00000000a2900000| Untracked 
|  42|0x00000000a2a00000, 0x00000000a2b00000, 0x00000000a2b00000|100%| O|  |TAMS 0x00000000a2b00000, 0x00000000a2a00000| Untracked 
|  43|0x00000000a2b00000, 0x00000000a2c00000, 0x00000000a2c00000|100%|HS|  |TAMS 0x00000000a2c00000, 0x00000000a2b00000| Complete 
|  44|0x00000000a2c00000, 0x00000000a2d00000, 0x00000000a2d00000|100%| O|  |TAMS 0x00000000a2d00000, 0x00000000a2c00000| Complete 
|  45|0x00000000a2d00000, 0x00000000a2e00000, 0x00000000a2e00000|100%| O|  |TAMS 0x00000000a2e00000, 0x00000000a2d00000| Complete 
|  46|0x00000000a2e00000, 0x00000000a2f00000, 0x00000000a2f00000|100%| O|  |TAMS 0x00000000a2f00000, 0x00000000a2e00000| Complete 
|  47|0x00000000a2f00000, 0x00000000a3000000, 0x00000000a3000000|100%| O|  |TAMS 0x00000000a3000000, 0x00000000a2f00000| Untracked 
|  48|0x00000000a3000000, 0x00000000a3100000, 0x00000000a3100000|100%| O|  |TAMS 0x00000000a3100000, 0x00000000a3000000| Complete 
|  49|0x00000000a3100000, 0x00000000a3200000, 0x00000000a3200000|100%| O|  |TAMS 0x00000000a3200000, 0x00000000a3100000| Complete 
|  50|0x00000000a3200000, 0x00000000a3300000, 0x00000000a3300000|100%| O|  |TAMS 0x00000000a3300000, 0x00000000a3200000| Complete 
|  51|0x00000000a3300000, 0x00000000a3400000, 0x00000000a3400000|100%|HS|  |TAMS 0x00000000a3400000, 0x00000000a3300000| Complete 
|  52|0x00000000a3400000, 0x00000000a3500000, 0x00000000a3500000|100%|HC|  |TAMS 0x00000000a3500000, 0x00000000a3400000| Complete 
|  53|0x00000000a3500000, 0x00000000a3600000, 0x00000000a3600000|100%| O|  |TAMS 0x00000000a3600000, 0x00000000a3500000| Complete 
|  54|0x00000000a3600000, 0x00000000a3700000, 0x00000000a3700000|100%| O|  |TAMS 0x00000000a3700000, 0x00000000a3600000| Untracked 
|  55|0x00000000a3700000, 0x00000000a3800000, 0x00000000a3800000|100%| O|  |TAMS 0x00000000a3800000, 0x00000000a3700000| Complete 
|  56|0x00000000a3800000, 0x00000000a3900000, 0x00000000a3900000|100%| O|  |TAMS 0x00000000a3900000, 0x00000000a3800000| Complete 
|  57|0x00000000a3900000, 0x00000000a3a00000, 0x00000000a3a00000|100%| O|  |TAMS 0x00000000a3a00000, 0x00000000a3900000| Complete 
|  58|0x00000000a3a00000, 0x00000000a3b00000, 0x00000000a3b00000|100%| O|  |TAMS 0x00000000a3b00000, 0x00000000a3a00000| Complete 
|  59|0x00000000a3b00000, 0x00000000a3c00000, 0x00000000a3c00000|100%| O|  |TAMS 0x00000000a3c00000, 0x00000000a3b00000| Complete 
|  60|0x00000000a3c00000, 0x00000000a3d00000, 0x00000000a3d00000|100%| O|  |TAMS 0x00000000a3d00000, 0x00000000a3c00000| Complete 
|  61|0x00000000a3d00000, 0x00000000a3e00000, 0x00000000a3e00000|100%| O|  |TAMS 0x00000000a3e00000, 0x00000000a3d00000| Untracked 
|  62|0x00000000a3e00000, 0x00000000a3f00000, 0x00000000a3f00000|100%| O|  |TAMS 0x00000000a3f00000, 0x00000000a3e00000| Untracked 
|  63|0x00000000a3f00000, 0x00000000a4000000, 0x00000000a4000000|100%| O|  |TAMS 0x00000000a4000000, 0x00000000a3f00000| Untracked 
|  64|0x00000000a4000000, 0x00000000a4100000, 0x00000000a4100000|100%| O|  |TAMS 0x00000000a4100000, 0x00000000a4000000| Untracked 
|  65|0x00000000a4100000, 0x00000000a4200000, 0x00000000a4200000|100%| O|  |TAMS 0x00000000a4200000, 0x00000000a4100000| Complete 
|  66|0x00000000a4200000, 0x00000000a4300000, 0x00000000a4300000|100%| O|  |TAMS 0x00000000a4300000, 0x00000000a4200000| Complete 
|  67|0x00000000a4300000, 0x00000000a4400000, 0x00000000a4400000|100%| O|  |TAMS 0x00000000a4400000, 0x00000000a4300000| Complete 
|  68|0x00000000a4400000, 0x00000000a4500000, 0x00000000a4500000|100%| O|  |TAMS 0x00000000a4500000, 0x00000000a4400000| Complete 
|  69|0x00000000a4500000, 0x00000000a4600000, 0x00000000a4600000|100%| O|  |TAMS 0x00000000a4600000, 0x00000000a4500000| Complete 
|  70|0x00000000a4600000, 0x00000000a4700000, 0x00000000a4700000|100%| O|  |TAMS 0x00000000a4700000, 0x00000000a4600000| Untracked 
|  71|0x00000000a4700000, 0x00000000a4800000, 0x00000000a4800000|100%| O|  |TAMS 0x00000000a4800000, 0x00000000a4700000| Complete 
|  72|0x00000000a4800000, 0x00000000a4900000, 0x00000000a4900000|100%| O|  |TAMS 0x00000000a4900000, 0x00000000a4800000| Untracked 
|  73|0x00000000a4900000, 0x00000000a4a00000, 0x00000000a4a00000|100%| O|  |TAMS 0x00000000a4a00000, 0x00000000a4900000| Complete 
|  74|0x00000000a4a00000, 0x00000000a4b00000, 0x00000000a4b00000|100%| O|  |TAMS 0x00000000a4b00000, 0x00000000a4a00000| Complete 
|  75|0x00000000a4b00000, 0x00000000a4c00000, 0x00000000a4c00000|100%| O|  |TAMS 0x00000000a4c00000, 0x00000000a4b00000| Complete 
|  76|0x00000000a4c00000, 0x00000000a4d00000, 0x00000000a4d00000|100%| O|  |TAMS 0x00000000a4d00000, 0x00000000a4c00000| Complete 
|  77|0x00000000a4d00000, 0x00000000a4e00000, 0x00000000a4e00000|100%| O|  |TAMS 0x00000000a4e00000, 0x00000000a4d00000| Complete 
|  78|0x00000000a4e00000, 0x00000000a4e00000, 0x00000000a4f00000|  0%| F|  |TAMS 0x00000000a4e00000, 0x00000000a4e00000| Untracked 
|  79|0x00000000a4f00000, 0x00000000a5000000, 0x00000000a5000000|100%| O|  |TAMS 0x00000000a5000000, 0x00000000a4f00000| Complete 
|  80|0x00000000a5000000, 0x00000000a5100000, 0x00000000a5100000|100%| O|  |TAMS 0x00000000a5100000, 0x00000000a5000000| Complete 
|  81|0x00000000a5100000, 0x00000000a5200000, 0x00000000a5200000|100%| O|  |TAMS 0x00000000a5200000, 0x00000000a5100000| Complete 
|  82|0x00000000a5200000, 0x00000000a5300000, 0x00000000a5300000|100%| O|  |TAMS 0x00000000a5300000, 0x00000000a5200000| Complete 
|  83|0x00000000a5300000, 0x00000000a5400000, 0x00000000a5400000|100%| O|  |TAMS 0x00000000a5400000, 0x00000000a5300000| Complete 
|  84|0x00000000a5400000, 0x00000000a5500000, 0x00000000a5500000|100%| O|  |TAMS 0x00000000a5500000, 0x00000000a5400000| Complete 
|  85|0x00000000a5500000, 0x00000000a5600000, 0x00000000a5600000|100%| O|  |TAMS 0x00000000a5600000, 0x00000000a5500000| Complete 
|  86|0x00000000a5600000, 0x00000000a5700000, 0x00000000a5700000|100%| O|  |TAMS 0x00000000a5700000, 0x00000000a5600000| Untracked 
|  87|0x00000000a5700000, 0x00000000a5800000, 0x00000000a5800000|100%| O|  |TAMS 0x00000000a5800000, 0x00000000a5700000| Untracked 
|  88|0x00000000a5800000, 0x00000000a5900000, 0x00000000a5900000|100%| O|  |TAMS 0x00000000a5900000, 0x00000000a5800000| Complete 
|  89|0x00000000a5900000, 0x00000000a5a00000, 0x00000000a5a00000|100%| O|  |TAMS 0x00000000a5a00000, 0x00000000a5900000| Complete 
|  90|0x00000000a5a00000, 0x00000000a5b00000, 0x00000000a5b00000|100%| O|  |TAMS 0x00000000a5b00000, 0x00000000a5a00000| Complete 
|  91|0x00000000a5b00000, 0x00000000a5c00000, 0x00000000a5c00000|100%| O|  |TAMS 0x00000000a5c00000, 0x00000000a5b00000| Complete 
|  92|0x00000000a5c00000, 0x00000000a5d00000, 0x00000000a5d00000|100%| O|  |TAMS 0x00000000a5d00000, 0x00000000a5c00000| Complete 
|  93|0x00000000a5d00000, 0x00000000a5e00000, 0x00000000a5e00000|100%| O|  |TAMS 0x00000000a5e00000, 0x00000000a5d00000| Complete 
|  94|0x00000000a5e00000, 0x00000000a5f00000, 0x00000000a5f00000|100%| O|  |TAMS 0x00000000a5f00000, 0x00000000a5e00000| Complete 
|  95|0x00000000a5f00000, 0x00000000a6000000, 0x00000000a6000000|100%| O|  |TAMS 0x00000000a6000000, 0x00000000a5f00000| Complete 
|  96|0x00000000a6000000, 0x00000000a6100000, 0x00000000a6100000|100%| O|  |TAMS 0x00000000a6100000, 0x00000000a6000000| Complete 
|  97|0x00000000a6100000, 0x00000000a6200000, 0x00000000a6200000|100%| O|  |TAMS 0x00000000a6200000, 0x00000000a6100000| Untracked 
|  98|0x00000000a6200000, 0x00000000a6300000, 0x00000000a6300000|100%| O|  |TAMS 0x00000000a6300000, 0x00000000a6200000| Untracked 
|  99|0x00000000a6300000, 0x00000000a6400000, 0x00000000a6400000|100%| O|  |TAMS 0x00000000a6400000, 0x00000000a6300000| Untracked 
| 100|0x00000000a6400000, 0x00000000a6500000, 0x00000000a6500000|100%| O|  |TAMS 0x00000000a6500000, 0x00000000a6400000| Untracked 
| 101|0x00000000a6500000, 0x00000000a6600000, 0x00000000a6600000|100%| O|  |TAMS 0x00000000a6600000, 0x00000000a6500000| Untracked 
| 102|0x00000000a6600000, 0x00000000a6700000, 0x00000000a6700000|100%| O|  |TAMS 0x00000000a6700000, 0x00000000a6600000| Untracked 
| 103|0x00000000a6700000, 0x00000000a6800000, 0x00000000a6800000|100%| O|  |TAMS 0x00000000a6800000, 0x00000000a6700000| Complete 
| 104|0x00000000a6800000, 0x00000000a6900000, 0x00000000a6900000|100%| O|  |TAMS 0x00000000a6900000, 0x00000000a6800000| Complete 
| 105|0x00000000a6900000, 0x00000000a6900000, 0x00000000a6a00000|  0%| F|  |TAMS 0x00000000a6900000, 0x00000000a6900000| Untracked 
| 106|0x00000000a6a00000, 0x00000000a6a00000, 0x00000000a6b00000|  0%| F|  |TAMS 0x00000000a6a00000, 0x00000000a6a00000| Untracked 
| 107|0x00000000a6b00000, 0x00000000a6b00000, 0x00000000a6c00000|  0%| F|  |TAMS 0x00000000a6b00000, 0x00000000a6b00000| Untracked 
| 108|0x00000000a6c00000, 0x00000000a6c00000, 0x00000000a6d00000|  0%| F|  |TAMS 0x00000000a6c00000, 0x00000000a6c00000| Untracked 
| 109|0x00000000a6d00000, 0x00000000a6d00000, 0x00000000a6e00000|  0%| F|  |TAMS 0x00000000a6d00000, 0x00000000a6d00000| Untracked 
| 110|0x00000000a6e00000, 0x00000000a6e00000, 0x00000000a6f00000|  0%| F|  |TAMS 0x00000000a6e00000, 0x00000000a6e00000| Untracked 
| 111|0x00000000a6f00000, 0x00000000a7000000, 0x00000000a7000000|100%| O|  |TAMS 0x00000000a7000000, 0x00000000a6f00000| Complete 
| 112|0x00000000a7000000, 0x00000000a7100000, 0x00000000a7100000|100%| O|  |TAMS 0x00000000a7100000, 0x00000000a7000000| Complete 
| 113|0x00000000a7100000, 0x00000000a7200000, 0x00000000a7200000|100%| O|  |TAMS 0x00000000a7200000, 0x00000000a7100000| Complete 
| 114|0x00000000a7200000, 0x00000000a7300000, 0x00000000a7300000|100%| O|  |TAMS 0x00000000a7300000, 0x00000000a7200000| Complete 
| 115|0x00000000a7300000, 0x00000000a7300000, 0x00000000a7400000|  0%| F|  |TAMS 0x00000000a7300000, 0x00000000a7300000| Untracked 
| 116|0x00000000a7400000, 0x00000000a7400000, 0x00000000a7500000|  0%| F|  |TAMS 0x00000000a7400000, 0x00000000a7400000| Untracked 
| 117|0x00000000a7500000, 0x00000000a7600000, 0x00000000a7600000|100%| O|  |TAMS 0x00000000a7600000, 0x00000000a7500000| Complete 
| 118|0x00000000a7600000, 0x00000000a7600000, 0x00000000a7700000|  0%| F|  |TAMS 0x00000000a7600000, 0x00000000a7600000| Untracked 
| 119|0x00000000a7700000, 0x00000000a7700000, 0x00000000a7800000|  0%| F|  |TAMS 0x00000000a7700000, 0x00000000a7700000| Untracked 
| 120|0x00000000a7800000, 0x00000000a7800000, 0x00000000a7900000|  0%| F|  |TAMS 0x00000000a7800000, 0x00000000a7800000| Untracked 
| 121|0x00000000a7900000, 0x00000000a7900000, 0x00000000a7a00000|  0%| F|  |TAMS 0x00000000a7900000, 0x00000000a7900000| Untracked 
| 122|0x00000000a7a00000, 0x00000000a7a00000, 0x00000000a7b00000|  0%| F|  |TAMS 0x00000000a7a00000, 0x00000000a7a00000| Untracked 
| 123|0x00000000a7b00000, 0x00000000a7b00000, 0x00000000a7c00000|  0%| F|  |TAMS 0x00000000a7b00000, 0x00000000a7b00000| Untracked 
| 124|0x00000000a7c00000, 0x00000000a7c00000, 0x00000000a7d00000|  0%| F|  |TAMS 0x00000000a7c00000, 0x00000000a7c00000| Untracked 
| 125|0x00000000a7d00000, 0x00000000a7d00000, 0x00000000a7e00000|  0%| F|  |TAMS 0x00000000a7d00000, 0x00000000a7d00000| Untracked 
| 126|0x00000000a7e00000, 0x00000000a7e00000, 0x00000000a7f00000|  0%| F|  |TAMS 0x00000000a7e00000, 0x00000000a7e00000| Untracked 
| 127|0x00000000a7f00000, 0x00000000a7f00000, 0x00000000a8000000|  0%| F|  |TAMS 0x00000000a7f00000, 0x00000000a7f00000| Untracked 
| 128|0x00000000a8000000, 0x00000000a8000000, 0x00000000a8100000|  0%| F|  |TAMS 0x00000000a8000000, 0x00000000a8000000| Untracked 
| 129|0x00000000a8100000, 0x00000000a8100000, 0x00000000a8200000|  0%| F|  |TAMS 0x00000000a8100000, 0x00000000a8100000| Untracked 
| 130|0x00000000a8200000, 0x00000000a8200000, 0x00000000a8300000|  0%| F|  |TAMS 0x00000000a8200000, 0x00000000a8200000| Untracked 
| 131|0x00000000a8300000, 0x00000000a8300000, 0x00000000a8400000|  0%| F|  |TAMS 0x00000000a8300000, 0x00000000a8300000| Untracked 
| 132|0x00000000a8400000, 0x00000000a8400000, 0x00000000a8500000|  0%| F|  |TAMS 0x00000000a8400000, 0x00000000a8400000| Untracked 
| 133|0x00000000a8500000, 0x00000000a8500000, 0x00000000a8600000|  0%| F|  |TAMS 0x00000000a8500000, 0x00000000a8500000| Untracked 
| 134|0x00000000a8600000, 0x00000000a8600000, 0x00000000a8700000|  0%| F|  |TAMS 0x00000000a8600000, 0x00000000a8600000| Untracked 
| 135|0x00000000a8700000, 0x00000000a8700000, 0x00000000a8800000|  0%| F|  |TAMS 0x00000000a8700000, 0x00000000a8700000| Untracked 
| 136|0x00000000a8800000, 0x00000000a8800000, 0x00000000a8900000|  0%| F|  |TAMS 0x00000000a8800000, 0x00000000a8800000| Untracked 
| 137|0x00000000a8900000, 0x00000000a8900000, 0x00000000a8a00000|  0%| F|  |TAMS 0x00000000a8900000, 0x00000000a8900000| Untracked 
| 138|0x00000000a8a00000, 0x00000000a8a00000, 0x00000000a8b00000|  0%| F|  |TAMS 0x00000000a8a00000, 0x00000000a8a00000| Untracked 
| 139|0x00000000a8b00000, 0x00000000a8b00000, 0x00000000a8c00000|  0%| F|  |TAMS 0x00000000a8b00000, 0x00000000a8b00000| Untracked 
| 140|0x00000000a8c00000, 0x00000000a8c00000, 0x00000000a8d00000|  0%| F|  |TAMS 0x00000000a8c00000, 0x00000000a8c00000| Untracked 
| 141|0x00000000a8d00000, 0x00000000a8d00000, 0x00000000a8e00000|  0%| F|  |TAMS 0x00000000a8d00000, 0x00000000a8d00000| Untracked 
| 142|0x00000000a8e00000, 0x00000000a8e00000, 0x00000000a8f00000|  0%| F|  |TAMS 0x00000000a8e00000, 0x00000000a8e00000| Untracked 
| 143|0x00000000a8f00000, 0x00000000a8f00000, 0x00000000a9000000|  0%| F|  |TAMS 0x00000000a8f00000, 0x00000000a8f00000| Untracked 
| 144|0x00000000a9000000, 0x00000000a9100000, 0x00000000a9100000|100%| O|  |TAMS 0x00000000a9100000, 0x00000000a9000000| Complete 
| 145|0x00000000a9100000, 0x00000000a9100000, 0x00000000a9200000|  0%| F|  |TAMS 0x00000000a9100000, 0x00000000a9100000| Untracked 
| 146|0x00000000a9200000, 0x00000000a9200000, 0x00000000a9300000|  0%| F|  |TAMS 0x00000000a9200000, 0x00000000a9200000| Untracked 
| 147|0x00000000a9300000, 0x00000000a9300000, 0x00000000a9400000|  0%| F|  |TAMS 0x00000000a9300000, 0x00000000a9300000| Untracked 
| 148|0x00000000a9400000, 0x00000000a9400000, 0x00000000a9500000|  0%| F|  |TAMS 0x00000000a9400000, 0x00000000a9400000| Untracked 
| 149|0x00000000a9500000, 0x00000000a9500000, 0x00000000a9600000|  0%| F|  |TAMS 0x00000000a9500000, 0x00000000a9500000| Untracked 
| 150|0x00000000a9600000, 0x00000000a9600000, 0x00000000a9700000|  0%| F|  |TAMS 0x00000000a9600000, 0x00000000a9600000| Untracked 
| 151|0x00000000a9700000, 0x00000000a9700000, 0x00000000a9800000|  0%| F|  |TAMS 0x00000000a9700000, 0x00000000a9700000| Untracked 
| 152|0x00000000a9800000, 0x00000000a9800000, 0x00000000a9900000|  0%| F|  |TAMS 0x00000000a9800000, 0x00000000a9800000| Untracked 
| 153|0x00000000a9900000, 0x00000000a9900000, 0x00000000a9a00000|  0%| F|  |TAMS 0x00000000a9900000, 0x00000000a9900000| Untracked 
| 154|0x00000000a9a00000, 0x00000000a9a00000, 0x00000000a9b00000|  0%| F|  |TAMS 0x00000000a9a00000, 0x00000000a9a00000| Untracked 
| 155|0x00000000a9b00000, 0x00000000a9b00000, 0x00000000a9c00000|  0%| F|  |TAMS 0x00000000a9b00000, 0x00000000a9b00000| Untracked 
| 156|0x00000000a9c00000, 0x00000000a9c00000, 0x00000000a9d00000|  0%| F|  |TAMS 0x00000000a9c00000, 0x00000000a9c00000| Untracked 
| 157|0x00000000a9d00000, 0x00000000a9d00000, 0x00000000a9e00000|  0%| F|  |TAMS 0x00000000a9d00000, 0x00000000a9d00000| Untracked 
| 158|0x00000000a9e00000, 0x00000000a9e00000, 0x00000000a9f00000|  0%| F|  |TAMS 0x00000000a9e00000, 0x00000000a9e00000| Untracked 
| 159|0x00000000a9f00000, 0x00000000a9f00000, 0x00000000aa000000|  0%| F|  |TAMS 0x00000000a9f00000, 0x00000000a9f00000| Untracked 
| 160|0x00000000aa000000, 0x00000000aa000000, 0x00000000aa100000|  0%| F|  |TAMS 0x00000000aa000000, 0x00000000aa000000| Untracked 
| 161|0x00000000aa100000, 0x00000000aa100000, 0x00000000aa200000|  0%| F|  |TAMS 0x00000000aa100000, 0x00000000aa100000| Untracked 
| 162|0x00000000aa200000, 0x00000000aa200000, 0x00000000aa300000|  0%| F|  |TAMS 0x00000000aa200000, 0x00000000aa200000| Untracked 
| 163|0x00000000aa300000, 0x00000000aa300000, 0x00000000aa400000|  0%| F|  |TAMS 0x00000000aa300000, 0x00000000aa300000| Untracked 
| 164|0x00000000aa400000, 0x00000000aa400000, 0x00000000aa500000|  0%| F|  |TAMS 0x00000000aa400000, 0x00000000aa400000| Untracked 
| 165|0x00000000aa500000, 0x00000000aa500000, 0x00000000aa600000|  0%| F|  |TAMS 0x00000000aa500000, 0x00000000aa500000| Untracked 
| 166|0x00000000aa600000, 0x00000000aa600000, 0x00000000aa700000|  0%| F|  |TAMS 0x00000000aa600000, 0x00000000aa600000| Untracked 
| 167|0x00000000aa700000, 0x00000000aa700000, 0x00000000aa800000|  0%| F|  |TAMS 0x00000000aa700000, 0x00000000aa700000| Untracked 
| 168|0x00000000aa800000, 0x00000000aa800000, 0x00000000aa900000|  0%| F|  |TAMS 0x00000000aa800000, 0x00000000aa800000| Untracked 
| 169|0x00000000aa900000, 0x00000000aa900000, 0x00000000aaa00000|  0%| F|  |TAMS 0x00000000aa900000, 0x00000000aa900000| Untracked 
| 170|0x00000000aaa00000, 0x00000000aaa00000, 0x00000000aab00000|  0%| F|  |TAMS 0x00000000aaa00000, 0x00000000aaa00000| Untracked 
| 171|0x00000000aab00000, 0x00000000aab00000, 0x00000000aac00000|  0%| F|  |TAMS 0x00000000aab00000, 0x00000000aab00000| Untracked 
| 172|0x00000000aac00000, 0x00000000aac00000, 0x00000000aad00000|  0%| F|  |TAMS 0x00000000aac00000, 0x00000000aac00000| Untracked 
| 173|0x00000000aad00000, 0x00000000aad00000, 0x00000000aae00000|  0%| F|  |TAMS 0x00000000aad00000, 0x00000000aad00000| Untracked 
| 174|0x00000000aae00000, 0x00000000aae00000, 0x00000000aaf00000|  0%| F|  |TAMS 0x00000000aae00000, 0x00000000aae00000| Untracked 
| 175|0x00000000aaf00000, 0x00000000aaf00000, 0x00000000ab000000|  0%| F|  |TAMS 0x00000000aaf00000, 0x00000000aaf00000| Untracked 
| 176|0x00000000ab000000, 0x00000000ab000000, 0x00000000ab100000|  0%| F|  |TAMS 0x00000000ab000000, 0x00000000ab000000| Untracked 
| 177|0x00000000ab100000, 0x00000000ab100000, 0x00000000ab200000|  0%| F|  |TAMS 0x00000000ab100000, 0x00000000ab100000| Untracked 
| 178|0x00000000ab200000, 0x00000000ab200000, 0x00000000ab300000|  0%| F|  |TAMS 0x00000000ab200000, 0x00000000ab200000| Untracked 
| 179|0x00000000ab300000, 0x00000000ab300000, 0x00000000ab400000|  0%| F|  |TAMS 0x00000000ab300000, 0x00000000ab300000| Untracked 
| 180|0x00000000ab400000, 0x00000000ab400000, 0x00000000ab500000|  0%| F|  |TAMS 0x00000000ab400000, 0x00000000ab400000| Untracked 
| 181|0x00000000ab500000, 0x00000000ab500000, 0x00000000ab600000|  0%| F|  |TAMS 0x00000000ab500000, 0x00000000ab500000| Untracked 
| 182|0x00000000ab600000, 0x00000000ab600000, 0x00000000ab700000|  0%| F|  |TAMS 0x00000000ab600000, 0x00000000ab600000| Untracked 
| 183|0x00000000ab700000, 0x00000000ab7e8340, 0x00000000ab800000| 90%| S|CS|TAMS 0x00000000ab700000, 0x00000000ab700000| Complete 
| 184|0x00000000ab800000, 0x00000000ab900000, 0x00000000ab900000|100%| S|CS|TAMS 0x00000000ab800000, 0x00000000ab800000| Complete 
| 185|0x00000000ab900000, 0x00000000aba00000, 0x00000000aba00000|100%| S|CS|TAMS 0x00000000ab900000, 0x00000000ab900000| Complete 
| 186|0x00000000aba00000, 0x00000000abb00000, 0x00000000abb00000|100%| S|CS|TAMS 0x00000000aba00000, 0x00000000aba00000| Complete 
| 187|0x00000000abb00000, 0x00000000abc00000, 0x00000000abc00000|100%| S|CS|TAMS 0x00000000abb00000, 0x00000000abb00000| Complete 
| 188|0x00000000abc00000, 0x00000000abc00000, 0x00000000abd00000|  0%| F|  |TAMS 0x00000000abc00000, 0x00000000abc00000| Untracked 
| 189|0x00000000abd00000, 0x00000000abd00000, 0x00000000abe00000|  0%| F|  |TAMS 0x00000000abd00000, 0x00000000abd00000| Untracked 
| 190|0x00000000abe00000, 0x00000000abe00000, 0x00000000abf00000|  0%| F|  |TAMS 0x00000000abe00000, 0x00000000abe00000| Untracked 
| 191|0x00000000abf00000, 0x00000000abf00000, 0x00000000ac000000|  0%| F|  |TAMS 0x00000000abf00000, 0x00000000abf00000| Untracked 
| 192|0x00000000ac000000, 0x00000000ac000000, 0x00000000ac100000|  0%| F|  |TAMS 0x00000000ac000000, 0x00000000ac000000| Untracked 
| 193|0x00000000ac100000, 0x00000000ac100000, 0x00000000ac200000|  0%| F|  |TAMS 0x00000000ac100000, 0x00000000ac100000| Untracked 
| 194|0x00000000ac200000, 0x00000000ac200000, 0x00000000ac300000|  0%| F|  |TAMS 0x00000000ac200000, 0x00000000ac200000| Untracked 
| 195|0x00000000ac300000, 0x00000000ac300000, 0x00000000ac400000|  0%| F|  |TAMS 0x00000000ac300000, 0x00000000ac300000| Untracked 
| 196|0x00000000ac400000, 0x00000000ac400000, 0x00000000ac500000|  0%| F|  |TAMS 0x00000000ac400000, 0x00000000ac400000| Untracked 
| 197|0x00000000ac500000, 0x00000000ac500000, 0x00000000ac600000|  0%| F|  |TAMS 0x00000000ac500000, 0x00000000ac500000| Untracked 
| 198|0x00000000ac600000, 0x00000000ac600000, 0x00000000ac700000|  0%| F|  |TAMS 0x00000000ac600000, 0x00000000ac600000| Untracked 
| 199|0x00000000ac700000, 0x00000000ac700000, 0x00000000ac800000|  0%| F|  |TAMS 0x00000000ac700000, 0x00000000ac700000| Untracked 
| 200|0x00000000ac800000, 0x00000000ac800000, 0x00000000ac900000|  0%| F|  |TAMS 0x00000000ac800000, 0x00000000ac800000| Untracked 
| 201|0x00000000ac900000, 0x00000000ac900000, 0x00000000aca00000|  0%| F|  |TAMS 0x00000000ac900000, 0x00000000ac900000| Untracked 
| 202|0x00000000aca00000, 0x00000000aca00000, 0x00000000acb00000|  0%| F|  |TAMS 0x00000000aca00000, 0x00000000aca00000| Untracked 
| 203|0x00000000acb00000, 0x00000000acb00000, 0x00000000acc00000|  0%| F|  |TAMS 0x00000000acb00000, 0x00000000acb00000| Untracked 
| 204|0x00000000acc00000, 0x00000000acc00000, 0x00000000acd00000|  0%| F|  |TAMS 0x00000000acc00000, 0x00000000acc00000| Untracked 
| 205|0x00000000acd00000, 0x00000000acd00000, 0x00000000ace00000|  0%| F|  |TAMS 0x00000000acd00000, 0x00000000acd00000| Untracked 
| 206|0x00000000ace00000, 0x00000000ace00000, 0x00000000acf00000|  0%| F|  |TAMS 0x00000000ace00000, 0x00000000ace00000| Untracked 
| 207|0x00000000acf00000, 0x00000000acf00000, 0x00000000ad000000|  0%| F|  |TAMS 0x00000000acf00000, 0x00000000acf00000| Untracked 
| 208|0x00000000ad000000, 0x00000000ad000000, 0x00000000ad100000|  0%| F|  |TAMS 0x00000000ad000000, 0x00000000ad000000| Untracked 
| 209|0x00000000ad100000, 0x00000000ad100000, 0x00000000ad200000|  0%| F|  |TAMS 0x00000000ad100000, 0x00000000ad100000| Untracked 
| 210|0x00000000ad200000, 0x00000000ad200000, 0x00000000ad300000|  0%| F|  |TAMS 0x00000000ad200000, 0x00000000ad200000| Untracked 
| 211|0x00000000ad300000, 0x00000000ad300000, 0x00000000ad400000|  0%| F|  |TAMS 0x00000000ad300000, 0x00000000ad300000| Untracked 
| 212|0x00000000ad400000, 0x00000000ad400000, 0x00000000ad500000|  0%| F|  |TAMS 0x00000000ad400000, 0x00000000ad400000| Untracked 
| 213|0x00000000ad500000, 0x00000000ad500000, 0x00000000ad600000|  0%| F|  |TAMS 0x00000000ad500000, 0x00000000ad500000| Untracked 
| 214|0x00000000ad600000, 0x00000000ad600000, 0x00000000ad700000|  0%| F|  |TAMS 0x00000000ad600000, 0x00000000ad600000| Untracked 
| 215|0x00000000ad700000, 0x00000000ad700000, 0x00000000ad800000|  0%| F|  |TAMS 0x00000000ad700000, 0x00000000ad700000| Untracked 
| 216|0x00000000ad800000, 0x00000000ad800000, 0x00000000ad900000|  0%| F|  |TAMS 0x00000000ad800000, 0x00000000ad800000| Untracked 
| 217|0x00000000ad900000, 0x00000000ad900000, 0x00000000ada00000|  0%| F|  |TAMS 0x00000000ad900000, 0x00000000ad900000| Untracked 
| 218|0x00000000ada00000, 0x00000000ada00000, 0x00000000adb00000|  0%| F|  |TAMS 0x00000000ada00000, 0x00000000ada00000| Untracked 
| 219|0x00000000adb00000, 0x00000000adb00000, 0x00000000adc00000|  0%| F|  |TAMS 0x00000000adb00000, 0x00000000adb00000| Untracked 
| 220|0x00000000adc00000, 0x00000000adc00000, 0x00000000add00000|  0%| F|  |TAMS 0x00000000adc00000, 0x00000000adc00000| Untracked 
| 221|0x00000000add00000, 0x00000000adddf8e0, 0x00000000ade00000| 87%| E|  |TAMS 0x00000000add00000, 0x00000000add00000| Complete 
| 222|0x00000000ade00000, 0x00000000adf00000, 0x00000000adf00000|100%| E|CS|TAMS 0x00000000ade00000, 0x00000000ade00000| Complete 
| 223|0x00000000adf00000, 0x00000000ae000000, 0x00000000ae000000|100%| E|CS|TAMS 0x00000000adf00000, 0x00000000adf00000| Complete 
| 224|0x00000000ae000000, 0x00000000ae100000, 0x00000000ae100000|100%| E|CS|TAMS 0x00000000ae000000, 0x00000000ae000000| Complete 
| 225|0x00000000ae100000, 0x00000000ae200000, 0x00000000ae200000|100%| E|CS|TAMS 0x00000000ae100000, 0x00000000ae100000| Complete 
| 226|0x00000000ae200000, 0x00000000ae300000, 0x00000000ae300000|100%| E|CS|TAMS 0x00000000ae200000, 0x00000000ae200000| Complete 
| 227|0x00000000ae300000, 0x00000000ae400000, 0x00000000ae400000|100%| E|CS|TAMS 0x00000000ae300000, 0x00000000ae300000| Complete 
| 228|0x00000000ae400000, 0x00000000ae500000, 0x00000000ae500000|100%| E|CS|TAMS 0x00000000ae400000, 0x00000000ae400000| Complete 
| 229|0x00000000ae500000, 0x00000000ae600000, 0x00000000ae600000|100%| E|CS|TAMS 0x00000000ae500000, 0x00000000ae500000| Complete 
| 230|0x00000000ae600000, 0x00000000ae700000, 0x00000000ae700000|100%| E|CS|TAMS 0x00000000ae600000, 0x00000000ae600000| Complete 
| 231|0x00000000ae700000, 0x00000000ae800000, 0x00000000ae800000|100%| E|CS|TAMS 0x00000000ae700000, 0x00000000ae700000| Complete 
| 232|0x00000000ae800000, 0x00000000ae900000, 0x00000000ae900000|100%| E|  |TAMS 0x00000000ae800000, 0x00000000ae800000| Complete 
| 233|0x00000000ae900000, 0x00000000aea00000, 0x00000000aea00000|100%| E|CS|TAMS 0x00000000ae900000, 0x00000000ae900000| Complete 
| 234|0x00000000aea00000, 0x00000000aeb00000, 0x00000000aeb00000|100%| E|CS|TAMS 0x00000000aea00000, 0x00000000aea00000| Complete 
| 235|0x00000000aeb00000, 0x00000000aec00000, 0x00000000aec00000|100%| E|CS|TAMS 0x00000000aeb00000, 0x00000000aeb00000| Complete 
| 236|0x00000000aec00000, 0x00000000aed00000, 0x00000000aed00000|100%| E|CS|TAMS 0x00000000aec00000, 0x00000000aec00000| Complete 
| 237|0x00000000aed00000, 0x00000000aee00000, 0x00000000aee00000|100%| E|CS|TAMS 0x00000000aed00000, 0x00000000aed00000| Complete 
| 238|0x00000000aee00000, 0x00000000aef00000, 0x00000000aef00000|100%| E|CS|TAMS 0x00000000aee00000, 0x00000000aee00000| Complete 
| 239|0x00000000aef00000, 0x00000000af000000, 0x00000000af000000|100%| E|CS|TAMS 0x00000000aef00000, 0x00000000aef00000| Complete 
| 240|0x00000000af000000, 0x00000000af100000, 0x00000000af100000|100%| E|CS|TAMS 0x00000000af000000, 0x00000000af000000| Complete 
| 241|0x00000000af100000, 0x00000000af200000, 0x00000000af200000|100%| E|CS|TAMS 0x00000000af100000, 0x00000000af100000| Complete 
| 242|0x00000000af200000, 0x00000000af300000, 0x00000000af300000|100%| E|CS|TAMS 0x00000000af200000, 0x00000000af200000| Complete 
| 243|0x00000000af300000, 0x00000000af400000, 0x00000000af400000|100%| E|CS|TAMS 0x00000000af300000, 0x00000000af300000| Complete 
| 244|0x00000000af400000, 0x00000000af500000, 0x00000000af500000|100%| E|CS|TAMS 0x00000000af400000, 0x00000000af400000| Complete 
| 245|0x00000000af500000, 0x00000000af600000, 0x00000000af600000|100%| E|CS|TAMS 0x00000000af500000, 0x00000000af500000| Complete 
| 246|0x00000000af600000, 0x00000000af700000, 0x00000000af700000|100%| E|CS|TAMS 0x00000000af600000, 0x00000000af600000| Complete 
| 247|0x00000000af700000, 0x00000000af800000, 0x00000000af800000|100%| O|  |TAMS 0x00000000af800000, 0x00000000af700000| Untracked 
| 248|0x00000000af800000, 0x00000000af900000, 0x00000000af900000|100%| O|  |TAMS 0x00000000af900000, 0x00000000af800000| Complete 
| 249|0x00000000af900000, 0x00000000afa00000, 0x00000000afa00000|100%| E|CS|TAMS 0x00000000af900000, 0x00000000af900000| Complete 
| 250|0x00000000afa00000, 0x00000000afa38a00, 0x00000000afb00000| 22%| O|  |TAMS 0x00000000afa38a00, 0x00000000afa00000| Untracked 

Card table byte_map: [0x000002664a990000,0x000002664ac90000] _byte_map_base: 0x000002664a490000

Marking Bits (Prev, Next): (CMBitMap*) 0x0000026637bb53b0, (CMBitMap*) 0x0000026637bb5378
 Prev Bits: [0x000002664c790000, 0x000002664df90000)
 Next Bits: [0x000002664af90000, 0x000002664c790000)

Polling page: 0x0000026635b40000

Metaspace:

Usage:
  Non-class:     91.91 MB capacity,    90.20 MB ( 98%) used,     1.41 MB (  2%) free+waste,   307.63 KB ( <1%) overhead. 
      Class:     13.87 MB capacity,    12.83 MB ( 93%) used,   924.31 KB (  7%) free+waste,   134.63 KB ( <1%) overhead. 
       Both:    105.78 MB capacity,   103.03 MB ( 97%) used,     2.31 MB (  2%) free+waste,   442.25 KB ( <1%) overhead. 

Virtual space:
  Non-class space:       94.00 MB reserved,      92.33 MB ( 98%) committed 
      Class space:        1.00 GB reserved,      14.00 MB (  1%) committed 
             Both:        1.09 GB reserved,     106.33 MB ( 10%) committed 

Chunk freelists:
   Non-Class:  237.00 KB
       Class:  110.00 KB
        Both:  347.00 KB

MaxMetaspaceSize: 17179869184.00 GB
CompressedClassSpaceSize: 1.00 GB
Initial GC threshold: 20.80 MB
Current GC threshold: 176.80 MB
CDS: off

CodeHeap 'non-profiled nmethods': size=120064Kb used=10235Kb max_used=10235Kb free=109828Kb
 bounds [0x0000026643150000, 0x0000026643b50000, 0x000002664a690000]
CodeHeap 'profiled nmethods': size=120000Kb used=33959Kb max_used=33959Kb free=86040Kb
 bounds [0x000002663bc20000, 0x000002663dd50000, 0x0000026643150000]
CodeHeap 'non-nmethods': size=5696Kb used=2408Kb max_used=2468Kb free=3287Kb
 bounds [0x000002663b690000, 0x000002663b910000, 0x000002663bc20000]
 total_blobs=16366 nmethods=15435 adapters=842
 compilation: enabled
              stopped_count=0, restarted_count=0
 full_count=0

Compilation events (20 events):
Event: 1773.240 Thread 0x00000266504af800 15507       3       org.gradle.internal.io.StreamByteBuffer$StreamByteBufferOutputStream::write (22 bytes)
Event: 1773.241 Thread 0x00000266504af800 nmethod 15507 0x000002663dd47390 code [0x000002663dd47560, 0x000002663dd477c8]
Event: 1773.241 Thread 0x00000266504af800 15510       3       org.gradle.internal.io.LineBufferingOutputStream::endsWithLineSeparator (27 bytes)
Event: 1773.241 Thread 0x00000266504af800 nmethod 15510 0x000002663dd47990 code [0x000002663dd47b40, 0x000002663dd47cd8]
Event: 1773.241 Thread 0x00000266504af800 15509       3       org.gradle.internal.io.StreamByteBuffer$StreamByteBufferChunk::write (32 bytes)
Event: 1773.241 Thread 0x00000266504af800 nmethod 15509 0x000002663dd47d90 code [0x000002663dd47f40, 0x000002663dd480d8]
Event: 1773.241 Thread 0x00000266504af800 15508       3       org.gradle.internal.operations.DefaultBuildOperationAncestryTracker::progress (1 bytes)
Event: 1773.241 Thread 0x00000266504ab800 nmethod 15512 0x0000026643b4eb10 code [0x0000026643b4eca0, 0x0000026643b4ed38]
Event: 1773.241 Thread 0x00000266504af800 nmethod 15508 0x000002663dd48190 code [0x000002663dd48340, 0x000002663dd48438]
Event: 1773.249 Thread 0x00000266504af800 15513       3       org.gradle.internal.logging.text.AbstractStyledTextOutput::style (20 bytes)
Event: 1773.250 Thread 0x00000266504af800 nmethod 15513 0x000002663dd48510 code [0x000002663dd486e0, 0x000002663dd48948]
Event: 1773.250 Thread 0x00000266504af800 15514       3       org.gradle.internal.logging.text.AbstractLineChoppingStyledTextOutput$1::execute (9 bytes)
Event: 1773.250 Thread 0x00000266504af800 nmethod 15514 0x000002663dd48a10 code [0x000002663dd48be0, 0x000002663dd48de8]
Event: 1773.252 Thread 0x00000266504af800 15515       3       java.nio.charset.CharsetDecoder::<init> (10 bytes)
Event: 1773.252 Thread 0x00000266504af800 nmethod 15515 0x000002663dd48e90 code [0x000002663dd49040, 0x000002663dd49168]
Event: 1773.252 Thread 0x00000266504af800 15516       3       org.gradle.tooling.internal.provider.runner.ClientBuildEventGenerator::progress (36 bytes)
Event: 1773.253 Thread 0x00000266504af800 nmethod 15516 0x000002663dd49210 code [0x000002663dd49400, 0x000002663dd498a8]
Event: 1773.254 Thread 0x00000266504af800 15517       3       org.gradle.internal.io.StreamByteBuffer::hasRemaining (17 bytes)
Event: 1773.254 Thread 0x00000266504af800 nmethod 15517 0x000002663dd49a10 code [0x000002663dd49bc0, 0x000002663dd49e18]
Event: 1773.319 Thread 0x00000266504ab800 15518       4       org.gradle.internal.io.LineBufferingOutputStream::write (59 bytes)

GC Heap History (20 events):
Event: 49.680 GC heap before
{Heap before GC invocations=35 (full 0):
 garbage-first heap   total 223232K, used 193434K [0x00000000a0000000, 0x0000000100000000)
  region size 1024K, 25 young (25600K), 2 survivors (2048K)
 Metaspace       used 99566K, capacity 102374K, committed 102480K, reserved 1138688K
  class space    used 12765K, capacity 13824K, committed 13824K, reserved 1048576K
}
Event: 49.690 GC heap after
{Heap after GC invocations=36 (full 0):
 garbage-first heap   total 223232K, used 105755K [0x00000000a0000000, 0x0000000100000000)
  region size 1024K, 4 young (4096K), 4 survivors (4096K)
 Metaspace       used 99566K, capacity 102374K, committed 102480K, reserved 1138688K
  class space    used 12765K, capacity 13824K, committed 13824K, reserved 1048576K
}
Event: 51.199 GC heap before
{Heap before GC invocations=37 (full 0):
 garbage-first heap   total 223232K, used 121115K [0x00000000a0000000, 0x0000000100000000)
  region size 1024K, 21 young (21504K), 4 survivors (4096K)
 Metaspace       used 100118K, capacity 102924K, committed 103120K, reserved 1138688K
  class space    used 12842K, capacity 13899K, committed 13952K, reserved 1048576K
}
Event: 51.211 GC heap after
{Heap after GC invocations=38 (full 0):
 garbage-first heap   total 223232K, used 106286K [0x00000000a0000000, 0x0000000100000000)
  region size 1024K, 5 young (5120K), 5 survivors (5120K)
 Metaspace       used 100118K, capacity 102924K, committed 103120K, reserved 1138688K
  class space    used 12842K, capacity 13899K, committed 13952K, reserved 1048576K
}
Event: 51.839 GC heap before
{Heap before GC invocations=39 (full 0):
 garbage-first heap   total 223232K, used 151342K [0x00000000a0000000, 0x0000000100000000)
  region size 1024K, 6 young (6144K), 5 survivors (5120K)
 Metaspace       used 100130K, capacity 102924K, committed 103120K, reserved 1138688K
  class space    used 12843K, capacity 13899K, committed 13952K, reserved 1048576K
}
Event: 51.851 GC heap after
{Heap after GC invocations=40 (full 0):
 garbage-first heap   total 223232K, used 116809K [0x00000000a0000000, 0x0000000100000000)
  region size 1024K, 4 young (4096K), 4 survivors (4096K)
 Metaspace       used 100130K, capacity 102924K, committed 103120K, reserved 1138688K
  class space    used 12843K, capacity 13899K, committed 13952K, reserved 1048576K
}
Event: 52.411 GC heap before
{Heap before GC invocations=41 (full 0):
 garbage-first heap   total 223232K, used 168009K [0x00000000a0000000, 0x0000000100000000)
  region size 1024K, 5 young (5120K), 4 survivors (4096K)
 Metaspace       used 100130K, capacity 102924K, committed 103120K, reserved 1138688K
  class space    used 12843K, capacity 13899K, committed 13952K, reserved 1048576K
}
Event: 52.421 GC heap after
{Heap after GC invocations=42 (full 0):
 garbage-first heap   total 223232K, used 112464K [0x00000000a0000000, 0x0000000100000000)
  region size 1024K, 4 young (4096K), 4 survivors (4096K)
 Metaspace       used 100130K, capacity 102924K, committed 103120K, reserved 1138688K
  class space    used 12843K, capacity 13899K, committed 13952K, reserved 1048576K
}
Event: 854.611 GC heap before
{Heap before GC invocations=43 (full 0):
 garbage-first heap   total 223232K, used 194384K [0x00000000a0000000, 0x0000000100000000)
  region size 1024K, 52 young (53248K), 4 survivors (4096K)
 Metaspace       used 103959K, capacity 106833K, committed 107088K, reserved 1142784K
  class space    used 13154K, capacity 14237K, committed 14336K, reserved 1048576K
}
Event: 854.622 GC heap after
{Heap after GC invocations=44 (full 0):
 garbage-first heap   total 223232K, used 107181K [0x00000000a0000000, 0x0000000100000000)
  region size 1024K, 4 young (4096K), 4 survivors (4096K)
 Metaspace       used 103959K, capacity 106833K, committed 107088K, reserved 1142784K
  class space    used 13154K, capacity 14237K, committed 14336K, reserved 1048576K
}
Event: 979.179 GC heap before
{Heap before GC invocations=44 (full 0):
 garbage-first heap   total 223232K, used 163501K [0x00000000a0000000, 0x0000000100000000)
  region size 1024K, 59 young (60416K), 4 survivors (4096K)
 Metaspace       used 104719K, capacity 107646K, committed 107856K, reserved 1142784K
  class space    used 13167K, capacity 14262K, committed 14336K, reserved 1048576K
}
Event: 979.234 GC heap after
{Heap after GC invocations=45 (full 0):
 garbage-first heap   total 223232K, used 113573K [0x00000000a0000000, 0x0000000100000000)
  region size 1024K, 8 young (8192K), 8 survivors (8192K)
 Metaspace       used 104719K, capacity 107646K, committed 107856K, reserved 1142784K
  class space    used 13167K, capacity 14262K, committed 14336K, reserved 1048576K
}
Event: 992.502 GC heap before
{Heap before GC invocations=46 (full 0):
 garbage-first heap   total 223232K, used 147365K [0x00000000a0000000, 0x0000000100000000)
  region size 1024K, 43 young (44032K), 8 survivors (8192K)
 Metaspace       used 105064K, capacity 107986K, committed 108112K, reserved 1142784K
  class space    used 13174K, capacity 14273K, committed 14336K, reserved 1048576K
}
Event: 992.525 GC heap after
{Heap after GC invocations=47 (full 0):
 garbage-first heap   total 223232K, used 116197K [0x00000000a0000000, 0x0000000100000000)
  region size 1024K, 3 young (3072K), 3 survivors (3072K)
 Metaspace       used 105064K, capacity 107986K, committed 108112K, reserved 1142784K
  class space    used 13174K, capacity 14273K, committed 14336K, reserved 1048576K
}
Event: 995.124 GC heap before
{Heap before GC invocations=48 (full 0):
 garbage-first heap   total 223232K, used 221669K [0x00000000a0000000, 0x0000000100000000)
  region size 1024K, 25 young (25600K), 3 survivors (3072K)
 Metaspace       used 105157K, capacity 108068K, committed 108368K, reserved 1142784K
  class space    used 13175K, capacity 14276K, committed 14336K, reserved 1048576K
}
Event: 995.134 GC heap after
{Heap after GC invocations=49 (full 0):
 garbage-first heap   total 227328K, used 116729K [0x00000000a0000000, 0x0000000100000000)
  region size 1024K, 4 young (4096K), 4 survivors (4096K)
 Metaspace       used 105157K, capacity 108068K, committed 108368K, reserved 1142784K
  class space    used 13175K, capacity 14276K, committed 14336K, reserved 1048576K
}
Event: 997.089 GC heap before
{Heap before GC invocations=49 (full 0):
 garbage-first heap   total 251904K, used 249849K [0x00000000a0000000, 0x0000000100000000)
  region size 1024K, 8 young (8192K), 4 survivors (4096K)
 Metaspace       used 105162K, capacity 108068K, committed 108368K, reserved 1142784K
  class space    used 13175K, capacity 14276K, committed 14336K, reserved 1048576K
}
Event: 997.097 GC heap after
{Heap after GC invocations=50 (full 0):
 garbage-first heap   total 257024K, used 116137K [0x00000000a0000000, 0x0000000100000000)
  region size 1024K, 2 young (2048K), 2 survivors (2048K)
 Metaspace       used 105162K, capacity 108068K, committed 108368K, reserved 1142784K
  class space    used 13175K, capacity 14276K, committed 14336K, reserved 1048576K
}
Event: 1763.798 GC heap before
{Heap before GC invocations=50 (full 0):
 garbage-first heap   total 257024K, used 174505K [0x00000000a0000000, 0x0000000100000000)
  region size 1024K, 60 young (61440K), 2 survivors (2048K)
 Metaspace       used 105456K, capacity 108397K, committed 108624K, reserved 1144832K
  class space    used 13195K, capacity 14306K, committed 14336K, reserved 1048576K
}
Event: 1763.829 GC heap after
{Heap after GC invocations=51 (full 0):
 garbage-first heap   total 257024K, used 119939K [0x00000000a0000000, 0x0000000100000000)
  region size 1024K, 5 young (5120K), 5 survivors (5120K)
 Metaspace       used 105456K, capacity 108397K, committed 108624K, reserved 1144832K
  class space    used 13195K, capacity 14306K, committed 14336K, reserved 1048576K
}

Deoptimization events (20 events):
Event: 1764.283 Thread 0x0000026653869000 Uncommon trap: trap_request=0xffffffde fr.pc=0x00000266436cc3f8 relative=0x00000000000002f8
Event: 1764.283 Thread 0x0000026653869000 Uncommon trap: reason=class_check action=maybe_recompile pc=0x00000266436cc3f8 method=java.util.regex.Pattern$CharProperty.match(Ljava/util/regex/Matcher;ILjava/lang/CharSequence;)Z @ 21 c2
Event: 1764.283 Thread 0x0000026653869000 DEOPT PACKING pc=0x00000266436cc3f8 sp=0x000000e7d31f9b40
Event: 1764.283 Thread 0x0000026653869000 DEOPT UNPACKING pc=0x000002663b6da1af sp=0x000000e7d31f9b00 mode 2
Event: 1764.420 Thread 0x0000026653869000 DEOPT PACKING pc=0x000002663d9c9d30 sp=0x000000e7d31f8ec0
Event: 1764.420 Thread 0x0000026653869000 DEOPT UNPACKING pc=0x000002663b6da95e sp=0x000000e7d31f8400 mode 0
Event: 1764.425 Thread 0x0000026653869000 DEOPT PACKING pc=0x000002663ce74ca9 sp=0x000000e7d31f8f40
Event: 1764.425 Thread 0x0000026653869000 DEOPT UNPACKING pc=0x000002663b6da95e sp=0x000000e7d31f8408 mode 0
Event: 1764.425 Thread 0x0000026653869000 DEOPT PACKING pc=0x000002663d9c9d30 sp=0x000000e7d31f8df0
Event: 1764.425 Thread 0x0000026653869000 DEOPT UNPACKING pc=0x000002663b6da95e sp=0x000000e7d31f8330 mode 0
Event: 1764.428 Thread 0x0000026653869000 DEOPT PACKING pc=0x000002663ce74ca9 sp=0x000000e7d31f8f40
Event: 1764.428 Thread 0x0000026653869000 DEOPT UNPACKING pc=0x000002663b6da95e sp=0x000000e7d31f8408 mode 0
Event: 1773.234 Thread 0x000002665484b800 Uncommon trap: trap_request=0xffffff4d fr.pc=0x00000266439179d8 relative=0x00000000000010d8
Event: 1773.234 Thread 0x000002665484b800 Uncommon trap: reason=unstable_if action=reinterpret pc=0x00000266439179d8 method=org.gradle.internal.logging.text.AbstractLineChoppingStyledTextOutput$2.execute(Lorg/gradle/internal/logging/text/AbstractLineChoppingStyledTextOutput$StateContext;)V @ 34 c
Event: 1773.234 Thread 0x000002665484b800 DEOPT PACKING pc=0x00000266439179d8 sp=0x000000e7d7cfe2e0
Event: 1773.235 Thread 0x000002665484b800 DEOPT UNPACKING pc=0x000002663b6da1af sp=0x000000e7d7cfe138 mode 2
Event: 1773.241 Thread 0x000002665484b800 Uncommon trap: trap_request=0xffffff4d fr.pc=0x0000026643913cbc relative=0x00000000000003bc
Event: 1773.241 Thread 0x000002665484b800 Uncommon trap: reason=unstable_if action=reinterpret pc=0x0000026643913cbc method=org.gradle.internal.logging.text.AbstractLineChoppingStyledTextOutput$2.execute(Lorg/gradle/internal/logging/text/AbstractLineChoppingStyledTextOutput$StateContext;)V @ 34 c
Event: 1773.241 Thread 0x000002665484b800 DEOPT PACKING pc=0x0000026643913cbc sp=0x000000e7d7cfe2c0
Event: 1773.241 Thread 0x000002665484b800 DEOPT UNPACKING pc=0x000002663b6da1af sp=0x000000e7d7cfe148 mode 2

Classes redefined (0 events):
No events

Internal exceptions (20 events):
Event: 992.834 Thread 0x000002665386e000 Exception <a 'sun/nio/fs/WindowsException'{0x00000000ab301978}> (0x00000000ab301978) thrown at [./src/hotspot/share/prims/jni.cpp, line 616]
Event: 992.836 Thread 0x000002665386e000 Exception <a 'sun/nio/fs/WindowsException'{0x00000000ab303a08}> (0x00000000ab303a08) thrown at [./src/hotspot/share/prims/jni.cpp, line 616]
Event: 992.836 Thread 0x000002665386e000 Exception <a 'sun/nio/fs/WindowsException'{0x00000000ab303a88}> (0x00000000ab303a88) thrown at [./src/hotspot/share/prims/jni.cpp, line 616]
Event: 992.854 Thread 0x000002665386e000 Exception <a 'sun/nio/fs/WindowsException'{0x00000000ab306dc8}> (0x00000000ab306dc8) thrown at [./src/hotspot/share/prims/jni.cpp, line 616]
Event: 992.854 Thread 0x000002665386e000 Exception <a 'sun/nio/fs/WindowsException'{0x00000000ab306e48}> (0x00000000ab306e48) thrown at [./src/hotspot/share/prims/jni.cpp, line 616]
Event: 992.859 Thread 0x000002665386e000 Exception <a 'sun/nio/fs/WindowsException'{0x00000000ab398a10}> (0x00000000ab398a10) thrown at [./src/hotspot/share/prims/jni.cpp, line 616]
Event: 992.860 Thread 0x000002665386e000 Exception <a 'sun/nio/fs/WindowsException'{0x00000000ab3992e0}> (0x00000000ab3992e0) thrown at [./src/hotspot/share/prims/jni.cpp, line 616]
Event: 992.860 Thread 0x000002665386e000 Exception <a 'sun/nio/fs/WindowsException'{0x00000000ab399490}> (0x00000000ab399490) thrown at [./src/hotspot/share/prims/jni.cpp, line 616]
Event: 992.865 Thread 0x0000026653874800 Exception <a 'sun/nio/fs/WindowsException'{0x00000000ad982178}> (0x00000000ad982178) thrown at [./src/hotspot/share/prims/jni.cpp, line 616]
Event: 992.866 Thread 0x0000026653874800 Exception <a 'sun/nio/fs/WindowsException'{0x00000000ad982ad0}> (0x00000000ad982ad0) thrown at [./src/hotspot/share/prims/jni.cpp, line 616]
Event: 992.866 Thread 0x0000026653874800 Exception <a 'sun/nio/fs/WindowsException'{0x00000000ad982bb8}> (0x00000000ad982bb8) thrown at [./src/hotspot/share/prims/jni.cpp, line 616]
Event: 997.657 Thread 0x000002665b1eb800 Exception <a 'sun/nio/fs/WindowsException'{0x00000000af5f7318}> (0x00000000af5f7318) thrown at [./src/hotspot/share/prims/jni.cpp, line 616]
Event: 1763.007 Thread 0x0000026653869000 Exception <a 'sun/nio/fs/WindowsException'{0x00000000acbb4bf0}> (0x00000000acbb4bf0) thrown at [./src/hotspot/share/prims/jni.cpp, line 616]
Event: 1763.230 Thread 0x0000026653869000 Implicit null exception at 0x00000266439c357e to 0x00000266439c3690
Event: 1764.391 Thread 0x0000026653869000 Exception <a 'sun/nio/fs/WindowsException'{0x00000000af245590}> (0x00000000af245590) thrown at [./src/hotspot/share/prims/jni.cpp, line 616]
Event: 1764.411 Thread 0x0000026653869000 Exception <a 'sun/nio/fs/WindowsException'{0x00000000af2e8730}> (0x00000000af2e8730) thrown at [./src/hotspot/share/prims/jni.cpp, line 616]
Event: 1764.412 Thread 0x0000026653869000 Exception <a 'sun/nio/fs/WindowsException'{0x00000000af2e9aa8}> (0x00000000af2e9aa8) thrown at [./src/hotspot/share/prims/jni.cpp, line 616]
Event: 1764.412 Thread 0x0000026653869000 Exception <a 'sun/nio/fs/WindowsException'{0x00000000af2eae70}> (0x00000000af2eae70) thrown at [./src/hotspot/share/prims/jni.cpp, line 616]
Event: 1764.412 Thread 0x0000026653869000 Exception <a 'sun/nio/fs/WindowsException'{0x00000000af2ec238}> (0x00000000af2ec238) thrown at [./src/hotspot/share/prims/jni.cpp, line 616]
Event: 1764.984 Thread 0x0000026653869000 Exception <a 'sun/nio/fs/WindowsException'{0x00000000ae9688b0}> (0x00000000ae9688b0) thrown at [./src/hotspot/share/prims/jni.cpp, line 616]

Events (20 events):
Event: 1765.030 Executing VM operation: RevokeBias
Event: 1765.031 Executing VM operation: RevokeBias done
Event: 1765.031 Executing VM operation: RevokeBias
Event: 1765.031 Executing VM operation: RevokeBias done
Event: 1765.032 Executing VM operation: RevokeBias
Event: 1765.032 Executing VM operation: RevokeBias done
Event: 1765.032 Executing VM operation: RevokeBias
Event: 1765.032 Executing VM operation: RevokeBias done
Event: 1765.032 Executing VM operation: RevokeBias
Event: 1765.032 Executing VM operation: RevokeBias done
Event: 1765.033 Executing VM operation: RevokeBias
Event: 1765.033 Executing VM operation: RevokeBias done
Event: 1765.033 Executing VM operation: RevokeBias
Event: 1765.033 Executing VM operation: RevokeBias done
Event: 1765.033 Executing VM operation: RevokeBias
Event: 1765.033 Executing VM operation: RevokeBias done
Event: 1765.387 Thread 0x000002665484f800 Thread added: 0x000002665484f800
Event: 1765.431 Thread 0x000002665484b800 Thread added: 0x000002665484b800
Event: 1765.431 Thread 0x0000026654850800 Thread added: 0x0000026654850800
Event: 1770.446 Thread 0x0000026657d9f800 Thread exited: 0x0000026657d9f800


Dynamic libraries:
0x00007ff7454f0000 - 0x00007ff7454fa000 	C:\Program Files\Android\Android Studio\jre\bin\java.exe
0x00007ffa1b7f0000 - 0x00007ffa1b9e8000 	C:\WINDOWS\SYSTEM32\ntdll.dll
0x00007ff9f5a50000 - 0x00007ff9f5a67000 	C:\Program Files\AVG\Antivirus\aswhook.dll
0x00007ffa1ac80000 - 0x00007ffa1ad3d000 	C:\WINDOWS\System32\KERNEL32.DLL
0x00007ffa19370000 - 0x00007ffa19642000 	C:\WINDOWS\System32\KERNELBASE.dll
0x00007ffa19110000 - 0x00007ffa19210000 	C:\WINDOWS\System32\ucrtbase.dll
0x00007ffa05160000 - 0x00007ffa05177000 	C:\Program Files\Android\Android Studio\jre\bin\VCRUNTIME140.dll
0x00007ffa05350000 - 0x00007ffa05369000 	C:\Program Files\Android\Android Studio\jre\bin\jli.dll
0x00007ffa19a10000 - 0x00007ffa19bad000 	C:\WINDOWS\System32\USER32.dll
0x00007ffa196f0000 - 0x00007ffa19712000 	C:\WINDOWS\System32\win32u.dll
0x00007ffa0b7c0000 - 0x00007ffa0ba5a000 	C:\WINDOWS\WinSxS\amd64_microsoft.windows.common-controls_6595b64144ccf1df_6.0.19041.1110_none_60b5254171f9507e\COMCTL32.dll
0x00007ffa1ad40000 - 0x00007ffa1ad6b000 	C:\WINDOWS\System32\GDI32.dll
0x00007ffa19bb0000 - 0x00007ffa19c4e000 	C:\WINDOWS\System32\msvcrt.dll
0x00007ffa18f50000 - 0x00007ffa1905f000 	C:\WINDOWS\System32\gdi32full.dll
0x00007ffa197b0000 - 0x00007ffa1984d000 	C:\WINDOWS\System32\msvcp_win.dll
0x00007ffa1a3c0000 - 0x00007ffa1a3f0000 	C:\WINDOWS\System32\IMM32.DLL
0x00007ffa04a00000 - 0x00007ffa04a9d000 	C:\Program Files\Android\Android Studio\jre\bin\msvcp140.dll
0x00007ff9d2450000 - 0x00007ff9d2f52000 	C:\Program Files\Android\Android Studio\jre\bin\server\jvm.dll
0x00007ffa1a3f0000 - 0x00007ffa1a49e000 	C:\WINDOWS\System32\ADVAPI32.dll
0x00007ffa19900000 - 0x00007ffa1999c000 	C:\WINDOWS\System32\sechost.dll
0x00007ffa1af40000 - 0x00007ffa1b065000 	C:\WINDOWS\System32\RPCRT4.dll
0x00007ffa1a280000 - 0x00007ffa1a288000 	C:\WINDOWS\System32\PSAPI.DLL
0x00007ffa0a6d0000 - 0x00007ffa0a6d9000 	C:\WINDOWS\SYSTEM32\WSOCK32.dll
0x00007ff9f90b0000 - 0x00007ff9f90d7000 	C:\WINDOWS\SYSTEM32\WINMM.dll
0x00007ffa199a0000 - 0x00007ffa19a0b000 	C:\WINDOWS\System32\WS2_32.dll
0x00007ffa075d0000 - 0x00007ffa075da000 	C:\WINDOWS\SYSTEM32\VERSION.dll
0x00007ffa16dc0000 - 0x00007ffa16dd2000 	C:\WINDOWS\SYSTEM32\kernel.appcore.dll
0x00007ffa049e0000 - 0x00007ffa049f1000 	C:\Program Files\Android\Android Studio\jre\bin\verify.dll
0x00007ffa09860000 - 0x00007ffa09a44000 	C:\WINDOWS\SYSTEM32\DBGHELP.DLL
0x00007ffa093a0000 - 0x00007ffa093cc000 	C:\WINDOWS\SYSTEM32\dbgcore.DLL
0x00007ffa19720000 - 0x00007ffa197a2000 	C:\WINDOWS\System32\bcryptPrimitives.dll
0x00007ffa049b0000 - 0x00007ffa049d9000 	C:\Program Files\Android\Android Studio\jre\bin\java.dll
0x00007ffa126d0000 - 0x00007ffa126db000 	C:\Program Files\Android\Android Studio\jre\bin\jimage.dll
0x00007ffa04990000 - 0x00007ffa049a8000 	C:\Program Files\Android\Android Studio\jre\bin\zip.dll
0x00007ffa1a530000 - 0x00007ffa1ac73000 	C:\WINDOWS\System32\SHELL32.dll
0x00007ffa16fc0000 - 0x00007ffa17751000 	C:\WINDOWS\SYSTEM32\windows.storage.dll
0x00007ffa1b3f0000 - 0x00007ffa1b744000 	C:\WINDOWS\System32\combase.dll
0x00007ffa18880000 - 0x00007ffa188b0000 	C:\WINDOWS\SYSTEM32\Wldp.dll
0x00007ffa19850000 - 0x00007ffa198fd000 	C:\WINDOWS\System32\SHCORE.dll
0x00007ffa1b190000 - 0x00007ffa1b1e5000 	C:\WINDOWS\System32\shlwapi.dll
0x00007ffa18e40000 - 0x00007ffa18e5f000 	C:\WINDOWS\SYSTEM32\profapi.dll
0x00007ffa04970000 - 0x00007ffa0498a000 	C:\Program Files\Android\Android Studio\jre\bin\net.dll
0x00007ffa0bc00000 - 0x00007ffa0bd0d000 	C:\WINDOWS\SYSTEM32\WINHTTP.dll
0x00007ffa185e0000 - 0x00007ffa1864a000 	C:\WINDOWS\system32\mswsock.dll
0x00007ffa04950000 - 0x00007ffa04964000 	C:\Program Files\Android\Android Studio\jre\bin\nio.dll
0x00007ffa04920000 - 0x00007ffa04947000 	C:\Users\loja\.gradle\native\e1d6ef7f7dcc3fd88c89a11ec53ec762bb8ba0a96d01ffa2cd45eb1d1d8dd5c5\windows-amd64\native-platform.dll
0x00007ff9d33f0000 - 0x00007ff9d3534000 	C:\Users\loja\.gradle\native\0d407fdbe67a94daf76414ababcb853783967236a71b16ec16e742cd7a986fd3\windows-amd64\native-platform-file-events.dll
0x00007ffa122d0000 - 0x00007ffa122da000 	C:\Program Files\Android\Android Studio\jre\bin\management.dll
0x00007ffa0a4c0000 - 0x00007ffa0a4cd000 	C:\Program Files\Android\Android Studio\jre\bin\management_ext.dll
0x00007ffa187d0000 - 0x00007ffa187e8000 	C:\WINDOWS\SYSTEM32\CRYPTSP.dll
0x00007ffa17f00000 - 0x00007ffa17f34000 	C:\WINDOWS\system32\rsaenh.dll
0x00007ffa196c0000 - 0x00007ffa196e7000 	C:\WINDOWS\System32\bcrypt.dll
0x00007ffa18e00000 - 0x00007ffa18e2e000 	C:\WINDOWS\SYSTEM32\USERENV.dll
0x00007ffa187f0000 - 0x00007ffa187fc000 	C:\WINDOWS\SYSTEM32\CRYPTBASE.dll
0x00007ffa182d0000 - 0x00007ffa1830b000 	C:\WINDOWS\SYSTEM32\IPHLPAPI.DLL
0x00007ffa1a300000 - 0x00007ffa1a308000 	C:\WINDOWS\System32\NSI.dll
0x00007ffa0fff0000 - 0x00007ffa10007000 	C:\WINDOWS\SYSTEM32\dhcpcsvc6.DLL
0x00007ffa129e0000 - 0x00007ffa129fd000 	C:\WINDOWS\SYSTEM32\dhcpcsvc.DLL
0x00007ffa18310000 - 0x00007ffa183da000 	C:\WINDOWS\SYSTEM32\DNSAPI.dll

dbghelp: loaded successfully - version: 4.0.5 - missing functions: none
symbol engine: initialized successfully - sym options: 0x614 - pdb path: .;C:\Program Files\Android\Android Studio\jre\bin;C:\WINDOWS\SYSTEM32;C:\Program Files\AVG\Antivirus;C:\WINDOWS\WinSxS\amd64_microsoft.windows.common-controls_6595b64144ccf1df_6.0.19041.1110_none_60b5254171f9507e;C:\Program Files\Android\Android Studio\jre\bin\server;C:\Users\loja\.gradle\native\e1d6ef7f7dcc3fd88c89a11ec53ec762bb8ba0a96d01ffa2cd45eb1d1d8dd5c5\windows-amd64;C:\Users\loja\.gradle\native\0d407fdbe67a94daf76414ababcb853783967236a71b16ec16e742cd7a986fd3\windows-amd64

VM Arguments:
jvm_args: --add-opens=java.base/java.util=ALL-UNNAMED --add-opens=java.base/java.lang=ALL-UNNAMED --add-opens=java.base/java.lang.invoke=ALL-UNNAMED --add-opens=java.base/java.util=ALL-UNNAMED --add-opens=java.prefs/java.util.prefs=ALL-UNNAMED --add-opens=java.prefs/java.util.prefs=ALL-UNNAMED --add-opens=java.base/java.nio.charset=ALL-UNNAMED --add-opens=java.base/java.net=ALL-UNNAMED --add-opens=java.base/java.util.concurrent.atomic=ALL-UNNAMED -Xmx1536M -Dfile.encoding=windows-1252 -Duser.country=BR -Duser.language=pt -Duser.variant 
java_command: org.gradle.launcher.daemon.bootstrap.GradleDaemon 7.4
java_class_path (initial): C:\Users\loja\.gradle\wrapper\dists\gradle-7.4-all\aadb4xli5jkdsnukm30eibyiu\gradle-7.4\lib\gradle-launcher-7.4.jar
Launcher Type: SUN_STANDARD

[Global flags]
     intx CICompilerCount                          = 3                                         {product} {ergonomic}
     uint ConcGCThreads                            = 1                                         {product} {ergonomic}
     uint G1ConcRefinementThreads                  = 4                                         {product} {ergonomic}
   size_t G1HeapRegionSize                         = 1048576                                   {product} {ergonomic}
    uintx GCDrainStackTargetSize                   = 64                                        {product} {ergonomic}
   size_t InitialHeapSize                          = 132120576                                 {product} {ergonomic}
   size_t MarkStackSize                            = 4194304                                   {product} {ergonomic}
   size_t MaxHeapSize                              = 1610612736                                {product} {command line}
   size_t MaxNewSize                               = 965738496                                 {product} {ergonomic}
   size_t MinHeapDeltaBytes                        = 1048576                                   {product} {ergonomic}
    uintx NonNMethodCodeHeapSize                   = 5830732                                {pd product} {ergonomic}
    uintx NonProfiledCodeHeapSize                  = 122913754                              {pd product} {ergonomic}
    uintx ProfiledCodeHeapSize                     = 122913754                              {pd product} {ergonomic}
    uintx ReservedCodeCacheSize                    = 251658240                              {pd product} {ergonomic}
     bool SegmentedCodeCache                       = true                                      {product} {ergonomic}
     bool UseCompressedClassPointers               = true                                 {lp64_product} {ergonomic}
     bool UseCompressedOops                        = true                                 {lp64_product} {ergonomic}
     bool UseG1GC                                  = true                                      {product} {ergonomic}
     bool UseLargePagesIndividualAllocation        = false                                  {pd product} {ergonomic}

Logging:
Log output configuration:
 #0: stdout all=warning uptime,level,tags
 #1: stderr all=off uptime,level,tags

Environment Variables:
JAVA_HOME=C:\Program Files\Android\Android Studio\jre
CLASSPATH=D:\CURSO FLUTTER E DART\FOUR_FINANCES\PIT03GP04\android\\gradle\wrapper\gradle-wrapper.jar
PATH=C:\Users\loja\bin;C:\Program Files\Git\mingw64\bin;C:\Program Files\Git\usr\local\bin;C:\Program Files\Git\usr\bin;C:\Program Files\Git\usr\bin;C:\Program Files\Git\mingw64\bin;C:\Program Files\Git\usr\bin;C:\Users\loja\bin;C:\Program Files\Common Files\Oracle\Java\javapath;C:\Python310\Scripts;C:\Python310;C:\WINDOWS\system32;C:\WINDOWS;C:\WINDOWS\System32\Wbem;C:\WINDOWS\System32\WindowsPowerShell\v1.0;C:\WINDOWS\System32\OpenSSH;C:\Program Files (x86)\Microsoft SQL Server\100\Tools\Binn;C:\Program Files\Microsoft SQL Server\100\Tools\Binn;C:\Program Files\Microsoft SQL Server\100\DTS\Binn;C:\Program Files (x86)\Microsoft SQL Server\100\Tools\Binn\VSShell\Common7\IDE;C:\Program Files (x86)\Microsoft SQL Server\100\DTS\Binn;C:\ProgramData\UNIVALI\Portugol Studio;C:\Program Files\Microsoft SQL Server\Client SDK\ODBC\170\Tools\Binn;C:\Program Files (x86)\Microsoft SQL Server\150\Tools\Binn;C:\Program Files\Microsoft SQL Server\150\Tools\Binn;C:\Program Files\Microsoft SQL Server\150\DTS\Binn;C:\Program Files (x86)\Microsoft SQL Server\150\DTS\Binn;C:\Program Files\Azure Data Studio\bin;C:\ProgramData\chocolatey\bin;C:\Program Files\Git\cmd;C:\Program Files\nodejs;C:\Users\loja\AppData\Local\Microsoft\WindowsApps;C:\Users\loja\AppData\Local\Programs\Microsoft VS Code\bin;C:\Program Files\Azure Data Studio\bin;C:\Users\loja\AppData\Local\GitHubDesktop\bin;C:\Program Files\heroku\bin;C:\Program Files\heroku\bin;C:\Users\loja\AppData\Roaming\npm;C:\Users\loja\AppData\Local\Android\sdk\platform-tools;C:\Users\loja\Documents\flutter_windows_3.3.4-stable\flutter\bin;C:\Users\loja\Documents\flutter_windows_2.2.2-stable\flutter\bin;C:\Users\loja\Documents\flutter_windows_3.0.5-stable\flutter\bin;C:\Program Files\Git\usr\bin\vendor_perl;C:\Program Files\Git\usr\bin\core_perl;C:\Users\loja\Documents\flutter_windows_3.3.4-stable\flutter\bin\mingit\cmd
USERNAME=PSICOTICO
SHELL=C:\Program Files\Git\usr\bin\bash.exe
DISPLAY=needs-to-be-defined
LC_CTYPE=pt_BR.UTF-8
OS=Windows_NT
PROCESSOR_IDENTIFIER=Intel64 Family 6 Model 42 Stepping 7, GenuineIntel



---------------  S Y S T E M  ---------------

OS: Windows 10 , 64 bit Build 19041 (10.0.19041.1889)
OS uptime: 0 days 7:22 hours

CPU:total 4 (initial active 4) (2 cores per cpu, 2 threads per core) family 6 model 42 stepping 7 microcode 0x2f, cmov, cx8, fxsr, mmx, sse, sse2, sse3, ssse3, sse4.1, sse4.2, popcnt, avx, aes, clmul, ht, tsc, tscinvbit

Memory: 4k page, system-wide physical 8008M (526M free)
TotalPageFile size 8008M (AvailPageFile size 18M)
current process WorkingSet (physical memory assigned to process): 519M, peak: 576M
current process commit charge ("private bytes"): 549M, peak: 620M

vm_info: OpenJDK 64-Bit Server VM (11.0.13+0-b1751.21-8125866) for windows-amd64 JRE (11.0.13+0-b1751.21-8125866), built on Feb  2 2022 03:00:22 by "builder" with MS VC++ 14.0 (VS2015)

END.
