#
# There is insufficient memory for the Java Runtime Environment to continue.
# Native memory allocation (malloc) failed to allocate 1048576 bytes for AllocateHeap
# Possible reasons:
#   The system is out of physical RAM or swap space
#   The process is running with CompressedOops enabled, and the Java Heap may be blocking the growth of the native heap
# Possible solutions:
#   Reduce memory load on the system
#   Increase physical memory or swap space
#   Check if swap backing store is full
#   Decrease Java heap size (-Xmx/-Xms)
#   Decrease number of Java threads
#   Decrease Java thread stack sizes (-Xss)
#   Set larger code cache with -XX:ReservedCodeCacheSize=
#   JVM is running with Unscaled Compressed Oops mode in which the Java heap is
#     placed in the first 4GB address space. The Java Heap base address is the
#     maximum limit for the native heap growth. Please use -XX:HeapBaseMinAddress
#     to set the Java Heap base and to place the Java Heap above 4GB virtual address.
# This output file may be truncated or incomplete.
#
#  Out of Memory Error (./src/hotspot/share/memory/allocation.cpp:46), pid=12096, tid=12144
#
# JRE version: OpenJDK Runtime Environment (11.0.13) (build 11.0.13+0-b1751.21-8125866)
# Java VM: OpenJDK 64-Bit Server VM (11.0.13+0-b1751.21-8125866, mixed mode, tiered, compressed oops, g1 gc, windows-amd64)
# No core dump will be written. Minidumps are not enabled by default on client versions of Windows
#

---------------  S U M M A R Y ------------

Command Line: -Dorg.gradle.appname=gradlew org.gradle.wrapper.GradleWrapperMain -q -Ptarget-platform=android-arm64 -Ptarget=D:\CURSO FLUTTER E DART\FOUR_FINANCES\PIT03GP04\lib\main.dart -Pbase-application-name=android.app.Application -Pdart-defines=RkxVVFRFUl9XRUJfQVVUT19ERVRFQ1Q9dHJ1ZQ== -Pdart-obfuscation=false -Ptrack-widget-creation=true -Ptree-shake-icons=false -Pfilesystem-scheme=org-dartlang-root assembleDebug

Host: Intel(R) Core(TM) i5-2450M CPU @ 2.50GHz, 4 cores, 7G,  Windows 10 , 64 bit Build 19041 (10.0.19041.1889)
Time: Wed Nov  9 10:23:25 2022 Hora oficial do Brasil elapsed time: 5.203116 seconds (0d 0h 0m 5s)

---------------  T H R E A D  ---------------

Current thread (0x000001c1ffdd1800):  VMThread "VM Thread" [stack: 0x0000001f53f00000,0x0000001f54000000] [id=12144]

Stack: [0x0000001f53f00000,0x0000001f54000000]
[error occurred during error reporting (printing stack bounds), id 0xc0000005, EXCEPTION_ACCESS_VIOLATION (0xc0000005) at pc=0x000001c1edde112d]

Native frames: (J=compiled Java code, j=interpreted, Vv=VM code, C=native code)
V  [jvm.dll+0x6100fa]
V  [jvm.dll+0x747090]
V  [jvm.dll+0x7486ad]
V  [jvm.dll+0x748ce5]
V  [jvm.dll+0x748c9b]
V  [jvm.dll+0x60f224]
V  [jvm.dll+0x60f9b8]
C  [ntdll.dll+0xa241f]
C  [ntdll.dll+0x514a4]
C  [ntdll.dll+0xa0f4e]
C  0x000001c1edde112d

VM_Operation (0x0000001f539fc520): CollectForMetadataAllocation, mode: safepoint, requested by thread 0x000001c1ea2cc800


---------------  P R O C E S S  ---------------

Threads class SMR info:
_java_thread_list=0x000001c185a4d690, length=11, elements={
0x000001c1ea2cc800, 0x000001c1ffdf8800, 0x000001c1ffdf9800, 0x000001c18479b000,
0x000001c18479c000, 0x000001c18479d000, 0x000001c1847a0800, 0x000001c1ffe2e000,
0x000001c1847e1800, 0x000001c1848da800, 0x000001c184b5e000
}

Java Threads: ( => current thread )
  0x000001c1ea2cc800 JavaThread "main" [_thread_blocked, id=12120, stack(0x0000001f53900000,0x0000001f53a00000)]
  0x000001c1ffdf8800 JavaThread "Reference Handler" daemon [_thread_blocked, id=12156, stack(0x0000001f54000000,0x0000001f54100000)]
  0x000001c1ffdf9800 JavaThread "Finalizer" daemon [_thread_blocked, id=12160, stack(0x0000001f54100000,0x0000001f54200000)]
  0x000001c18479b000 JavaThread "Signal Dispatcher" daemon [_thread_blocked, id=12168, stack(0x0000001f54200000,0x0000001f54300000)]
  0x000001c18479c000 JavaThread "Attach Listener" daemon [_thread_blocked, id=12172, stack(0x0000001f54300000,0x0000001f54400000)]
  0x000001c18479d000 JavaThread "Service Thread" daemon [_thread_blocked, id=12176, stack(0x0000001f54400000,0x0000001f54500000)]
  0x000001c1847a0800 JavaThread "C2 CompilerThread0" daemon [_thread_blocked, id=12180, stack(0x0000001f54500000,0x0000001f54600000)]
  0x000001c1ffe2e000 JavaThread "C1 CompilerThread0" daemon [_thread_blocked, id=12184, stack(0x0000001f54600000,0x0000001f54700000)]
  0x000001c1847e1800 JavaThread "Sweeper thread" daemon [_thread_blocked, id=12188, stack(0x0000001f54700000,0x0000001f54800000)]
  0x000001c1848da800 JavaThread "Common-Cleaner" daemon [_thread_blocked, id=12204, stack(0x0000001f54900000,0x0000001f54a00000)]
  0x000001c184b5e000 JavaThread "pool-1-thread-1" [_thread_blocked, id=5864, stack(0x0000001f54c00000,0x0000001f54d00000)]

Other Threads:
=>0x000001c1ffdd1800 VMThread "VM Thread" [stack: 0x0000001f53f00000,0x0000001f54000000] [id=12144]
  0x000001c1848d6800 WatcherThread [stack: 0x0000001f54800000,0x0000001f54900000] [id=12200]
  0x000001c1ea2e5000 GCTaskThread "GC Thread#0" [stack: 0x0000001f53a00000,0x0000001f53b00000] [id=12124]
  0x000001c184d4c000 GCTaskThread "GC Thread#1" [stack: 0x0000001f54a00000,0x0000001f54b00000] [id=11300]
  0x000001c184d4d000 GCTaskThread "GC Thread#2" [stack: 0x0000001f54b00000,0x0000001f54c00000] [id=11292]
  0x000001c1855ae800 GCTaskThread "GC Thread#3" [stack: 0x0000001f54d00000,0x0000001f54e00000] [id=10380]
  0x000001c1ea313000 ConcurrentGCThread "G1 Main Marker" [stack: 0x0000001f53b00000,0x0000001f53c00000] [id=12128]
  0x000001c1ea314800 ConcurrentGCThread "G1 Conc#0" [stack: 0x0000001f53c00000,0x0000001f53d00000] [id=12132]
  0x000001c1ffc40800 ConcurrentGCThread "G1 Refine#0" [stack: 0x0000001f53d00000,0x0000001f53e00000] [id=12136]
  0x000001c1ffc41800 ConcurrentGCThread "G1 Young RemSet Sampling" [stack: 0x0000001f53e00000,0x0000001f53f00000] [id=12140]

Threads with active compile tasks:

VM state:at safepoint (normal execution)

VM Mutex/Monitor currently owned by a thread:  ([mutex/lock_event])
[0x000001c1ea2c8830] Threads_lock - owner thread: 0x000001c1ffdd1800
[0x000001c1ea2c9d00] Heap_lock - owner thread: 0x000001c1ea2cc800

Heap address: 0x0000000082c00000, size: 2004 MB, Compressed Oops mode: 32-bit
Narrow klass base: 0x0000000000000000, Narrow klass shift: 3
Compressed class space size: 1073741824 Address: 0x0000000100000000

Heap:
 garbage-first heap   total 129024K, used 10200K [0x0000000082c00000, 0x0000000100000000)
  region size 1024K, 3 young (3072K), 3 survivors (3072K)
 Metaspace       used 14227K, capacity 14523K, committed 14592K, reserved 1071104K
  class space    used 1623K, capacity 1737K, committed 1792K, reserved 1048576K
Heap Regions: E=young(eden), S=young(survivor), O=old, HS=humongous(starts), HC=humongous(continues), CS=collection set, F=free, A=archive, TAMS=top-at-mark-start (previous, next)
|   0|0x0000000082c00000, 0x0000000082d00000, 0x0000000082d00000|100%|HS|  |TAMS 0x0000000082c00000, 0x0000000082d00000| Complete 
|   1|0x0000000082d00000, 0x0000000082e00000, 0x0000000082e00000|100%|HC|  |TAMS 0x0000000082d00000, 0x0000000082e00000| Complete 
|   2|0x0000000082e00000, 0x0000000082f00000, 0x0000000082f00000|100%|HC|  |TAMS 0x0000000082e00000, 0x0000000082f00000| Complete 
|   3|0x0000000082f00000, 0x0000000083000000, 0x0000000083000000|100%| O|  |TAMS 0x0000000082f00000, 0x0000000083000000| Untracked 
|   4|0x0000000083000000, 0x0000000083100000, 0x0000000083100000|100%| O|  |TAMS 0x0000000083000000, 0x0000000083100000| Untracked 
|   5|0x0000000083100000, 0x0000000083200000, 0x0000000083200000|100%| O|  |TAMS 0x0000000083100000, 0x0000000083200000| Untracked 
|   6|0x0000000083200000, 0x0000000083300000, 0x0000000083300000|100%| O|  |TAMS 0x0000000083200000, 0x0000000083300000| Untracked 
|   7|0x0000000083300000, 0x0000000083360800, 0x0000000083400000| 37%| O|  |TAMS 0x0000000083300000, 0x0000000083360800| Untracked 
|   8|0x0000000083400000, 0x0000000083400000, 0x0000000083500000|  0%| F|  |TAMS 0x0000000083400000, 0x0000000083400000| Untracked 
|   9|0x0000000083500000, 0x0000000083500000, 0x0000000083600000|  0%| F|  |TAMS 0x0000000083500000, 0x0000000083500000| Untracked 
|  10|0x0000000083600000, 0x0000000083600000, 0x0000000083700000|  0%| F|  |TAMS 0x0000000083600000, 0x0000000083600000| Untracked 
|  11|0x0000000083700000, 0x0000000083700000, 0x0000000083800000|  0%| F|  |TAMS 0x0000000083700000, 0x0000000083700000| Untracked 
|  12|0x0000000083800000, 0x0000000083800000, 0x0000000083900000|  0%| F|  |TAMS 0x0000000083800000, 0x0000000083800000| Untracked 
|  13|0x0000000083900000, 0x0000000083900000, 0x0000000083a00000|  0%| F|  |TAMS 0x0000000083900000, 0x0000000083900000| Untracked 
|  14|0x0000000083a00000, 0x0000000083a00000, 0x0000000083b00000|  0%| F|  |TAMS 0x0000000083a00000, 0x0000000083a00000| Untracked 
|  15|0x0000000083b00000, 0x0000000083b00000, 0x0000000083c00000|  0%| F|  |TAMS 0x0000000083b00000, 0x0000000083b00000| Untracked 
|  16|0x0000000083c00000, 0x0000000083c00000, 0x0000000083d00000|  0%| F|  |TAMS 0x0000000083c00000, 0x0000000083c00000| Untracked 
|  17|0x0000000083d00000, 0x0000000083d00000, 0x0000000083e00000|  0%| F|  |TAMS 0x0000000083d00000, 0x0000000083d00000| Untracked 
|  18|0x0000000083e00000, 0x0000000083e00000, 0x0000000083f00000|  0%| F|  |TAMS 0x0000000083e00000, 0x0000000083e00000| Untracked 
|  19|0x0000000083f00000, 0x0000000083f00000, 0x0000000084000000|  0%| F|  |TAMS 0x0000000083f00000, 0x0000000083f00000| Untracked 
|  20|0x0000000084000000, 0x0000000084000000, 0x0000000084100000|  0%| F|  |TAMS 0x0000000084000000, 0x0000000084000000| Untracked 
|  21|0x0000000084100000, 0x0000000084100000, 0x0000000084200000|  0%| F|  |TAMS 0x0000000084100000, 0x0000000084100000| Untracked 
|  22|0x0000000084200000, 0x0000000084200000, 0x0000000084300000|  0%| F|  |TAMS 0x0000000084200000, 0x0000000084200000| Untracked 
|  23|0x0000000084300000, 0x0000000084300000, 0x0000000084400000|  0%| F|  |TAMS 0x0000000084300000, 0x0000000084300000| Untracked 
|  24|0x0000000084400000, 0x0000000084400000, 0x0000000084500000|  0%| F|  |TAMS 0x0000000084400000, 0x0000000084400000| Untracked 
|  25|0x0000000084500000, 0x0000000084500000, 0x0000000084600000|  0%| F|  |TAMS 0x0000000084500000, 0x0000000084500000| Untracked 
|  26|0x0000000084600000, 0x0000000084600000, 0x0000000084700000|  0%| F|  |TAMS 0x0000000084600000, 0x0000000084600000| Untracked 
|  27|0x0000000084700000, 0x0000000084700000, 0x0000000084800000|  0%| F|  |TAMS 0x0000000084700000, 0x0000000084700000| Untracked 
|  28|0x0000000084800000, 0x0000000084800000, 0x0000000084900000|  0%| F|  |TAMS 0x0000000084800000, 0x0000000084800000| Untracked 
|  29|0x0000000084900000, 0x0000000084900000, 0x0000000084a00000|  0%| F|  |TAMS 0x0000000084900000, 0x0000000084900000| Untracked 
|  30|0x0000000084a00000, 0x0000000084a00000, 0x0000000084b00000|  0%| F|  |TAMS 0x0000000084a00000, 0x0000000084a00000| Untracked 
|  31|0x0000000084b00000, 0x0000000084b00000, 0x0000000084c00000|  0%| F|  |TAMS 0x0000000084b00000, 0x0000000084b00000| Untracked 
|  32|0x0000000084c00000, 0x0000000084c00000, 0x0000000084d00000|  0%| F|  |TAMS 0x0000000084c00000, 0x0000000084c00000| Untracked 
|  33|0x0000000084d00000, 0x0000000084d00000, 0x0000000084e00000|  0%| F|  |TAMS 0x0000000084d00000, 0x0000000084d00000| Untracked 
|  34|0x0000000084e00000, 0x0000000084e00000, 0x0000000084f00000|  0%| F|  |TAMS 0x0000000084e00000, 0x0000000084e00000| Untracked 
|  35|0x0000000084f00000, 0x0000000084f00000, 0x0000000085000000|  0%| F|  |TAMS 0x0000000084f00000, 0x0000000084f00000| Untracked 
|  36|0x0000000085000000, 0x0000000085000000, 0x0000000085100000|  0%| F|  |TAMS 0x0000000085000000, 0x0000000085000000| Untracked 
|  37|0x0000000085100000, 0x0000000085100000, 0x0000000085200000|  0%| F|  |TAMS 0x0000000085100000, 0x0000000085100000| Untracked 
|  38|0x0000000085200000, 0x0000000085200000, 0x0000000085300000|  0%| F|  |TAMS 0x0000000085200000, 0x0000000085200000| Untracked 
|  39|0x0000000085300000, 0x0000000085300000, 0x0000000085400000|  0%| F|  |TAMS 0x0000000085300000, 0x0000000085300000| Untracked 
|  40|0x0000000085400000, 0x0000000085400000, 0x0000000085500000|  0%| F|  |TAMS 0x0000000085400000, 0x0000000085400000| Untracked 
|  41|0x0000000085500000, 0x0000000085500000, 0x0000000085600000|  0%| F|  |TAMS 0x0000000085500000, 0x0000000085500000| Untracked 
|  42|0x0000000085600000, 0x0000000085600000, 0x0000000085700000|  0%| F|  |TAMS 0x0000000085600000, 0x0000000085600000| Untracked 
|  43|0x0000000085700000, 0x0000000085700000, 0x0000000085800000|  0%| F|  |TAMS 0x0000000085700000, 0x0000000085700000| Untracked 
|  44|0x0000000085800000, 0x0000000085800000, 0x0000000085900000|  0%| F|  |TAMS 0x0000000085800000, 0x0000000085800000| Untracked 
|  45|0x0000000085900000, 0x0000000085900000, 0x0000000085a00000|  0%| F|  |TAMS 0x0000000085900000, 0x0000000085900000| Untracked 
|  46|0x0000000085a00000, 0x0000000085a00000, 0x0000000085b00000|  0%| F|  |TAMS 0x0000000085a00000, 0x0000000085a00000| Untracked 
|  47|0x0000000085b00000, 0x0000000085b00000, 0x0000000085c00000|  0%| F|  |TAMS 0x0000000085b00000, 0x0000000085b00000| Untracked 
|  48|0x0000000085c00000, 0x0000000085c00000, 0x0000000085d00000|  0%| F|  |TAMS 0x0000000085c00000, 0x0000000085c00000| Untracked 
|  49|0x0000000085d00000, 0x0000000085d00000, 0x0000000085e00000|  0%| F|  |TAMS 0x0000000085d00000, 0x0000000085d00000| Untracked 
|  50|0x0000000085e00000, 0x0000000085e00000, 0x0000000085f00000|  0%| F|  |TAMS 0x0000000085e00000, 0x0000000085e00000| Untracked 
|  51|0x0000000085f00000, 0x0000000085f00000, 0x0000000086000000|  0%| F|  |TAMS 0x0000000085f00000, 0x0000000085f00000| Untracked 
|  52|0x0000000086000000, 0x0000000086000000, 0x0000000086100000|  0%| F|  |TAMS 0x0000000086000000, 0x0000000086000000| Untracked 
|  53|0x0000000086100000, 0x0000000086100000, 0x0000000086200000|  0%| F|  |TAMS 0x0000000086100000, 0x0000000086100000| Untracked 
|  54|0x0000000086200000, 0x0000000086200000, 0x0000000086300000|  0%| F|  |TAMS 0x0000000086200000, 0x0000000086200000| Untracked 
|  55|0x0000000086300000, 0x0000000086300000, 0x0000000086400000|  0%| F|  |TAMS 0x0000000086300000, 0x0000000086300000| Untracked 
|  56|0x0000000086400000, 0x0000000086400000, 0x0000000086500000|  0%| F|  |TAMS 0x0000000086400000, 0x0000000086400000| Untracked 
|  57|0x0000000086500000, 0x0000000086500000, 0x0000000086600000|  0%| F|  |TAMS 0x0000000086500000, 0x0000000086500000| Untracked 
|  58|0x0000000086600000, 0x0000000086600000, 0x0000000086700000|  0%| F|  |TAMS 0x0000000086600000, 0x0000000086600000| Untracked 
|  59|0x0000000086700000, 0x0000000086700000, 0x0000000086800000|  0%| F|  |TAMS 0x0000000086700000, 0x0000000086700000| Untracked 
|  60|0x0000000086800000, 0x0000000086800000, 0x0000000086900000|  0%| F|  |TAMS 0x0000000086800000, 0x0000000086800000| Untracked 
|  61|0x0000000086900000, 0x0000000086900000, 0x0000000086a00000|  0%| F|  |TAMS 0x0000000086900000, 0x0000000086900000| Untracked 
|  62|0x0000000086a00000, 0x0000000086a00000, 0x0000000086b00000|  0%| F|  |TAMS 0x0000000086a00000, 0x0000000086a00000| Untracked 
|  63|0x0000000086b00000, 0x0000000086b00000, 0x0000000086c00000|  0%| F|  |TAMS 0x0000000086b00000, 0x0000000086b00000| Untracked 
|  64|0x0000000086c00000, 0x0000000086c00000, 0x0000000086d00000|  0%| F|  |TAMS 0x0000000086c00000, 0x0000000086c00000| Untracked 
|  65|0x0000000086d00000, 0x0000000086d00000, 0x0000000086e00000|  0%| F|  |TAMS 0x0000000086d00000, 0x0000000086d00000| Untracked 
|  66|0x0000000086e00000, 0x0000000086e00000, 0x0000000086f00000|  0%| F|  |TAMS 0x0000000086e00000, 0x0000000086e00000| Untracked 
|  67|0x0000000086f00000, 0x0000000086f00000, 0x0000000087000000|  0%| F|  |TAMS 0x0000000086f00000, 0x0000000086f00000| Untracked 
|  68|0x0000000087000000, 0x0000000087000000, 0x0000000087100000|  0%| F|  |TAMS 0x0000000087000000, 0x0000000087000000| Untracked 
|  69|0x0000000087100000, 0x0000000087100000, 0x0000000087200000|  0%| F|  |TAMS 0x0000000087100000, 0x0000000087100000| Untracked 
|  70|0x0000000087200000, 0x0000000087200000, 0x0000000087300000|  0%| F|  |TAMS 0x0000000087200000, 0x0000000087200000| Untracked 
|  71|0x0000000087300000, 0x0000000087300000, 0x0000000087400000|  0%| F|  |TAMS 0x0000000087300000, 0x0000000087300000| Untracked 
|  72|0x0000000087400000, 0x0000000087400000, 0x0000000087500000|  0%| F|  |TAMS 0x0000000087400000, 0x0000000087400000| Untracked 
|  73|0x0000000087500000, 0x0000000087500000, 0x0000000087600000|  0%| F|  |TAMS 0x0000000087500000, 0x0000000087500000| Untracked 
|  74|0x0000000087600000, 0x0000000087600000, 0x0000000087700000|  0%| F|  |TAMS 0x0000000087600000, 0x0000000087600000| Untracked 
|  75|0x0000000087700000, 0x0000000087700000, 0x0000000087800000|  0%| F|  |TAMS 0x0000000087700000, 0x0000000087700000| Untracked 
|  76|0x0000000087800000, 0x0000000087800000, 0x0000000087900000|  0%| F|  |TAMS 0x0000000087800000, 0x0000000087800000| Untracked 
|  77|0x0000000087900000, 0x0000000087900000, 0x0000000087a00000|  0%| F|  |TAMS 0x0000000087900000, 0x0000000087900000| Untracked 
|  78|0x0000000087a00000, 0x0000000087a00000, 0x0000000087b00000|  0%| F|  |TAMS 0x0000000087a00000, 0x0000000087a00000| Untracked 
|  79|0x0000000087b00000, 0x0000000087b00000, 0x0000000087c00000|  0%| F|  |TAMS 0x0000000087b00000, 0x0000000087b00000| Untracked 
|  80|0x0000000087c00000, 0x0000000087c00000, 0x0000000087d00000|  0%| F|  |TAMS 0x0000000087c00000, 0x0000000087c00000| Untracked 
|  81|0x0000000087d00000, 0x0000000087d00000, 0x0000000087e00000|  0%| F|  |TAMS 0x0000000087d00000, 0x0000000087d00000| Untracked 
|  82|0x0000000087e00000, 0x0000000087e00000, 0x0000000087f00000|  0%| F|  |TAMS 0x0000000087e00000, 0x0000000087e00000| Untracked 
|  83|0x0000000087f00000, 0x0000000087f00000, 0x0000000088000000|  0%| F|  |TAMS 0x0000000087f00000, 0x0000000087f00000| Untracked 
|  84|0x0000000088000000, 0x0000000088000000, 0x0000000088100000|  0%| F|  |TAMS 0x0000000088000000, 0x0000000088000000| Untracked 
|  85|0x0000000088100000, 0x0000000088100000, 0x0000000088200000|  0%| F|  |TAMS 0x0000000088100000, 0x0000000088100000| Untracked 
|  86|0x0000000088200000, 0x0000000088200000, 0x0000000088300000|  0%| F|  |TAMS 0x0000000088200000, 0x0000000088200000| Untracked 
|  87|0x0000000088300000, 0x0000000088300000, 0x0000000088400000|  0%| F|  |TAMS 0x0000000088300000, 0x0000000088300000| Untracked 
|  88|0x0000000088400000, 0x0000000088400000, 0x0000000088500000|  0%| F|  |TAMS 0x0000000088400000, 0x0000000088400000| Untracked 
|  89|0x0000000088500000, 0x0000000088500000, 0x0000000088600000|  0%| F|  |TAMS 0x0000000088500000, 0x0000000088500000| Untracked 
|  90|0x0000000088600000, 0x0000000088600000, 0x0000000088700000|  0%| F|  |TAMS 0x0000000088600000, 0x0000000088600000| Untracked 
|  91|0x0000000088700000, 0x0000000088700000, 0x0000000088800000|  0%| F|  |TAMS 0x0000000088700000, 0x0000000088700000| Untracked 
|  92|0x0000000088800000, 0x0000000088800000, 0x0000000088900000|  0%| F|  |TAMS 0x0000000088800000, 0x0000000088800000| Untracked 
|  93|0x0000000088900000, 0x0000000088900000, 0x0000000088a00000|  0%| F|  |TAMS 0x0000000088900000, 0x0000000088900000| Untracked 
|  94|0x0000000088a00000, 0x0000000088a00000, 0x0000000088b00000|  0%| F|  |TAMS 0x0000000088a00000, 0x0000000088a00000| Untracked 
|  95|0x0000000088b00000, 0x0000000088b00000, 0x0000000088c00000|  0%| F|  |TAMS 0x0000000088b00000, 0x0000000088b00000| Untracked 
|  96|0x0000000088c00000, 0x0000000088c00000, 0x0000000088d00000|  0%| F|  |TAMS 0x0000000088c00000, 0x0000000088c00000| Untracked 
|  97|0x0000000088d00000, 0x0000000088d00000, 0x0000000088e00000|  0%| F|  |TAMS 0x0000000088d00000, 0x0000000088d00000| Untracked 
|  98|0x0000000088e00000, 0x0000000088e00000, 0x0000000088f00000|  0%| F|  |TAMS 0x0000000088e00000, 0x0000000088e00000| Untracked 
|  99|0x0000000088f00000, 0x0000000088f00000, 0x0000000089000000|  0%| F|  |TAMS 0x0000000088f00000, 0x0000000088f00000| Untracked 
| 100|0x0000000089000000, 0x0000000089000000, 0x0000000089100000|  0%| F|  |TAMS 0x0000000089000000, 0x0000000089000000| Untracked 
| 101|0x0000000089100000, 0x0000000089100000, 0x0000000089200000|  0%| F|  |TAMS 0x0000000089100000, 0x0000000089100000| Untracked 
| 102|0x0000000089200000, 0x0000000089200000, 0x0000000089300000|  0%| F|  |TAMS 0x0000000089200000, 0x0000000089200000| Untracked 
| 103|0x0000000089300000, 0x0000000089300000, 0x0000000089400000|  0%| F|  |TAMS 0x0000000089300000, 0x0000000089300000| Untracked 
| 104|0x0000000089400000, 0x0000000089400000, 0x0000000089500000|  0%| F|  |TAMS 0x0000000089400000, 0x0000000089400000| Untracked 
| 105|0x0000000089500000, 0x0000000089500000, 0x0000000089600000|  0%| F|  |TAMS 0x0000000089500000, 0x0000000089500000| Untracked 
| 106|0x0000000089600000, 0x0000000089600000, 0x0000000089700000|  0%| F|  |TAMS 0x0000000089600000, 0x0000000089600000| Untracked 
| 107|0x0000000089700000, 0x0000000089700000, 0x0000000089800000|  0%| F|  |TAMS 0x0000000089700000, 0x0000000089700000| Untracked 
| 108|0x0000000089800000, 0x0000000089895928, 0x0000000089900000| 58%| S|CS|TAMS 0x0000000089800000, 0x0000000089800000| Complete 
| 109|0x0000000089900000, 0x0000000089a00000, 0x0000000089a00000|100%| S|CS|TAMS 0x0000000089900000, 0x0000000089900000| Complete 
| 110|0x0000000089a00000, 0x0000000089b00000, 0x0000000089b00000|100%| S|CS|TAMS 0x0000000089a00000, 0x0000000089a00000| Complete 
| 111|0x0000000089b00000, 0x0000000089b00000, 0x0000000089c00000|  0%| F|  |TAMS 0x0000000089b00000, 0x0000000089b00000| Untracked 
| 112|0x0000000089c00000, 0x0000000089c00000, 0x0000000089d00000|  0%| F|  |TAMS 0x0000000089c00000, 0x0000000089c00000| Untracked 
| 113|0x0000000089d00000, 0x0000000089d00000, 0x0000000089e00000|  0%| F|  |TAMS 0x0000000089d00000, 0x0000000089d00000| Untracked 
| 114|0x0000000089e00000, 0x0000000089e00000, 0x0000000089f00000|  0%| F|  |TAMS 0x0000000089e00000, 0x0000000089e00000| Untracked 
| 115|0x0000000089f00000, 0x0000000089f00000, 0x000000008a000000|  0%| F|  |TAMS 0x0000000089f00000, 0x0000000089f00000| Untracked 
| 116|0x000000008a000000, 0x000000008a000000, 0x000000008a100000|  0%| F|  |TAMS 0x000000008a000000, 0x000000008a000000| Untracked 
| 117|0x000000008a100000, 0x000000008a100000, 0x000000008a200000|  0%| F|  |TAMS 0x000000008a100000, 0x000000008a100000| Untracked 
| 118|0x000000008a200000, 0x000000008a200000, 0x000000008a300000|  0%| F|  |TAMS 0x000000008a200000, 0x000000008a200000| Untracked 
| 119|0x000000008a300000, 0x000000008a300000, 0x000000008a400000|  0%| F|  |TAMS 0x000000008a300000, 0x000000008a300000| Untracked 
| 120|0x000000008a400000, 0x000000008a400000, 0x000000008a500000|  0%| F|  |TAMS 0x000000008a400000, 0x000000008a400000| Untracked 
| 121|0x000000008a500000, 0x000000008a500000, 0x000000008a600000|  0%| F|  |TAMS 0x000000008a500000, 0x000000008a500000| Untracked 
| 122|0x000000008a600000, 0x000000008a600000, 0x000000008a700000|  0%| F|  |TAMS 0x000000008a600000, 0x000000008a600000| Untracked 
| 123|0x000000008a700000, 0x000000008a700000, 0x000000008a800000|  0%| F|  |TAMS 0x000000008a700000, 0x000000008a700000| Untracked 
| 124|0x000000008a800000, 0x000000008a800000, 0x000000008a900000|  0%| F|  |TAMS 0x000000008a800000, 0x000000008a800000| Untracked 
| 125|0x000000008a900000, 0x000000008a900000, 0x000000008aa00000|  0%| F|  |TAMS 0x000000008a900000, 0x000000008a900000| Untracked 

Card table byte_map: [0x000001c1fd1d0000,0x000001c1fd5c0000] _byte_map_base: 0x000001c1fcdba000

Marking Bits (Prev, Next): (CMBitMap*) 0x000001c1ea30a8c8, (CMBitMap*) 0x000001c1ea30a900
 Prev Bits: [0x000001c1fd9b0000, 0x000001c1ff900000)
 Next Bits: [0x000001c180000000, 0x000001c181f50000)

Polling page: 0x000001c1e81a0000

Metaspace:

Usage:
  Non-class:     12.49 MB capacity,    12.31 MB ( 99%) used,   161.56 KB (  1%) free+waste,    20.06 KB ( <1%) overhead. 
      Class:      1.70 MB capacity,     1.59 MB ( 93%) used,   103.73 KB (  6%) free+waste,     9.94 KB ( <1%) overhead. 
       Both:     14.18 MB capacity,    13.89 MB ( 98%) used,   265.30 KB (  2%) free+waste,    30.00 KB ( <1%) overhead. 

Virtual space:
  Non-class space:       22.00 MB reserved,      12.50 MB ( 57%) committed 
      Class space:        1.00 GB reserved,       1.75 MB ( <1%) committed 
             Both:        1.02 GB reserved,      14.25 MB (  1%) committed 

Chunk freelists:
   Non-Class:  14.00 KB
       Class:  23.00 KB
        Both:  37.00 KB

MaxMetaspaceSize: 17179869184.00 GB
CompressedClassSpaceSize: 1.00 GB
Initial GC threshold: 20.80 MB
Current GC threshold: 21.12 MB
CDS: off

CodeHeap 'non-profiled nmethods': size=120064Kb used=415Kb max_used=415Kb free=119648Kb
 bounds [0x000001c1f58a0000, 0x000001c1f5b10000, 0x000001c1fcde0000]
CodeHeap 'profiled nmethods': size=120000Kb used=2085Kb max_used=2085Kb free=117914Kb
 bounds [0x000001c1ee370000, 0x000001c1ee5e0000, 0x000001c1f58a0000]
CodeHeap 'non-nmethods': size=5696Kb used=1143Kb max_used=1155Kb free=4552Kb
 bounds [0x000001c1edde0000, 0x000001c1ee050000, 0x000001c1ee370000]
 total_blobs=1540 nmethods=1140 adapters=313
 compilation: enabled
              stopped_count=0, restarted_count=0
 full_count=0

Compilation events (20 events):
Event: 4.272 Thread 0x000001c1ffe2e000 1131       3       java.util.Random::next (47 bytes)
Event: 4.273 Thread 0x000001c1ffe2e000 nmethod 1131 0x000001c1ee577710 code [0x000001c1ee5778e0, 0x000001c1ee577b78]
Event: 4.273 Thread 0x000001c1ffe2e000 1125       1       java.util.concurrent.atomic.AtomicLong::get (5 bytes)
Event: 4.273 Thread 0x000001c1ffe2e000 nmethod 1125 0x000001c1f5906110 code [0x000001c1f59062c0, 0x000001c1f5906378]
Event: 4.273 Thread 0x000001c1ffe2e000 1129       3       java.util.concurrent.atomic.AtomicLong::compareAndSet (13 bytes)
Event: 4.273 Thread 0x000001c1ffe2e000 nmethod 1129 0x000001c1ee577c90 code [0x000001c1ee577e40, 0x000001c1ee577f58]
Event: 4.273 Thread 0x000001c1ffe2e000 1132       3       sun.security.provider.ByteArrayAccess::b2iBig64 (614 bytes)
Event: 4.275 Thread 0x000001c1ffe2e000 nmethod 1132 0x000001c1ee578010 code [0x000001c1ee578280, 0x000001c1ee579008]
Event: 4.278 Thread 0x000001c1ffe2e000 1134       1       java.util.concurrent.locks.AbstractOwnableSynchronizer::setExclusiveOwnerThread (6 bytes)
Event: 4.278 Thread 0x000001c1ffe2e000 nmethod 1134 0x000001c1f5906710 code [0x000001c1f59068c0, 0x000001c1f59069b8]
Event: 4.579 Thread 0x000001c1ffe2e000 1135       1       java.util.concurrent.locks.AbstractOwnableSynchronizer::getExclusiveOwnerThread (5 bytes)
Event: 4.579 Thread 0x000001c1ffe2e000 nmethod 1135 0x000001c1f5906a10 code [0x000001c1f5906bc0, 0x000001c1f5906c78]
Event: 4.877 Thread 0x000001c1ffe2e000 1136       1       java.util.concurrent.atomic.AtomicInteger::get (5 bytes)
Event: 4.877 Thread 0x000001c1ffe2e000 nmethod 1136 0x000001c1f5906d10 code [0x000001c1f5906ec0, 0x000001c1f5906f78]
Event: 4.911 Thread 0x000001c1ffe2e000 1137       1       java.util.concurrent.atomic.AtomicReference::get (5 bytes)
Event: 4.912 Thread 0x000001c1ffe2e000 nmethod 1137 0x000001c1f5907010 code [0x000001c1f59071c0, 0x000001c1f5907278]
Event: 5.082 Thread 0x000001c1ffe2e000 1138       1       java.util.concurrent.locks.AbstractQueuedSynchronizer::setState (6 bytes)
Event: 5.083 Thread 0x000001c1ffe2e000 nmethod 1138 0x000001c1f5907310 code [0x000001c1f59074c0, 0x000001c1f5907578]
Event: 5.167 Thread 0x000001c1847a0800 1139       4       java.lang.String::startsWith (7 bytes)
Event: 5.175 Thread 0x000001c1847a0800 nmethod 1139 0x000001c1f5907610 code [0x000001c1f59077a0, 0x000001c1f5907998]

GC Heap History (6 events):
Event: 1.994 GC heap before
{Heap before GC invocations=0 (full 0):
 garbage-first heap   total 129024K, used 16384K [0x0000000082c00000, 0x0000000100000000)
  region size 1024K, 14 young (14336K), 0 survivors (0K)
 Metaspace       used 8394K, capacity 8612K, committed 8832K, reserved 1056768K
  class space    used 750K, capacity 823K, committed 896K, reserved 1048576K
}
Event: 2.025 GC heap after
{Heap after GC invocations=1 (full 0):
 garbage-first heap   total 129024K, used 3498K [0x0000000082c00000, 0x0000000100000000)
  region size 1024K, 2 young (2048K), 2 survivors (2048K)
 Metaspace       used 8394K, capacity 8612K, committed 8832K, reserved 1056768K
  class space    used 750K, capacity 823K, committed 896K, reserved 1048576K
}
Event: 2.846 GC heap before
{Heap before GC invocations=1 (full 0):
 garbage-first heap   total 129024K, used 18858K [0x0000000082c00000, 0x0000000100000000)
  region size 1024K, 14 young (14336K), 2 survivors (2048K)
 Metaspace       used 11054K, capacity 11321K, committed 11520K, reserved 1058816K
  class space    used 1154K, capacity 1241K, committed 1280K, reserved 1048576K
}
Event: 2.851 GC heap after
{Heap after GC invocations=2 (full 0):
 garbage-first heap   total 129024K, used 9602K [0x0000000082c00000, 0x0000000100000000)
  region size 1024K, 2 young (2048K), 2 survivors (2048K)
 Metaspace       used 11054K, capacity 11321K, committed 11520K, reserved 1058816K
  class space    used 1154K, capacity 1241K, committed 1280K, reserved 1048576K
}
Event: 5.189 GC heap before
{Heap before GC invocations=2 (full 0):
 garbage-first heap   total 129024K, used 21890K [0x0000000082c00000, 0x0000000100000000)
  region size 1024K, 15 young (15360K), 2 survivors (2048K)
 Metaspace       used 14227K, capacity 14523K, committed 14592K, reserved 1069056K
  class space    used 1623K, capacity 1737K, committed 1792K, reserved 1048576K
}
Event: 5.196 GC heap after
{Heap after GC invocations=3 (full 0):
 garbage-first heap   total 129024K, used 10200K [0x0000000082c00000, 0x0000000100000000)
  region size 1024K, 3 young (3072K), 3 survivors (3072K)
 Metaspace       used 14227K, capacity 14523K, committed 14592K, reserved 1069056K
  class space    used 1623K, capacity 1737K, committed 1792K, reserved 1048576K
}

Deoptimization events (20 events):
Event: 2.577 Thread 0x000001c1ea2cc800 Uncommon trap: trap_request=0xffffffde fr.pc=0x000001c1f58bf460 relative=0x0000000000000300
Event: 2.577 Thread 0x000001c1ea2cc800 Uncommon trap: reason=class_check action=maybe_recompile pc=0x000001c1f58bf460 method=java.util.regex.Matcher.match(II)Z @ 121 c2
Event: 2.577 Thread 0x000001c1ea2cc800 DEOPT PACKING pc=0x000001c1f58bf460 sp=0x0000001f539fd090
Event: 2.577 Thread 0x000001c1ea2cc800 DEOPT UNPACKING pc=0x000001c1ede2a1af sp=0x0000001f539fd028 mode 2
Event: 2.577 Thread 0x000001c1ea2cc800 Uncommon trap: trap_request=0xffffffde fr.pc=0x000001c1f58bf460 relative=0x0000000000000300
Event: 2.577 Thread 0x000001c1ea2cc800 Uncommon trap: reason=class_check action=maybe_recompile pc=0x000001c1f58bf460 method=java.util.regex.Matcher.match(II)Z @ 121 c2
Event: 2.577 Thread 0x000001c1ea2cc800 DEOPT PACKING pc=0x000001c1f58bf460 sp=0x0000001f539fd090
Event: 2.577 Thread 0x000001c1ea2cc800 DEOPT UNPACKING pc=0x000001c1ede2a1af sp=0x0000001f539fd028 mode 2
Event: 2.588 Thread 0x000001c1ea2cc800 Uncommon trap: trap_request=0xffffff4d fr.pc=0x000001c1f58de65c relative=0x000000000000021c
Event: 2.588 Thread 0x000001c1ea2cc800 Uncommon trap: reason=unstable_if action=reinterpret pc=0x000001c1f58de65c method=java.util.HashMap.hash(Ljava/lang/Object;)I @ 1 c2
Event: 2.588 Thread 0x000001c1ea2cc800 DEOPT PACKING pc=0x000001c1f58de65c sp=0x0000001f539fd160
Event: 2.588 Thread 0x000001c1ea2cc800 DEOPT UNPACKING pc=0x000001c1ede2a1af sp=0x0000001f539fd098 mode 2
Event: 3.259 Thread 0x000001c1ea2cc800 DEOPT PACKING pc=0x000001c1ee41337f sp=0x0000001f539f9d60
Event: 3.259 Thread 0x000001c1ea2cc800 DEOPT UNPACKING pc=0x000001c1ede2a95e sp=0x0000001f539f91b0 mode 0
Event: 3.396 Thread 0x000001c1ea2cc800 DEOPT PACKING pc=0x000001c1ee45c9b0 sp=0x0000001f539f8a80
Event: 3.396 Thread 0x000001c1ea2cc800 DEOPT UNPACKING pc=0x000001c1ede2a95e sp=0x0000001f539f7f98 mode 0
Event: 3.415 Thread 0x000001c1ea2cc800 Uncommon trap: trap_request=0xffffff4d fr.pc=0x000001c1f58f2260 relative=0x00000000000001a0
Event: 3.415 Thread 0x000001c1ea2cc800 Uncommon trap: reason=unstable_if action=reinterpret pc=0x000001c1f58f2260 method=java.util.HashMap.getNode(ILjava/lang/Object;)Ljava/util/HashMap$Node; @ 129 c2
Event: 3.415 Thread 0x000001c1ea2cc800 DEOPT PACKING pc=0x000001c1f58f2260 sp=0x0000001f539fa850
Event: 3.415 Thread 0x000001c1ea2cc800 DEOPT UNPACKING pc=0x000001c1ede2a1af sp=0x0000001f539fa750 mode 2

Classes redefined (0 events):
No events

Internal exceptions (12 events):
Event: 0.599 Thread 0x000001c1ea2cc800 Exception <a 'java/lang/NoSuchMethodError'{0x000000008a88c420}: 'int java.lang.invoke.DirectMethodHandle$Holder.invokeSpecialIFC(java.lang.Object, java.lang.Object, int)'> (0x000000008a88c420) thrown at [./src/hotspot/share/interpreter/linkResolver.cpp, line 773]
Event: 0.852 Thread 0x000001c1ea2cc800 Exception <a 'java/lang/NoSuchMethodError'{0x000000008a6634b0}: 'int java.lang.invoke.DirectMethodHandle$Holder.invokeStaticInit(java.lang.Object, java.lang.Object)'> (0x000000008a6634b0) thrown at [./src/hotspot/share/interpreter/linkResolver.cpp, line 773]
Event: 0.978 Thread 0x000001c1ea2cc800 Exception <a 'java/lang/NoSuchMethodError'{0x000000008a52cda0}: 'int java.lang.invoke.DirectMethodHandle$Holder.invokeSpecial(java.lang.Object, java.lang.Object, java.lang.Object, java.lang.Object)'> (0x000000008a52cda0) thrown at [./src/hotspot/share/interpreter/linkResolver.cpp, line 773]
Event: 2.588 Thread 0x000001c1ea2cc800 Implicit null exception at 0x000001c1f58de475 to 0x000001c1f58de64c
Event: 2.644 Thread 0x000001c1ea2cc800 Exception <a 'java/lang/NoClassDefFoundError'{0x000000008a00a630}: org/slf4j/impl/StaticMarkerBinder> (0x000000008a00a630) thrown at [./src/hotspot/share/classfile/systemDictionary.cpp, line 220]
Event: 2.735 Thread 0x000001c1ea2cc800 Exception <a 'java/lang/NoSuchMethodError'{0x000000008a0f8368}: 'java.lang.Object java.lang.invoke.DirectMethodHandle$Holder.invokeVirtual(java.lang.Object, java.lang.Object, java.lang.Object, java.lang.Object, java.lang.Object, java.lang.Object, java.lang.Object)'> (0x000000008a0f8368) thrown at [./src/hotspot/share/interpreter/linkResolver.cpp, line 773]
Event: 2.740 Thread 0x000001c1ea2cc800 Exception <a 'java/lang/NoSuchMethodError'{0x0000000089f0ccb8}: 'java.lang.Object java.lang.invoke.Invokers$Holder.invoker(java.lang.Object, java.lang.Object, java.lang.Object)'> (0x0000000089f0ccb8) thrown at [./src/hotspot/share/interpreter/linkResolver.cpp, line 773]
Event: 2.746 Thread 0x000001c1ea2cc800 Exception <a 'java/lang/NoSuchMethodError'{0x0000000089f1d8b0}: 'void java.lang.invoke.DelegatingMethodHandle$Holder.delegate(java.lang.Object, java.lang.Object, int, java.lang.Object)'> (0x0000000089f1d8b0) thrown at [./src/hotspot/share/interpreter/linkResolver.cpp, line 773]
Event: 3.077 Thread 0x000001c1ea2cc800 Exception <a 'java/lang/NoSuchMethodError'{0x000000008a519840}: 'java.lang.Object java.lang.invoke.DirectMethodHandle$Holder.invokeInterface(java.lang.Object, java.lang.Object, java.lang.Object)'> (0x000000008a519840) thrown at [./src/hotspot/share/interpreter/linkResolver.cpp, line 773]
Event: 3.206 Thread 0x000001c1ea2cc800 Exception <a 'java/lang/NoSuchMethodError'{0x000000008a3a6ae8}: 'java.lang.Object java.lang.invoke.DirectMethodHandle$Holder.invokeStaticInit(java.lang.Object, java.lang.Object, java.lang.Object)'> (0x000000008a3a6ae8) thrown at [./src/hotspot/share/interpreter/linkResolver.cpp, line 773]
Event: 3.479 Thread 0x000001c1ea2cc800 Exception <a 'java/lang/NoSuchMethodError'{0x0000000089e70640}: 'java.lang.Object java.lang.invoke.DirectMethodHandle$Holder.invokeStaticInit(java.lang.Object, int, int, int, int)'> (0x0000000089e70640) thrown at [./src/hotspot/share/interpreter/linkResolver.cpp, line 773]
Event: 4.274 Thread 0x000001c1ea2cc800 Exception <a 'java/lang/NoSuchMethodError'{0x0000000089b4b658}: 'java.lang.Object java.lang.invoke.DirectMethodHandle$Holder.invokeStaticInit(java.lang.Object, java.lang.Object, int, int, int, int)'> (0x0000000089b4b658) thrown at [./src/hotspot/share/interpreter/linkResolver.cpp, line 773]

Events (20 events):
Event: 5.181 loading class org/gradle/cache/internal/filelock/LockFileAccess done
Event: 5.182 loading class org/gradle/cache/internal/filelock/LockStateAccess
Event: 5.182 loading class org/gradle/cache/internal/filelock/LockStateAccess done
Event: 5.183 loading class java/io/EOFException
Event: 5.183 loading class java/io/EOFException done
Event: 5.184 loading class java/nio/channels/OverlappingFileLockException
Event: 5.184 loading class java/nio/channels/OverlappingFileLockException done
Event: 5.186 loading class org/gradle/cache/internal/filelock/LockInfoAccess
Event: 5.186 loading class org/gradle/cache/internal/filelock/LockInfoAccess done
Event: 5.186 loading class org/gradle/internal/io/RandomAccessFileOutputStream
Event: 5.186 loading class org/gradle/internal/io/RandomAccessFileOutputStream done
Event: 5.187 loading class org/gradle/internal/io/RandomAccessFileInputStream
Event: 5.187 loading class org/gradle/internal/io/RandomAccessFileInputStream done
Event: 5.187 loading class org/gradle/cache/internal/filelock/LockInfoSerializer
Event: 5.187 loading class org/gradle/cache/internal/filelock/LockInfoSerializer done
Event: 5.188 loading class org/gradle/cache/internal/DefaultFileLockManager$AwaitableFileLockReleasedSignal
Event: 5.188 loading class org/gradle/cache/internal/DefaultFileLockManager$AwaitableFileLockReleasedSignal done
Event: 5.188 loading class org/gradle/cache/FileLockReleasedSignal
Event: 5.188 loading class org/gradle/cache/FileLockReleasedSignal done
Event: 5.189 Executing VM operation: CollectForMetadataAllocation


Dynamic libraries:
0x00007ff664aa0000 - 0x00007ff664aaa000 	C:\Program Files\Android\Android Studio\jre\bin\java.exe
0x00007ffb964b0000 - 0x00007ffb966a8000 	C:\WINDOWS\SYSTEM32\ntdll.dll
0x00007ffb704b0000 - 0x00007ffb704c7000 	C:\Program Files\AVG\Antivirus\aswhook.dll
0x00007ffb95380000 - 0x00007ffb9543d000 	C:\WINDOWS\System32\KERNEL32.DLL
0x00007ffb93e90000 - 0x00007ffb94162000 	C:\WINDOWS\System32\KERNELBASE.dll
0x00007ffb94410000 - 0x00007ffb94510000 	C:\WINDOWS\System32\ucrtbase.dll
0x00007ffb8efd0000 - 0x00007ffb8efe7000 	C:\Program Files\Android\Android Studio\jre\bin\VCRUNTIME140.dll
0x00007ffb8f7f0000 - 0x00007ffb8f809000 	C:\Program Files\Android\Android Studio\jre\bin\jli.dll
0x00007ffb95440000 - 0x00007ffb955dd000 	C:\WINDOWS\System32\USER32.dll
0x00007ffb93cd0000 - 0x00007ffb93cf2000 	C:\WINDOWS\System32\win32u.dll
0x00007ffb864a0000 - 0x00007ffb8673a000 	C:\WINDOWS\WinSxS\amd64_microsoft.windows.common-controls_6595b64144ccf1df_6.0.19041.1110_none_60b5254171f9507e\COMCTL32.dll
0x00007ffb95ef0000 - 0x00007ffb95f1b000 	C:\WINDOWS\System32\GDI32.dll
0x00007ffb93bc0000 - 0x00007ffb93ccf000 	C:\WINDOWS\System32\gdi32full.dll
0x00007ffb94ee0000 - 0x00007ffb94f7e000 	C:\WINDOWS\System32\msvcrt.dll
0x00007ffb941a0000 - 0x00007ffb9423d000 	C:\WINDOWS\System32\msvcp_win.dll
0x00007ffb95650000 - 0x00007ffb95680000 	C:\WINDOWS\System32\IMM32.DLL
0x00007ffb75390000 - 0x00007ffb7542d000 	C:\Program Files\Android\Android Studio\jre\bin\msvcp140.dll
0x00007ffb21fd0000 - 0x00007ffb22ad2000 	C:\Program Files\Android\Android Studio\jre\bin\server\jvm.dll
0x00007ffb946e0000 - 0x00007ffb9478e000 	C:\WINDOWS\System32\ADVAPI32.dll
0x00007ffb952e0000 - 0x00007ffb9537c000 	C:\WINDOWS\System32\sechost.dll
0x00007ffb961f0000 - 0x00007ffb96315000 	C:\WINDOWS\System32\RPCRT4.dll
0x00007ffb95f20000 - 0x00007ffb95f28000 	C:\WINDOWS\System32\PSAPI.DLL
0x00007ffb85300000 - 0x00007ffb85309000 	C:\WINDOWS\SYSTEM32\WSOCK32.dll
0x00007ffb72e20000 - 0x00007ffb72e47000 	C:\WINDOWS\SYSTEM32\WINMM.dll
0x00007ffb95730000 - 0x00007ffb9579b000 	C:\WINDOWS\System32\WS2_32.dll
0x00007ffb820e0000 - 0x00007ffb820ea000 	C:\WINDOWS\SYSTEM32\VERSION.dll
0x00007ffb91a80000 - 0x00007ffb91a92000 	C:\WINDOWS\SYSTEM32\kernel.appcore.dll
0x00007ffb89df0000 - 0x00007ffb89e01000 	C:\Program Files\Android\Android Studio\jre\bin\verify.dll
0x00007ffb83ec0000 - 0x00007ffb840a4000 	C:\WINDOWS\SYSTEM32\DBGHELP.DLL
0x00007ffb83e50000 - 0x00007ffb83e7c000 	C:\WINDOWS\SYSTEM32\dbgcore.DLL
0x00007ffb93d00000 - 0x00007ffb93d82000 	C:\WINDOWS\System32\bcryptPrimitives.dll
0x00007ffb75360000 - 0x00007ffb75389000 	C:\Program Files\Android\Android Studio\jre\bin\java.dll
0x00007ffb8f840000 - 0x00007ffb8f84b000 	C:\Program Files\Android\Android Studio\jre\bin\jimage.dll
0x00007ffb81420000 - 0x00007ffb81438000 	C:\Program Files\Android\Android Studio\jre\bin\zip.dll
0x00007ffb957a0000 - 0x00007ffb95ee3000 	C:\WINDOWS\System32\SHELL32.dll
0x00007ffb91c80000 - 0x00007ffb92411000 	C:\WINDOWS\SYSTEM32\windows.storage.dll
0x00007ffb94f80000 - 0x00007ffb952d4000 	C:\WINDOWS\System32\combase.dll
0x00007ffb93540000 - 0x00007ffb93570000 	C:\WINDOWS\SYSTEM32\Wldp.dll
0x00007ffb95680000 - 0x00007ffb9572d000 	C:\WINDOWS\System32\SHCORE.dll
0x00007ffb95f30000 - 0x00007ffb95f85000 	C:\WINDOWS\System32\shlwapi.dll
0x00007ffb93b00000 - 0x00007ffb93b1f000 	C:\WINDOWS\SYSTEM32\profapi.dll
0x00007ffb75340000 - 0x00007ffb7535a000 	C:\Program Files\Android\Android Studio\jre\bin\net.dll
0x00007ffb86820000 - 0x00007ffb8692d000 	C:\WINDOWS\SYSTEM32\WINHTTP.dll
0x00007ffb932a0000 - 0x00007ffb9330a000 	C:\WINDOWS\system32\mswsock.dll
0x00007ffb75320000 - 0x00007ffb75334000 	C:\Program Files\Android\Android Studio\jre\bin\nio.dll
0x00007ffb752f0000 - 0x00007ffb75317000 	C:\Users\loja\.gradle\native\e1d6ef7f7dcc3fd88c89a11ec53ec762bb8ba0a96d01ffa2cd45eb1d1d8dd5c5\windows-amd64\native-platform.dll
0x00007ffb8f7e0000 - 0x00007ffb8f7ea000 	C:\Program Files\Android\Android Studio\jre\bin\management.dll
0x00007ffb8efc0000 - 0x00007ffb8efcd000 	C:\Program Files\Android\Android Studio\jre\bin\management_ext.dll
0x00007ffb93490000 - 0x00007ffb934a8000 	C:\WINDOWS\SYSTEM32\CRYPTSP.dll
0x00007ffb92bc0000 - 0x00007ffb92bf4000 	C:\WINDOWS\system32\rsaenh.dll
0x00007ffb94170000 - 0x00007ffb94197000 	C:\WINDOWS\System32\bcrypt.dll
0x00007ffb93ac0000 - 0x00007ffb93aee000 	C:\WINDOWS\SYSTEM32\USERENV.dll
0x00007ffb934b0000 - 0x00007ffb934bc000 	C:\WINDOWS\SYSTEM32\CRYPTBASE.dll
0x00007ffb92f90000 - 0x00007ffb92fcb000 	C:\WINDOWS\SYSTEM32\IPHLPAPI.DLL
0x00007ffb955e0000 - 0x00007ffb955e8000 	C:\WINDOWS\System32\NSI.dll
0x00007ffb89d00000 - 0x00007ffb89d17000 	C:\WINDOWS\SYSTEM32\dhcpcsvc6.DLL
0x00007ffb8c6f0000 - 0x00007ffb8c70d000 	C:\WINDOWS\SYSTEM32\dhcpcsvc.DLL
0x00007ffb92fd0000 - 0x00007ffb9309a000 	C:\WINDOWS\SYSTEM32\DNSAPI.dll

dbghelp: loaded successfully - version: 4.0.5 - missing functions: none
symbol engine: initialized successfully - sym options: 0x614 - pdb path: .;C:\Program Files\Android\Android Studio\jre\bin;C:\WINDOWS\SYSTEM32;C:\Program Files\AVG\Antivirus;C:\WINDOWS\WinSxS\amd64_microsoft.windows.common-controls_6595b64144ccf1df_6.0.19041.1110_none_60b5254171f9507e;C:\Program Files\Android\Android Studio\jre\bin\server;C:\Users\loja\.gradle\native\e1d6ef7f7dcc3fd88c89a11ec53ec762bb8ba0a96d01ffa2cd45eb1d1d8dd5c5\windows-amd64

VM Arguments:
jvm_args: -Dorg.gradle.appname=gradlew 
java_command: org.gradle.wrapper.GradleWrapperMain -q -Ptarget-platform=android-arm64 -Ptarget=D:\CURSO FLUTTER E DART\FOUR_FINANCES\PIT03GP04\lib\main.dart -Pbase-application-name=android.app.Application -Pdart-defines=RkxVVFRFUl9XRUJfQVVUT19ERVRFQ1Q9dHJ1ZQ== -Pdart-obfuscation=false -Ptrack-widget-creation=true -Ptree-shake-icons=false -Pfilesystem-scheme=org-dartlang-root assembleDebug
java_class_path (initial): D:\CURSO FLUTTER E DART\FOUR_FINANCES\PIT03GP04\android\\gradle\wrapper\gradle-wrapper.jar
Launcher Type: SUN_STANDARD

[Global flags]
     intx CICompilerCount                          = 3                                         {product} {ergonomic}
     uint ConcGCThreads                            = 1                                         {product} {ergonomic}
     uint G1ConcRefinementThreads                  = 4                                         {product} {ergonomic}
   size_t G1HeapRegionSize                         = 1048576                                   {product} {ergonomic}
    uintx GCDrainStackTargetSize                   = 64                                        {product} {ergonomic}
   size_t InitialHeapSize                          = 132120576                                 {product} {ergonomic}
   size_t MarkStackSize                            = 4194304                                   {product} {ergonomic}
   size_t MaxHeapSize                              = 2101346304                                {product} {ergonomic}
   size_t MaxNewSize                               = 1260388352                                {product} {ergonomic}
   size_t MinHeapDeltaBytes                        = 1048576                                   {product} {ergonomic}
    uintx NonNMethodCodeHeapSize                   = 5830732                                {pd product} {ergonomic}
    uintx NonProfiledCodeHeapSize                  = 122913754                              {pd product} {ergonomic}
    uintx ProfiledCodeHeapSize                     = 122913754                              {pd product} {ergonomic}
    uintx ReservedCodeCacheSize                    = 251658240                              {pd product} {ergonomic}
     bool SegmentedCodeCache                       = true                                      {product} {ergonomic}
     bool UseCompressedClassPointers               = true                                 {lp64_product} {ergonomic}
     bool UseCompressedOops                        = true                                 {lp64_product} {ergonomic}
     bool UseG1GC                                  = true                                      {product} {ergonomic}
     bool UseLargePagesIndividualAllocation        = false                                  {pd product} {ergonomic}

Logging:
Log output configuration:
 #0: stdout all=warning uptime,level,tags
 #1: stderr all=off uptime,level,tags

Environment Variables:
JAVA_HOME=C:\Program Files\Android\Android Studio\jre
CLASSPATH=D:\CURSO FLUTTER E DART\FOUR_FINANCES\PIT03GP04\android\\gradle\wrapper\gradle-wrapper.jar
PATH=C:\Users\loja\bin;C:\Program Files\Git\mingw64\bin;C:\Program Files\Git\usr\local\bin;C:\Program Files\Git\usr\bin;C:\Program Files\Git\usr\bin;C:\Program Files\Git\mingw64\bin;C:\Program Files\Git\usr\bin;C:\Users\loja\bin;C:\Program Files\Common Files\Oracle\Java\javapath;C:\Python310\Scripts;C:\Python310;C:\WINDOWS\system32;C:\WINDOWS;C:\WINDOWS\System32\Wbem;C:\WINDOWS\System32\WindowsPowerShell\v1.0;C:\WINDOWS\System32\OpenSSH;C:\Program Files (x86)\Microsoft SQL Server\100\Tools\Binn;C:\Program Files\Microsoft SQL Server\100\Tools\Binn;C:\Program Files\Microsoft SQL Server\100\DTS\Binn;C:\Program Files (x86)\Microsoft SQL Server\100\Tools\Binn\VSShell\Common7\IDE;C:\Program Files (x86)\Microsoft SQL Server\100\DTS\Binn;C:\ProgramData\UNIVALI\Portugol Studio;C:\Program Files\Microsoft SQL Server\Client SDK\ODBC\170\Tools\Binn;C:\Program Files (x86)\Microsoft SQL Server\150\Tools\Binn;C:\Program Files\Microsoft SQL Server\150\Tools\Binn;C:\Program Files\Microsoft SQL Server\150\DTS\Binn;C:\Program Files (x86)\Microsoft SQL Server\150\DTS\Binn;C:\Program Files\Azure Data Studio\bin;C:\ProgramData\chocolatey\bin;C:\Program Files\Git\cmd;C:\Program Files\nodejs;C:\Users\loja\AppData\Local\Microsoft\WindowsApps;C:\Users\loja\AppData\Local\Programs\Microsoft VS Code\bin;C:\Program Files\Azure Data Studio\bin;C:\Users\loja\AppData\Local\GitHubDesktop\bin;C:\Program Files\heroku\bin;C:\Program Files\heroku\bin;C:\Users\loja\AppData\Roaming\npm;C:\Users\loja\AppData\Local\Android\sdk\platform-tools;C:\Users\loja\Documents\flutter_windows_3.3.4-stable\flutter\bin;C:\Users\loja\Documents\flutter_windows_2.2.2-stable\flutter\bin;C:\Users\loja\Documents\flutter_windows_3.0.5-stable\flutter\bin;C:\Program Files\Git\usr\bin\vendor_perl;C:\Program Files\Git\usr\bin\core_perl;C:\Users\loja\Documents\flutter_windows_3.3.4-stable\flutter\bin\mingit\cmd
USERNAME=PSICOTICO
SHELL=C:\Program Files\Git\usr\bin\bash.exe
DISPLAY=needs-to-be-defined
LC_CTYPE=pt_BR.UTF-8
OS=Windows_NT
PROCESSOR_IDENTIFIER=Intel64 Family 6 Model 42 Stepping 7, GenuineIntel



---------------  S Y S T E M  ---------------

OS: Windows 10 , 64 bit Build 19041 (10.0.19041.1889)
OS uptime: 0 days 1:47 hours

CPU:total 4 (initial active 4) (2 cores per cpu, 2 threads per core) family 6 model 42 stepping 7 microcode 0x2f, cmov, cx8, fxsr, mmx, sse, sse2, sse3, ssse3, sse4.1, sse4.2, popcnt, avx, aes, clmul, ht, tsc, tscinvbit

Memory: 4k page, system-wide physical 8008M (975M free)
TotalPageFile size 8008M (AvailPageFile size 0M)
current process WorkingSet (physical memory assigned to process): 89M, peak: 89M
current process commit charge ("private bytes"): 221M, peak: 222M

vm_info: OpenJDK 64-Bit Server VM (11.0.13+0-b1751.21-8125866) for windows-amd64 JRE (11.0.13+0-b1751.21-8125866), built on Feb  2 2022 03:00:22 by "builder" with MS VC++ 14.0 (VS2015)

END.
