#
# There is insufficient memory for the Java Runtime Environment to continue.
# Native memory allocation (malloc) failed to allocate 32744 bytes for ChunkPool::allocate
# Possible reasons:
#   The system is out of physical RAM or swap space
#   The process is running with CompressedOops enabled, and the Java Heap may be blocking the growth of the native heap
# Possible solutions:
#   Reduce memory load on the system
#   Increase physical memory or swap space
#   Check if swap backing store is full
#   Decrease Java heap size (-Xmx/-Xms)
#   Decrease number of Java threads
#   Decrease Java thread stack sizes (-Xss)
#   Set larger code cache with -XX:ReservedCodeCacheSize=
#   JVM is running with Unscaled Compressed Oops mode in which the Java heap is
#     placed in the first 4GB address space. The Java Heap base address is the
#     maximum limit for the native heap growth. Please use -XX:HeapBaseMinAddress
#     to set the Java Heap base and to place the Java Heap above 4GB virtual address.
# This output file may be truncated or incomplete.
#
#  Out of Memory Error (./src/hotspot/share/memory/arena.cpp:81), pid=916, tid=10312
#
# JRE version: OpenJDK Runtime Environment (11.0.13) (build 11.0.13+0-b1751.21-8125866)
# Java VM: OpenJDK 64-Bit Server VM (11.0.13+0-b1751.21-8125866, mixed mode, tiered, compressed oops, g1 gc, windows-amd64)
# No core dump will be written. Minidumps are not enabled by default on client versions of Windows
#

---------------  S U M M A R Y ------------

Command Line: -Dorg.gradle.appname=gradlew org.gradle.wrapper.GradleWrapperMain -q -Ptarget-platform=android-arm64 -Ptarget=D:\CURSO FLUTTER E DART\FOUR_FINANCES\PIT03GP04\lib\main.dart -Pbase-application-name=android.app.Application -Pdart-defines=RkxVVFRFUl9XRUJfQVVUT19ERVRFQ1Q9dHJ1ZQ== -Pdart-obfuscation=false -Ptrack-widget-creation=true -Ptree-shake-icons=false -Pfilesystem-scheme=org-dartlang-root assembleDebug

Host: Intel(R) Core(TM) i5-2450M CPU @ 2.50GHz, 4 cores, 7G,  Windows 10 , 64 bit Build 19041 (10.0.19041.1889)
Time: Sat Oct 29 23:44:16 2022 Hora oficial do Brasil elapsed time: 15.640017 seconds (0d 0h 0m 15s)

---------------  T H R E A D  ---------------

Current thread (0x000001c8b9660000):  JavaThread "C2 CompilerThread0" daemon [_thread_in_native, id=10312, stack(0x0000007d17500000,0x0000007d17600000)]


Current CompileTask:
C2:  15640 1202       4       java.lang.String::lastIndexOf (29 bytes)

Stack: [0x0000007d17500000,0x0000007d17600000]
Native frames: (J=compiled Java code, j=interpreted, Vv=VM code, C=native code)
V  [jvm.dll+0x6100fa]
V  [jvm.dll+0x747090]
V  [jvm.dll+0x7486ad]
V  [jvm.dll+0x748d83]
V  [jvm.dll+0x24ab48]
V  [jvm.dll+0xc075b]
V  [jvm.dll+0xc0a0c]
V  [jvm.dll+0xc060c]
V  [jvm.dll+0x5eed90]
V  [jvm.dll+0x6407ee]
V  [jvm.dll+0x19da88]
V  [jvm.dll+0x2033be]
V  [jvm.dll+0x202437]
V  [jvm.dll+0x188e01]
V  [jvm.dll+0x21106b]
V  [jvm.dll+0x20f8c1]
V  [jvm.dll+0x70de0f]
V  [jvm.dll+0x706a75]
V  [jvm.dll+0x60ed66]
C  [ucrtbase.dll+0x21bb2]
C  [KERNEL32.DLL+0x17034]
C  [ntdll.dll+0x526a1]


---------------  P R O C E S S  ---------------

Threads class SMR info:
_java_thread_list=0x000001c8ba422860, length=13, elements={
0x000001c89d2bc800, 0x000001c8b8ca7000, 0x000001c8b8ca8800, 0x000001c8b965a800,
0x000001c8b965b800, 0x000001c8b965c800, 0x000001c8b9660000, 0x000001c8b969c000,
0x000001c8b96b7000, 0x000001c8b97a9800, 0x000001c8ba531000, 0x000001c8ba613000,
0x000001c8ba2d6800
}

Java Threads: ( => current thread )
  0x000001c89d2bc800 JavaThread "main" [_thread_in_native, id=2948, stack(0x0000007d16900000,0x0000007d16a00000)]
  0x000001c8b8ca7000 JavaThread "Reference Handler" daemon [_thread_blocked, id=7784, stack(0x0000007d17000000,0x0000007d17100000)]
  0x000001c8b8ca8800 JavaThread "Finalizer" daemon [_thread_blocked, id=4820, stack(0x0000007d17100000,0x0000007d17200000)]
  0x000001c8b965a800 JavaThread "Signal Dispatcher" daemon [_thread_blocked, id=12152, stack(0x0000007d17200000,0x0000007d17300000)]
  0x000001c8b965b800 JavaThread "Attach Listener" daemon [_thread_blocked, id=11288, stack(0x0000007d17300000,0x0000007d17400000)]
  0x000001c8b965c800 JavaThread "Service Thread" daemon [_thread_blocked, id=11212, stack(0x0000007d17400000,0x0000007d17500000)]
=>0x000001c8b9660000 JavaThread "C2 CompilerThread0" daemon [_thread_in_native, id=10312, stack(0x0000007d17500000,0x0000007d17600000)]
  0x000001c8b969c000 JavaThread "C1 CompilerThread0" daemon [_thread_blocked, id=5996, stack(0x0000007d17600000,0x0000007d17700000)]
  0x000001c8b96b7000 JavaThread "Sweeper thread" daemon [_thread_blocked, id=7156, stack(0x0000007d17700000,0x0000007d17800000)]
  0x000001c8b97a9800 JavaThread "Common-Cleaner" daemon [_thread_blocked, id=10988, stack(0x0000007d17900000,0x0000007d17a00000)]
  0x000001c8ba531000 JavaThread "pool-1-thread-1" [_thread_blocked, id=6372, stack(0x0000007d17d00000,0x0000007d17e00000)]
  0x000001c8ba613000 JavaThread "DisconnectableInputStream source reader" daemon [_thread_in_native, id=4612, stack(0x0000007d17e00000,0x0000007d17f00000)]
  0x000001c8ba2d6800 JavaThread "Forward input" [_thread_blocked, id=8244, stack(0x0000007d17f00000,0x0000007d18000000)]

Other Threads:
  0x000001c8b8c80000 VMThread "VM Thread" [stack: 0x0000007d16f00000,0x0000007d17000000] [id=936]
  0x000001c8b97a0800 WatcherThread [stack: 0x0000007d17800000,0x0000007d17900000] [id=12180]
  0x000001c89d2d5000 GCTaskThread "GC Thread#0" [stack: 0x0000007d16a00000,0x0000007d16b00000] [id=8640]
  0x000001c8b9d98000 GCTaskThread "GC Thread#1" [stack: 0x0000007d17b00000,0x0000007d17c00000] [id=12248]
  0x000001c8b9abb800 GCTaskThread "GC Thread#2" [stack: 0x0000007d17c00000,0x0000007d17d00000] [id=10204]
  0x000001c89d303800 ConcurrentGCThread "G1 Main Marker" [stack: 0x0000007d16b00000,0x0000007d16c00000] [id=7352]
  0x000001c89d305000 ConcurrentGCThread "G1 Conc#0" [stack: 0x0000007d16c00000,0x0000007d16d00000] [id=9008]
  0x000001c89d384800 ConcurrentGCThread "G1 Refine#0" [stack: 0x0000007d16d00000,0x0000007d16e00000] [id=8040]
  0x000001c89d387800 ConcurrentGCThread "G1 Young RemSet Sampling" [stack: 0x0000007d16e00000,0x0000007d16f00000] [id=7080]

Threads with active compile tasks:
C2 CompilerThread0  15708 1202       4       java.lang.String::lastIndexOf (29 bytes)

VM state:not at safepoint (normal execution)

VM Mutex/Monitor currently owned by a thread: None

Heap address: 0x0000000082c00000, size: 2004 MB, Compressed Oops mode: 32-bit
Narrow klass base: 0x0000000000000000, Narrow klass shift: 3
Compressed class space size: 1073741824 Address: 0x0000000100000000

Heap:
 garbage-first heap   total 129024K, used 25649K [0x0000000082c00000, 0x0000000100000000)
  region size 1024K, 19 young (19456K), 2 survivors (2048K)
 Metaspace       used 15241K, capacity 15630K, committed 15744K, reserved 1062912K
  class space    used 1743K, capacity 1871K, committed 1920K, reserved 1048576K
Heap Regions: E=young(eden), S=young(survivor), O=old, HS=humongous(starts), HC=humongous(continues), CS=collection set, F=free, A=archive, TAMS=top-at-mark-start (previous, next)
|   0|0x0000000082c00000, 0x0000000082d00000, 0x0000000082d00000|100%|HS|  |TAMS 0x0000000082c00000, 0x0000000082c00000| Complete 
|   1|0x0000000082d00000, 0x0000000082e00000, 0x0000000082e00000|100%|HC|  |TAMS 0x0000000082d00000, 0x0000000082d00000| Complete 
|   2|0x0000000082e00000, 0x0000000082f00000, 0x0000000082f00000|100%|HC|  |TAMS 0x0000000082e00000, 0x0000000082e00000| Complete 
|   3|0x0000000082f00000, 0x0000000083000000, 0x0000000083000000|100%| O|  |TAMS 0x0000000082f00000, 0x0000000082f00000| Untracked 
|   4|0x0000000083000000, 0x0000000083100000, 0x0000000083100000|100%| O|  |TAMS 0x0000000083000000, 0x0000000083000000| Untracked 
|   5|0x0000000083100000, 0x0000000083200000, 0x0000000083200000|100%| O|  |TAMS 0x0000000083100000, 0x0000000083100000| Untracked 
|   6|0x0000000083200000, 0x0000000083300000, 0x0000000083300000|100%| O|  |TAMS 0x0000000083200000, 0x0000000083200000| Untracked 
|   7|0x0000000083300000, 0x000000008330c600, 0x0000000083400000|  4%| O|  |TAMS 0x0000000083300000, 0x0000000083300000| Untracked 
|   8|0x0000000083400000, 0x0000000083400000, 0x0000000083500000|  0%| F|  |TAMS 0x0000000083400000, 0x0000000083400000| Untracked 
|   9|0x0000000083500000, 0x0000000083500000, 0x0000000083600000|  0%| F|  |TAMS 0x0000000083500000, 0x0000000083500000| Untracked 
|  10|0x0000000083600000, 0x0000000083600000, 0x0000000083700000|  0%| F|  |TAMS 0x0000000083600000, 0x0000000083600000| Untracked 
|  11|0x0000000083700000, 0x0000000083700000, 0x0000000083800000|  0%| F|  |TAMS 0x0000000083700000, 0x0000000083700000| Untracked 
|  12|0x0000000083800000, 0x0000000083800000, 0x0000000083900000|  0%| F|  |TAMS 0x0000000083800000, 0x0000000083800000| Untracked 
|  13|0x0000000083900000, 0x0000000083900000, 0x0000000083a00000|  0%| F|  |TAMS 0x0000000083900000, 0x0000000083900000| Untracked 
|  14|0x0000000083a00000, 0x0000000083a00000, 0x0000000083b00000|  0%| F|  |TAMS 0x0000000083a00000, 0x0000000083a00000| Untracked 
|  15|0x0000000083b00000, 0x0000000083b00000, 0x0000000083c00000|  0%| F|  |TAMS 0x0000000083b00000, 0x0000000083b00000| Untracked 
|  16|0x0000000083c00000, 0x0000000083c00000, 0x0000000083d00000|  0%| F|  |TAMS 0x0000000083c00000, 0x0000000083c00000| Untracked 
|  17|0x0000000083d00000, 0x0000000083d00000, 0x0000000083e00000|  0%| F|  |TAMS 0x0000000083d00000, 0x0000000083d00000| Untracked 
|  18|0x0000000083e00000, 0x0000000083e00000, 0x0000000083f00000|  0%| F|  |TAMS 0x0000000083e00000, 0x0000000083e00000| Untracked 
|  19|0x0000000083f00000, 0x0000000083f00000, 0x0000000084000000|  0%| F|  |TAMS 0x0000000083f00000, 0x0000000083f00000| Untracked 
|  20|0x0000000084000000, 0x0000000084000000, 0x0000000084100000|  0%| F|  |TAMS 0x0000000084000000, 0x0000000084000000| Untracked 
|  21|0x0000000084100000, 0x0000000084100000, 0x0000000084200000|  0%| F|  |TAMS 0x0000000084100000, 0x0000000084100000| Untracked 
|  22|0x0000000084200000, 0x0000000084200000, 0x0000000084300000|  0%| F|  |TAMS 0x0000000084200000, 0x0000000084200000| Untracked 
|  23|0x0000000084300000, 0x0000000084300000, 0x0000000084400000|  0%| F|  |TAMS 0x0000000084300000, 0x0000000084300000| Untracked 
|  24|0x0000000084400000, 0x0000000084400000, 0x0000000084500000|  0%| F|  |TAMS 0x0000000084400000, 0x0000000084400000| Untracked 
|  25|0x0000000084500000, 0x0000000084500000, 0x0000000084600000|  0%| F|  |TAMS 0x0000000084500000, 0x0000000084500000| Untracked 
|  26|0x0000000084600000, 0x0000000084600000, 0x0000000084700000|  0%| F|  |TAMS 0x0000000084600000, 0x0000000084600000| Untracked 
|  27|0x0000000084700000, 0x0000000084700000, 0x0000000084800000|  0%| F|  |TAMS 0x0000000084700000, 0x0000000084700000| Untracked 
|  28|0x0000000084800000, 0x0000000084800000, 0x0000000084900000|  0%| F|  |TAMS 0x0000000084800000, 0x0000000084800000| Untracked 
|  29|0x0000000084900000, 0x0000000084900000, 0x0000000084a00000|  0%| F|  |TAMS 0x0000000084900000, 0x0000000084900000| Untracked 
|  30|0x0000000084a00000, 0x0000000084a00000, 0x0000000084b00000|  0%| F|  |TAMS 0x0000000084a00000, 0x0000000084a00000| Untracked 
|  31|0x0000000084b00000, 0x0000000084b00000, 0x0000000084c00000|  0%| F|  |TAMS 0x0000000084b00000, 0x0000000084b00000| Untracked 
|  32|0x0000000084c00000, 0x0000000084c00000, 0x0000000084d00000|  0%| F|  |TAMS 0x0000000084c00000, 0x0000000084c00000| Untracked 
|  33|0x0000000084d00000, 0x0000000084d00000, 0x0000000084e00000|  0%| F|  |TAMS 0x0000000084d00000, 0x0000000084d00000| Untracked 
|  34|0x0000000084e00000, 0x0000000084e00000, 0x0000000084f00000|  0%| F|  |TAMS 0x0000000084e00000, 0x0000000084e00000| Untracked 
|  35|0x0000000084f00000, 0x0000000084f00000, 0x0000000085000000|  0%| F|  |TAMS 0x0000000084f00000, 0x0000000084f00000| Untracked 
|  36|0x0000000085000000, 0x0000000085000000, 0x0000000085100000|  0%| F|  |TAMS 0x0000000085000000, 0x0000000085000000| Untracked 
|  37|0x0000000085100000, 0x0000000085100000, 0x0000000085200000|  0%| F|  |TAMS 0x0000000085100000, 0x0000000085100000| Untracked 
|  38|0x0000000085200000, 0x0000000085200000, 0x0000000085300000|  0%| F|  |TAMS 0x0000000085200000, 0x0000000085200000| Untracked 
|  39|0x0000000085300000, 0x0000000085300000, 0x0000000085400000|  0%| F|  |TAMS 0x0000000085300000, 0x0000000085300000| Untracked 
|  40|0x0000000085400000, 0x0000000085400000, 0x0000000085500000|  0%| F|  |TAMS 0x0000000085400000, 0x0000000085400000| Untracked 
|  41|0x0000000085500000, 0x0000000085500000, 0x0000000085600000|  0%| F|  |TAMS 0x0000000085500000, 0x0000000085500000| Untracked 
|  42|0x0000000085600000, 0x0000000085600000, 0x0000000085700000|  0%| F|  |TAMS 0x0000000085600000, 0x0000000085600000| Untracked 
|  43|0x0000000085700000, 0x0000000085700000, 0x0000000085800000|  0%| F|  |TAMS 0x0000000085700000, 0x0000000085700000| Untracked 
|  44|0x0000000085800000, 0x0000000085800000, 0x0000000085900000|  0%| F|  |TAMS 0x0000000085800000, 0x0000000085800000| Untracked 
|  45|0x0000000085900000, 0x0000000085900000, 0x0000000085a00000|  0%| F|  |TAMS 0x0000000085900000, 0x0000000085900000| Untracked 
|  46|0x0000000085a00000, 0x0000000085a00000, 0x0000000085b00000|  0%| F|  |TAMS 0x0000000085a00000, 0x0000000085a00000| Untracked 
|  47|0x0000000085b00000, 0x0000000085b00000, 0x0000000085c00000|  0%| F|  |TAMS 0x0000000085b00000, 0x0000000085b00000| Untracked 
|  48|0x0000000085c00000, 0x0000000085c00000, 0x0000000085d00000|  0%| F|  |TAMS 0x0000000085c00000, 0x0000000085c00000| Untracked 
|  49|0x0000000085d00000, 0x0000000085d00000, 0x0000000085e00000|  0%| F|  |TAMS 0x0000000085d00000, 0x0000000085d00000| Untracked 
|  50|0x0000000085e00000, 0x0000000085e00000, 0x0000000085f00000|  0%| F|  |TAMS 0x0000000085e00000, 0x0000000085e00000| Untracked 
|  51|0x0000000085f00000, 0x0000000085f00000, 0x0000000086000000|  0%| F|  |TAMS 0x0000000085f00000, 0x0000000085f00000| Untracked 
|  52|0x0000000086000000, 0x0000000086000000, 0x0000000086100000|  0%| F|  |TAMS 0x0000000086000000, 0x0000000086000000| Untracked 
|  53|0x0000000086100000, 0x0000000086100000, 0x0000000086200000|  0%| F|  |TAMS 0x0000000086100000, 0x0000000086100000| Untracked 
|  54|0x0000000086200000, 0x0000000086200000, 0x0000000086300000|  0%| F|  |TAMS 0x0000000086200000, 0x0000000086200000| Untracked 
|  55|0x0000000086300000, 0x0000000086300000, 0x0000000086400000|  0%| F|  |TAMS 0x0000000086300000, 0x0000000086300000| Untracked 
|  56|0x0000000086400000, 0x0000000086400000, 0x0000000086500000|  0%| F|  |TAMS 0x0000000086400000, 0x0000000086400000| Untracked 
|  57|0x0000000086500000, 0x0000000086500000, 0x0000000086600000|  0%| F|  |TAMS 0x0000000086500000, 0x0000000086500000| Untracked 
|  58|0x0000000086600000, 0x0000000086600000, 0x0000000086700000|  0%| F|  |TAMS 0x0000000086600000, 0x0000000086600000| Untracked 
|  59|0x0000000086700000, 0x0000000086700000, 0x0000000086800000|  0%| F|  |TAMS 0x0000000086700000, 0x0000000086700000| Untracked 
|  60|0x0000000086800000, 0x0000000086800000, 0x0000000086900000|  0%| F|  |TAMS 0x0000000086800000, 0x0000000086800000| Untracked 
|  61|0x0000000086900000, 0x0000000086900000, 0x0000000086a00000|  0%| F|  |TAMS 0x0000000086900000, 0x0000000086900000| Untracked 
|  62|0x0000000086a00000, 0x0000000086a00000, 0x0000000086b00000|  0%| F|  |TAMS 0x0000000086a00000, 0x0000000086a00000| Untracked 
|  63|0x0000000086b00000, 0x0000000086b00000, 0x0000000086c00000|  0%| F|  |TAMS 0x0000000086b00000, 0x0000000086b00000| Untracked 
|  64|0x0000000086c00000, 0x0000000086c00000, 0x0000000086d00000|  0%| F|  |TAMS 0x0000000086c00000, 0x0000000086c00000| Untracked 
|  65|0x0000000086d00000, 0x0000000086d00000, 0x0000000086e00000|  0%| F|  |TAMS 0x0000000086d00000, 0x0000000086d00000| Untracked 
|  66|0x0000000086e00000, 0x0000000086e00000, 0x0000000086f00000|  0%| F|  |TAMS 0x0000000086e00000, 0x0000000086e00000| Untracked 
|  67|0x0000000086f00000, 0x0000000086f00000, 0x0000000087000000|  0%| F|  |TAMS 0x0000000086f00000, 0x0000000086f00000| Untracked 
|  68|0x0000000087000000, 0x0000000087000000, 0x0000000087100000|  0%| F|  |TAMS 0x0000000087000000, 0x0000000087000000| Untracked 
|  69|0x0000000087100000, 0x0000000087100000, 0x0000000087200000|  0%| F|  |TAMS 0x0000000087100000, 0x0000000087100000| Untracked 
|  70|0x0000000087200000, 0x0000000087200000, 0x0000000087300000|  0%| F|  |TAMS 0x0000000087200000, 0x0000000087200000| Untracked 
|  71|0x0000000087300000, 0x0000000087300000, 0x0000000087400000|  0%| F|  |TAMS 0x0000000087300000, 0x0000000087300000| Untracked 
|  72|0x0000000087400000, 0x0000000087400000, 0x0000000087500000|  0%| F|  |TAMS 0x0000000087400000, 0x0000000087400000| Untracked 
|  73|0x0000000087500000, 0x0000000087500000, 0x0000000087600000|  0%| F|  |TAMS 0x0000000087500000, 0x0000000087500000| Untracked 
|  74|0x0000000087600000, 0x0000000087600000, 0x0000000087700000|  0%| F|  |TAMS 0x0000000087600000, 0x0000000087600000| Untracked 
|  75|0x0000000087700000, 0x0000000087700000, 0x0000000087800000|  0%| F|  |TAMS 0x0000000087700000, 0x0000000087700000| Untracked 
|  76|0x0000000087800000, 0x0000000087800000, 0x0000000087900000|  0%| F|  |TAMS 0x0000000087800000, 0x0000000087800000| Untracked 
|  77|0x0000000087900000, 0x0000000087900000, 0x0000000087a00000|  0%| F|  |TAMS 0x0000000087900000, 0x0000000087900000| Untracked 
|  78|0x0000000087a00000, 0x0000000087a00000, 0x0000000087b00000|  0%| F|  |TAMS 0x0000000087a00000, 0x0000000087a00000| Untracked 
|  79|0x0000000087b00000, 0x0000000087b00000, 0x0000000087c00000|  0%| F|  |TAMS 0x0000000087b00000, 0x0000000087b00000| Untracked 
|  80|0x0000000087c00000, 0x0000000087c00000, 0x0000000087d00000|  0%| F|  |TAMS 0x0000000087c00000, 0x0000000087c00000| Untracked 
|  81|0x0000000087d00000, 0x0000000087d00000, 0x0000000087e00000|  0%| F|  |TAMS 0x0000000087d00000, 0x0000000087d00000| Untracked 
|  82|0x0000000087e00000, 0x0000000087e00000, 0x0000000087f00000|  0%| F|  |TAMS 0x0000000087e00000, 0x0000000087e00000| Untracked 
|  83|0x0000000087f00000, 0x0000000087f00000, 0x0000000088000000|  0%| F|  |TAMS 0x0000000087f00000, 0x0000000087f00000| Untracked 
|  84|0x0000000088000000, 0x0000000088000000, 0x0000000088100000|  0%| F|  |TAMS 0x0000000088000000, 0x0000000088000000| Untracked 
|  85|0x0000000088100000, 0x0000000088100000, 0x0000000088200000|  0%| F|  |TAMS 0x0000000088100000, 0x0000000088100000| Untracked 
|  86|0x0000000088200000, 0x0000000088200000, 0x0000000088300000|  0%| F|  |TAMS 0x0000000088200000, 0x0000000088200000| Untracked 
|  87|0x0000000088300000, 0x0000000088300000, 0x0000000088400000|  0%| F|  |TAMS 0x0000000088300000, 0x0000000088300000| Untracked 
|  88|0x0000000088400000, 0x0000000088400000, 0x0000000088500000|  0%| F|  |TAMS 0x0000000088400000, 0x0000000088400000| Untracked 
|  89|0x0000000088500000, 0x0000000088500000, 0x0000000088600000|  0%| F|  |TAMS 0x0000000088500000, 0x0000000088500000| Untracked 
|  90|0x0000000088600000, 0x0000000088600000, 0x0000000088700000|  0%| F|  |TAMS 0x0000000088600000, 0x0000000088600000| Untracked 
|  91|0x0000000088700000, 0x0000000088700000, 0x0000000088800000|  0%| F|  |TAMS 0x0000000088700000, 0x0000000088700000| Untracked 
|  92|0x0000000088800000, 0x0000000088800000, 0x0000000088900000|  0%| F|  |TAMS 0x0000000088800000, 0x0000000088800000| Untracked 
|  93|0x0000000088900000, 0x0000000088900000, 0x0000000088a00000|  0%| F|  |TAMS 0x0000000088900000, 0x0000000088900000| Untracked 
|  94|0x0000000088a00000, 0x0000000088a00000, 0x0000000088b00000|  0%| F|  |TAMS 0x0000000088a00000, 0x0000000088a00000| Untracked 
|  95|0x0000000088b00000, 0x0000000088b00000, 0x0000000088c00000|  0%| F|  |TAMS 0x0000000088b00000, 0x0000000088b00000| Untracked 
|  96|0x0000000088c00000, 0x0000000088c00000, 0x0000000088d00000|  0%| F|  |TAMS 0x0000000088c00000, 0x0000000088c00000| Untracked 
|  97|0x0000000088d00000, 0x0000000088d00000, 0x0000000088e00000|  0%| F|  |TAMS 0x0000000088d00000, 0x0000000088d00000| Untracked 
|  98|0x0000000088e00000, 0x0000000088e00000, 0x0000000088f00000|  0%| F|  |TAMS 0x0000000088e00000, 0x0000000088e00000| Untracked 
|  99|0x0000000088f00000, 0x0000000088f00000, 0x0000000089000000|  0%| F|  |TAMS 0x0000000088f00000, 0x0000000088f00000| Untracked 
| 100|0x0000000089000000, 0x0000000089000000, 0x0000000089100000|  0%| F|  |TAMS 0x0000000089000000, 0x0000000089000000| Untracked 
| 101|0x0000000089100000, 0x0000000089100000, 0x0000000089200000|  0%| F|  |TAMS 0x0000000089100000, 0x0000000089100000| Untracked 
| 102|0x0000000089200000, 0x0000000089200000, 0x0000000089300000|  0%| F|  |TAMS 0x0000000089200000, 0x0000000089200000| Untracked 
| 103|0x0000000089300000, 0x0000000089300000, 0x0000000089400000|  0%| F|  |TAMS 0x0000000089300000, 0x0000000089300000| Untracked 
| 104|0x0000000089400000, 0x0000000089400000, 0x0000000089500000|  0%| F|  |TAMS 0x0000000089400000, 0x0000000089400000| Untracked 
| 105|0x0000000089500000, 0x0000000089500000, 0x0000000089600000|  0%| F|  |TAMS 0x0000000089500000, 0x0000000089500000| Untracked 
| 106|0x0000000089600000, 0x0000000089600000, 0x0000000089700000|  0%| F|  |TAMS 0x0000000089600000, 0x0000000089600000| Untracked 
| 107|0x0000000089700000, 0x00000000897b1350, 0x0000000089800000| 69%| E|  |TAMS 0x0000000089700000, 0x0000000089700000| Complete 
| 108|0x0000000089800000, 0x0000000089900000, 0x0000000089900000|100%| E|CS|TAMS 0x0000000089800000, 0x0000000089800000| Complete 
| 109|0x0000000089900000, 0x0000000089a00000, 0x0000000089a00000|100%| E|CS|TAMS 0x0000000089900000, 0x0000000089900000| Complete 
| 110|0x0000000089a00000, 0x0000000089b00000, 0x0000000089b00000|100%| E|CS|TAMS 0x0000000089a00000, 0x0000000089a00000| Complete 
| 111|0x0000000089b00000, 0x0000000089c00000, 0x0000000089c00000|100%| E|CS|TAMS 0x0000000089b00000, 0x0000000089b00000| Complete 
| 112|0x0000000089c00000, 0x0000000089d00000, 0x0000000089d00000|100%| E|CS|TAMS 0x0000000089c00000, 0x0000000089c00000| Complete 
| 113|0x0000000089d00000, 0x0000000089e00000, 0x0000000089e00000|100%| E|CS|TAMS 0x0000000089d00000, 0x0000000089d00000| Complete 
| 114|0x0000000089e00000, 0x0000000089f00000, 0x0000000089f00000|100%| S|CS|TAMS 0x0000000089e00000, 0x0000000089e00000| Complete 
| 115|0x0000000089f00000, 0x000000008a000000, 0x000000008a000000|100%| S|CS|TAMS 0x0000000089f00000, 0x0000000089f00000| Complete 
| 116|0x000000008a000000, 0x000000008a100000, 0x000000008a100000|100%| E|CS|TAMS 0x000000008a000000, 0x000000008a000000| Complete 
| 117|0x000000008a100000, 0x000000008a200000, 0x000000008a200000|100%| E|CS|TAMS 0x000000008a100000, 0x000000008a100000| Complete 
| 118|0x000000008a200000, 0x000000008a300000, 0x000000008a300000|100%| E|CS|TAMS 0x000000008a200000, 0x000000008a200000| Complete 
| 119|0x000000008a300000, 0x000000008a400000, 0x000000008a400000|100%| E|CS|TAMS 0x000000008a300000, 0x000000008a300000| Complete 
| 120|0x000000008a400000, 0x000000008a500000, 0x000000008a500000|100%| E|CS|TAMS 0x000000008a400000, 0x000000008a400000| Complete 
| 121|0x000000008a500000, 0x000000008a600000, 0x000000008a600000|100%| E|CS|TAMS 0x000000008a500000, 0x000000008a500000| Complete 
| 122|0x000000008a600000, 0x000000008a700000, 0x000000008a700000|100%| E|CS|TAMS 0x000000008a600000, 0x000000008a600000| Complete 
| 123|0x000000008a700000, 0x000000008a800000, 0x000000008a800000|100%| E|CS|TAMS 0x000000008a700000, 0x000000008a700000| Complete 
| 124|0x000000008a800000, 0x000000008a900000, 0x000000008a900000|100%| E|CS|TAMS 0x000000008a800000, 0x000000008a800000| Complete 
| 125|0x000000008a900000, 0x000000008aa00000, 0x000000008aa00000|100%| E|CS|TAMS 0x000000008a900000, 0x000000008a900000| Complete 

Card table byte_map: [0x000001c8b1fd0000,0x000001c8b23c0000] _byte_map_base: 0x000001c8b1bba000

Marking Bits (Prev, Next): (CMBitMap*) 0x000001c89d2fb168, (CMBitMap*) 0x000001c89d2fb1a0
 Prev Bits: [0x000001c8b27b0000, 0x000001c8b4700000)
 Next Bits: [0x000001c8b4700000, 0x000001c8b6650000)

Polling page: 0x000001c89eb40000

Metaspace:

Usage:
  Non-class:     13.44 MB capacity,    13.18 MB ( 98%) used,   239.03 KB (  2%) free+waste,    21.63 KB ( <1%) overhead. 
      Class:      1.83 MB capacity,     1.70 MB ( 93%) used,   117.43 KB (  6%) free+waste,    10.56 KB ( <1%) overhead. 
       Both:     15.26 MB capacity,    14.88 MB ( 98%) used,   356.46 KB (  2%) free+waste,    32.19 KB ( <1%) overhead. 

Virtual space:
  Non-class space:       14.00 MB reserved,      13.50 MB ( 96%) committed 
      Class space:        1.00 GB reserved,       1.88 MB ( <1%) committed 
             Both:        1.01 GB reserved,      15.38 MB (  1%) committed 

Chunk freelists:
   Non-Class:  1.00 KB
       Class:  17.00 KB
        Both:  18.00 KB

MaxMetaspaceSize: 17179869184.00 GB
CompressedClassSpaceSize: 1.00 GB
Initial GC threshold: 20.80 MB
Current GC threshold: 20.80 MB
CDS: off

CodeHeap 'non-profiled nmethods': size=120064Kb used=454Kb max_used=454Kb free=119609Kb
 bounds [0x000001c8aa060000, 0x000001c8aa2d0000, 0x000001c8b15a0000]
CodeHeap 'profiled nmethods': size=120000Kb used=2213Kb max_used=2213Kb free=117786Kb
 bounds [0x000001c8a2b30000, 0x000001c8a2da0000, 0x000001c8aa060000]
CodeHeap 'non-nmethods': size=5696Kb used=1158Kb max_used=1168Kb free=4537Kb
 bounds [0x000001c8a25a0000, 0x000001c8a2810000, 0x000001c8a2b30000]
 total_blobs=1622 nmethods=1202 adapters=333
 compilation: enabled
              stopped_count=0, restarted_count=0
 full_count=0

Compilation events (20 events):
Event: 15.017 Thread 0x000001c8b969c000 nmethod 1193 0x000001c8a2d57a10 code [0x000001c8a2d57bc0, 0x000001c8a2d57d58]
Event: 15.017 Thread 0x000001c8b969c000 1194       3       java.util.concurrent.ThreadPoolExecutor::workerCountOf (5 bytes)
Event: 15.017 Thread 0x000001c8b969c000 nmethod 1194 0x000001c8a2d57e10 code [0x000001c8a2d57fc0, 0x000001c8a2d58098]
Event: 15.112 Thread 0x000001c8b969c000 1195       1       java.util.concurrent.ThreadPoolExecutor::getQueue (5 bytes)
Event: 15.112 Thread 0x000001c8b969c000 nmethod 1195 0x000001c8aa0d0f10 code [0x000001c8aa0d10c0, 0x000001c8aa0d1178]
Event: 15.112 Thread 0x000001c8b969c000 1196       3       java.util.concurrent.locks.AbstractQueuedSynchronizer::isOnSyncQueue (33 bytes)
Event: 15.113 Thread 0x000001c8b969c000 nmethod 1196 0x000001c8a2d58110 code [0x000001c8a2d582e0, 0x000001c8a2d58638]
Event: 15.113 Thread 0x000001c8b969c000 1197       3       java.util.concurrent.locks.LockSupport::setBlocker (12 bytes)
Event: 15.113 Thread 0x000001c8b969c000 nmethod 1197 0x000001c8a2d58790 code [0x000001c8a2d58940, 0x000001c8a2d58a78]
Event: 15.205 Thread 0x000001c8b969c000 1198       3       java.util.concurrent.ScheduledThreadPoolExecutor$DelayedWorkQueue::setIndex (16 bytes)
Event: 15.206 Thread 0x000001c8b969c000 nmethod 1198 0x000001c8a2d58b10 code [0x000001c8a2d58cc0, 0x000001c8a2d58fb8]
Event: 15.206 Thread 0x000001c8b969c000 1199       1       org.gradle.internal.logging.console.ThrottlingOutputEventListener::access$000 (5 bytes)
Event: 15.206 Thread 0x000001c8b969c000 nmethod 1199 0x000001c8aa0d1210 code [0x000001c8aa0d13c0, 0x000001c8aa0d1458]
Event: 15.206 Thread 0x000001c8b969c000 1200       1       org.gradle.internal.logging.events.UpdateNowEvent::getLogLevel (2 bytes)
Event: 15.206 Thread 0x000001c8b969c000 nmethod 1200 0x000001c8aa0d1510 code [0x000001c8aa0d16c0, 0x000001c8aa0d1778]
Event: 15.206 Thread 0x000001c8b969c000 1201       1       org.gradle.internal.logging.events.UpdateNowEvent::getTimestamp (5 bytes)
Event: 15.206 Thread 0x000001c8b969c000 nmethod 1201 0x000001c8aa0d1810 code [0x000001c8aa0d19c0, 0x000001c8aa0d1a78]
Event: 15.631 Thread 0x000001c8b9660000 1202       4       java.lang.String::lastIndexOf (29 bytes)
Event: 15.632 Thread 0x000001c8b969c000 1203       3       java.util.concurrent.locks.ReentrantLock$Sync::tryRelease (45 bytes)
Event: 15.633 Thread 0x000001c8b969c000 nmethod 1203 0x000001c8a2d59090 code [0x000001c8a2d59260, 0x000001c8a2d59548]

GC Heap History (4 events):
Event: 1.809 GC heap before
{Heap before GC invocations=0 (full 0):
 garbage-first heap   total 129024K, used 16384K [0x0000000082c00000, 0x0000000100000000)
  region size 1024K, 14 young (14336K), 0 survivors (0K)
 Metaspace       used 8405K, capacity 8676K, committed 8832K, reserved 1056768K
  class space    used 750K, capacity 823K, committed 896K, reserved 1048576K
}
Event: 1.815 GC heap after
{Heap after GC invocations=1 (full 0):
 garbage-first heap   total 129024K, used 3474K [0x0000000082c00000, 0x0000000100000000)
  region size 1024K, 2 young (2048K), 2 survivors (2048K)
 Metaspace       used 8405K, capacity 8676K, committed 8832K, reserved 1056768K
  class space    used 750K, capacity 823K, committed 896K, reserved 1048576K
}
Event: 2.286 GC heap before
{Heap before GC invocations=1 (full 0):
 garbage-first heap   total 129024K, used 16786K [0x0000000082c00000, 0x0000000100000000)
  region size 1024K, 12 young (12288K), 2 survivors (2048K)
 Metaspace       used 10688K, capacity 10913K, committed 11264K, reserved 1058816K
  class space    used 1087K, capacity 1166K, committed 1280K, reserved 1048576K
}
Event: 2.292 GC heap after
{Heap after GC invocations=2 (full 0):
 garbage-first heap   total 129024K, used 9265K [0x0000000082c00000, 0x0000000100000000)
  region size 1024K, 2 young (2048K), 2 survivors (2048K)
 Metaspace       used 10688K, capacity 10913K, committed 11264K, reserved 1058816K
  class space    used 1087K, capacity 1166K, committed 1280K, reserved 1048576K
}

Deoptimization events (20 events):
Event: 2.961 Thread 0x000001c89d2bc800 DEOPT PACKING pc=0x000001c8a2c1a7b0 sp=0x0000007d169f8670
Event: 2.961 Thread 0x000001c89d2bc800 DEOPT UNPACKING pc=0x000001c8a25ea95e sp=0x0000007d169f7b88 mode 0
Event: 2.979 Thread 0x000001c89d2bc800 Uncommon trap: trap_request=0xffffff4d fr.pc=0x000001c8aa0ba3f0 relative=0x00000000000001b0
Event: 2.979 Thread 0x000001c89d2bc800 Uncommon trap: reason=unstable_if action=reinterpret pc=0x000001c8aa0ba3f0 method=java.util.HashMap.getNode(ILjava/lang/Object;)Ljava/util/HashMap$Node; @ 129 c2
Event: 2.980 Thread 0x000001c89d2bc800 DEOPT PACKING pc=0x000001c8aa0ba3f0 sp=0x0000007d169fa4d0
Event: 2.980 Thread 0x000001c89d2bc800 DEOPT UNPACKING pc=0x000001c8a25ea1af sp=0x0000007d169fa3d0 mode 2
Event: 2.982 Thread 0x000001c89d2bc800 DEOPT PACKING pc=0x000001c8a2bd22ff sp=0x0000007d169f8260
Event: 2.982 Thread 0x000001c89d2bc800 DEOPT UNPACKING pc=0x000001c8a25ea95e sp=0x0000007d169f76b0 mode 0
Event: 3.489 Thread 0x000001c89d2bc800 Uncommon trap: trap_request=0xffffff4d fr.pc=0x000001c8aa0b7bbc relative=0x0000000000001a5c
Event: 3.489 Thread 0x000001c89d2bc800 Uncommon trap: reason=unstable_if action=reinterpret pc=0x000001c8aa0b7bbc method=java.io.WinNTFileSystem.normalize(Ljava/lang/String;)Ljava/lang/String; @ 128 c2
Event: 3.490 Thread 0x000001c89d2bc800 DEOPT PACKING pc=0x000001c8aa0b7bbc sp=0x0000007d169fa000
Event: 3.490 Thread 0x000001c89d2bc800 DEOPT UNPACKING pc=0x000001c8a25ea1af sp=0x0000007d169f9fd8 mode 2
Event: 4.106 Thread 0x000001c89d2bc800 Uncommon trap: trap_request=0xffffff4d fr.pc=0x000001c8aa098af8 relative=0x00000000000005b8
Event: 4.106 Thread 0x000001c89d2bc800 Uncommon trap: reason=unstable_if action=reinterpret pc=0x000001c8aa098af8 method=java.lang.AbstractStringBuilder.append(Ljava/lang/String;)Ljava/lang/AbstractStringBuilder; @ 1 c2
Event: 4.106 Thread 0x000001c89d2bc800 DEOPT PACKING pc=0x000001c8aa098af8 sp=0x0000007d169fc370
Event: 4.106 Thread 0x000001c89d2bc800 DEOPT UNPACKING pc=0x000001c8a25ea1af sp=0x0000007d169fc2f0 mode 2
Event: 4.106 Thread 0x000001c89d2bc800 Uncommon trap: trap_request=0xffffff4d fr.pc=0x000001c8aa097fc8 relative=0x0000000000000588
Event: 4.106 Thread 0x000001c89d2bc800 Uncommon trap: reason=unstable_if action=reinterpret pc=0x000001c8aa097fc8 method=java.lang.AbstractStringBuilder.append(Ljava/lang/String;)Ljava/lang/AbstractStringBuilder; @ 1 c2
Event: 4.106 Thread 0x000001c89d2bc800 DEOPT PACKING pc=0x000001c8aa097fc8 sp=0x0000007d169fc310
Event: 4.106 Thread 0x000001c89d2bc800 DEOPT UNPACKING pc=0x000001c8a25ea1af sp=0x0000007d169fc2f8 mode 2

Classes redefined (0 events):
No events

Internal exceptions (14 events):
Event: 0.414 Thread 0x000001c89d2bc800 Exception <a 'java/lang/NoSuchMethodError'{0x000000008a88c3f0}: 'int java.lang.invoke.DirectMethodHandle$Holder.invokeSpecialIFC(java.lang.Object, java.lang.Object, int)'> (0x000000008a88c3f0) thrown at [./src/hotspot/share/interpreter/linkResolver.cpp, line 773]
Event: 0.632 Thread 0x000001c89d2bc800 Exception <a 'java/lang/NoSuchMethodError'{0x000000008a663430}: 'int java.lang.invoke.DirectMethodHandle$Holder.invokeStaticInit(java.lang.Object, java.lang.Object)'> (0x000000008a663430) thrown at [./src/hotspot/share/interpreter/linkResolver.cpp, line 773]
Event: 0.823 Thread 0x000001c89d2bc800 Exception <a 'java/lang/NoSuchMethodError'{0x000000008a52cd48}: 'int java.lang.invoke.DirectMethodHandle$Holder.invokeSpecial(java.lang.Object, java.lang.Object, java.lang.Object, java.lang.Object)'> (0x000000008a52cd48) thrown at [./src/hotspot/share/interpreter/linkResolver.cpp, line 773]
Event: 2.209 Thread 0x000001c89d2bc800 Implicit null exception at 0x000001c8aa0a2a75 to 0x000001c8aa0a2c70
Event: 2.258 Thread 0x000001c89d2bc800 Exception <a 'java/lang/NoClassDefFoundError'{0x000000008a00e988}: org/slf4j/impl/StaticMarkerBinder> (0x000000008a00e988) thrown at [./src/hotspot/share/classfile/systemDictionary.cpp, line 220]
Event: 2.284 Thread 0x000001c89d2bc800 Exception <a 'java/lang/NoSuchMethodError'{0x000000008a0fc708}: 'java.lang.Object java.lang.invoke.DirectMethodHandle$Holder.invokeVirtual(java.lang.Object, java.lang.Object, java.lang.Object, java.lang.Object, java.lang.Object, java.lang.Object, java.lang.Object)'> (0x000000008a0fc708) thrown at [./src/hotspot/share/interpreter/linkResolver.cpp, line 773]
Event: 2.305 Thread 0x000001c89d2bc800 Exception <a 'java/lang/NoSuchMethodError'{0x000000008a911028}: 'java.lang.Object java.lang.invoke.Invokers$Holder.invoker(java.lang.Object, java.lang.Object, java.lang.Object)'> (0x000000008a911028) thrown at [./src/hotspot/share/interpreter/linkResolver.cpp, line 773]
Event: 2.310 Thread 0x000001c89d2bc800 Exception <a 'java/lang/NoSuchMethodError'{0x000000008a921d68}: 'void java.lang.invoke.DelegatingMethodHandle$Holder.delegate(java.lang.Object, java.lang.Object, int, java.lang.Object)'> (0x000000008a921d68) thrown at [./src/hotspot/share/interpreter/linkResolver.cpp, line 773]
Event: 2.570 Thread 0x000001c89d2bc800 Exception <a 'java/lang/NoSuchMethodError'{0x000000008a319190}: 'java.lang.Object java.lang.invoke.DirectMethodHandle$Holder.invokeInterface(java.lang.Object, java.lang.Object, java.lang.Object)'> (0x000000008a319190) thrown at [./src/hotspot/share/interpreter/linkResolver.cpp, line 773]
Event: 2.778 Thread 0x000001c89d2bc800 Exception <a 'java/lang/NoSuchMethodError'{0x000000008a1a8450}: 'java.lang.Object java.lang.invoke.DirectMethodHandle$Holder.invokeStaticInit(java.lang.Object, java.lang.Object, java.lang.Object)'> (0x000000008a1a8450) thrown at [./src/hotspot/share/interpreter/linkResolver.cpp, line 773]
Event: 3.039 Thread 0x000001c89d2bc800 Exception <a 'java/lang/NoSuchMethodError'{0x0000000089a6dc70}: 'java.lang.Object java.lang.invoke.DirectMethodHandle$Holder.invokeStaticInit(java.lang.Object, int, int, int, int)'> (0x0000000089a6dc70) thrown at [./src/hotspot/share/interpreter/linkResolver.cpp, line 773]
Event: 3.524 Thread 0x000001c89d2bc800 Exception <a 'java/lang/NoSuchMethodError'{0x0000000089939a58}: 'java.lang.Object java.lang.invoke.DirectMethodHandle$Holder.invokeStaticInit(java.lang.Object, java.lang.Object, int, int, int, int)'> (0x0000000089939a58) thrown at [./src/hotspot/share/interpreter/linkResolver.cpp, line 773]
Event: 4.106 Thread 0x000001c89d2bc800 Implicit null exception at 0x000001c8aa098574 to 0x000001c8aa098ae4
Event: 4.106 Thread 0x000001c89d2bc800 Implicit null exception at 0x000001c8aa097a74 to 0x000001c8aa097fb4

Events (20 events):
Event: 4.795 loading class jdk/internal/reflect/UTF8
Event: 4.795 loading class jdk/internal/reflect/UTF8 done
Event: 4.796 loading class jdk/internal/reflect/Label
Event: 4.796 loading class jdk/internal/reflect/Label done
Event: 4.796 loading class jdk/internal/reflect/Label$PatchInfo
Event: 4.796 loading class jdk/internal/reflect/Label$PatchInfo done
Event: 4.797 loading class jdk/internal/reflect/MethodAccessorGenerator$1
Event: 4.797 loading class jdk/internal/reflect/MethodAccessorGenerator$1 done
Event: 4.797 loading class jdk/internal/reflect/ClassDefiner
Event: 4.797 loading class jdk/internal/reflect/ClassDefiner done
Event: 4.797 loading class jdk/internal/reflect/ClassDefiner$1
Event: 4.797 loading class jdk/internal/reflect/ClassDefiner$1 done
Event: 15.630 loading class com/google/common/collect/CollectPreconditions
Event: 15.630 loading class com/google/common/collect/CollectPreconditions done
Event: 15.631 loading class org/gradle/internal/logging/events/StyledTextOutputEvent$Span
Event: 15.631 loading class org/gradle/internal/logging/events/StyledTextOutputEvent$Span done
Event: 15.631 loading class org/gradle/internal/logging/events/operations/StyledTextBuildOperationProgressDetails$Span
Event: 15.631 loading class org/gradle/internal/logging/events/operations/StyledTextBuildOperationProgressDetails$Span done
Event: 15.631 loading class org/gradle/internal/operations/logging/StyledTextBuildOperationProgressDetails$Span
Event: 15.631 loading class org/gradle/internal/operations/logging/StyledTextBuildOperationProgressDetails$Span done


Dynamic libraries:
0x00007ff60ffc0000 - 0x00007ff60ffca000 	C:\Program Files\Android\Android Studio\jre\bin\java.exe
0x00007ffb72890000 - 0x00007ffb72a88000 	C:\WINDOWS\SYSTEM32\ntdll.dll
0x00007ffb4e7d0000 - 0x00007ffb4e7e7000 	C:\Program Files\AVG\Antivirus\aswhook.dll
0x00007ffb71e90000 - 0x00007ffb71f4d000 	C:\WINDOWS\System32\KERNEL32.DLL
0x00007ffb70530000 - 0x00007ffb70802000 	C:\WINDOWS\System32\KERNELBASE.dll
0x00007ffb701c0000 - 0x00007ffb702c0000 	C:\WINDOWS\System32\ucrtbase.dll
0x00007ffb6b250000 - 0x00007ffb6b267000 	C:\Program Files\Android\Android Studio\jre\bin\VCRUNTIME140.dll
0x00007ffb6bad0000 - 0x00007ffb6bae9000 	C:\Program Files\Android\Android Studio\jre\bin\jli.dll
0x00007ffb70b60000 - 0x00007ffb70cfd000 	C:\WINDOWS\System32\USER32.dll
0x00007ffb62860000 - 0x00007ffb62afa000 	C:\WINDOWS\WinSxS\amd64_microsoft.windows.common-controls_6595b64144ccf1df_6.0.19041.1110_none_60b5254171f9507e\COMCTL32.dll
0x00007ffb702c0000 - 0x00007ffb702e2000 	C:\WINDOWS\System32\win32u.dll
0x00007ffb71e00000 - 0x00007ffb71e2b000 	C:\WINDOWS\System32\GDI32.dll
0x00007ffb71180000 - 0x00007ffb7121e000 	C:\WINDOWS\System32\msvcrt.dll
0x00007ffb700b0000 - 0x00007ffb701bf000 	C:\WINDOWS\System32\gdi32full.dll
0x00007ffb70010000 - 0x00007ffb700ad000 	C:\WINDOWS\System32\msvcp_win.dll
0x00007ffb71ca0000 - 0x00007ffb71cd0000 	C:\WINDOWS\System32\IMM32.DLL
0x00007ffb69620000 - 0x00007ffb696bd000 	C:\Program Files\Android\Android Studio\jre\bin\msvcp140.dll
0x00007ffb1da70000 - 0x00007ffb1e572000 	C:\Program Files\Android\Android Studio\jre\bin\server\jvm.dll
0x00007ffb70980000 - 0x00007ffb70a2e000 	C:\WINDOWS\System32\ADVAPI32.dll
0x00007ffb72480000 - 0x00007ffb7251c000 	C:\WINDOWS\System32\sechost.dll
0x00007ffb70a30000 - 0x00007ffb70b55000 	C:\WINDOWS\System32\RPCRT4.dll
0x00007ffb71f50000 - 0x00007ffb71f58000 	C:\WINDOWS\System32\PSAPI.DLL
0x00007ffb617a0000 - 0x00007ffb617a9000 	C:\WINDOWS\SYSTEM32\WSOCK32.dll
0x00007ffb4cf90000 - 0x00007ffb4cfb7000 	C:\WINDOWS\SYSTEM32\WINMM.dll
0x00007ffb72700000 - 0x00007ffb7276b000 	C:\WINDOWS\System32\WS2_32.dll
0x00007ffb5e6e0000 - 0x00007ffb5e6ea000 	C:\WINDOWS\SYSTEM32\VERSION.dll
0x00007ffb6de60000 - 0x00007ffb6de72000 	C:\WINDOWS\SYSTEM32\kernel.appcore.dll
0x00007ffb6ada0000 - 0x00007ffb6adb1000 	C:\Program Files\Android\Android Studio\jre\bin\verify.dll
0x00007ffb603e0000 - 0x00007ffb605c4000 	C:\WINDOWS\SYSTEM32\DBGHELP.DLL
0x00007ffb60390000 - 0x00007ffb603bc000 	C:\WINDOWS\SYSTEM32\dbgcore.DLL
0x00007ffb704a0000 - 0x00007ffb70522000 	C:\WINDOWS\System32\bcryptPrimitives.dll
0x00007ffb6a840000 - 0x00007ffb6a869000 	C:\Program Files\Android\Android Studio\jre\bin\java.dll
0x00007ffb6d730000 - 0x00007ffb6d73b000 	C:\Program Files\Android\Android Studio\jre\bin\jimage.dll
0x00007ffb6a820000 - 0x00007ffb6a838000 	C:\Program Files\Android\Android Studio\jre\bin\zip.dll
0x00007ffb71220000 - 0x00007ffb71963000 	C:\WINDOWS\System32\SHELL32.dll
0x00007ffb6e060000 - 0x00007ffb6e7f1000 	C:\WINDOWS\SYSTEM32\windows.storage.dll
0x00007ffb70e20000 - 0x00007ffb71174000 	C:\WINDOWS\System32\combase.dll
0x00007ffb6f920000 - 0x00007ffb6f950000 	C:\WINDOWS\SYSTEM32\Wldp.dll
0x00007ffb71a40000 - 0x00007ffb71aed000 	C:\WINDOWS\System32\SHCORE.dll
0x00007ffb71e30000 - 0x00007ffb71e85000 	C:\WINDOWS\System32\shlwapi.dll
0x00007ffb6fee0000 - 0x00007ffb6feff000 	C:\WINDOWS\SYSTEM32\profapi.dll
0x00007ffb695c0000 - 0x00007ffb695da000 	C:\Program Files\Android\Android Studio\jre\bin\net.dll
0x00007ffb62c80000 - 0x00007ffb62d8d000 	C:\WINDOWS\SYSTEM32\WINHTTP.dll
0x00007ffb6f680000 - 0x00007ffb6f6ea000 	C:\WINDOWS\system32\mswsock.dll
0x00007ffb695a0000 - 0x00007ffb695b4000 	C:\Program Files\Android\Android Studio\jre\bin\nio.dll
0x00007ffb69570000 - 0x00007ffb69597000 	C:\Users\loja\.gradle\native\e1d6ef7f7dcc3fd88c89a11ec53ec762bb8ba0a96d01ffa2cd45eb1d1d8dd5c5\windows-amd64\native-platform.dll
0x00007ffb6d6f0000 - 0x00007ffb6d6fa000 	C:\Program Files\Android\Android Studio\jre\bin\management.dll
0x00007ffb6d6c0000 - 0x00007ffb6d6cd000 	C:\Program Files\Android\Android Studio\jre\bin\management_ext.dll
0x00007ffb6f870000 - 0x00007ffb6f888000 	C:\WINDOWS\SYSTEM32\CRYPTSP.dll
0x00007ffb6efa0000 - 0x00007ffb6efd4000 	C:\WINDOWS\system32\rsaenh.dll
0x00007ffb70810000 - 0x00007ffb70837000 	C:\WINDOWS\System32\bcrypt.dll
0x00007ffb6fea0000 - 0x00007ffb6fece000 	C:\WINDOWS\SYSTEM32\USERENV.dll
0x00007ffb6f890000 - 0x00007ffb6f89c000 	C:\WINDOWS\SYSTEM32\CRYPTBASE.dll
0x00007ffb6f370000 - 0x00007ffb6f3ab000 	C:\WINDOWS\SYSTEM32\IPHLPAPI.DLL
0x00007ffb72520000 - 0x00007ffb72528000 	C:\WINDOWS\System32\NSI.dll
0x00007ffb65c80000 - 0x00007ffb65c97000 	C:\WINDOWS\SYSTEM32\dhcpcsvc6.DLL
0x00007ffb67a90000 - 0x00007ffb67aad000 	C:\WINDOWS\SYSTEM32\dhcpcsvc.DLL
0x00007ffb6f3b0000 - 0x00007ffb6f47a000 	C:\WINDOWS\SYSTEM32\DNSAPI.dll

dbghelp: loaded successfully - version: 4.0.5 - missing functions: none
symbol engine: initialized successfully - sym options: 0x614 - pdb path: .;C:\Program Files\Android\Android Studio\jre\bin;C:\WINDOWS\SYSTEM32;C:\Program Files\AVG\Antivirus;C:\WINDOWS\WinSxS\amd64_microsoft.windows.common-controls_6595b64144ccf1df_6.0.19041.1110_none_60b5254171f9507e;C:\Program Files\Android\Android Studio\jre\bin\server;C:\Users\loja\.gradle\native\e1d6ef7f7dcc3fd88c89a11ec53ec762bb8ba0a96d01ffa2cd45eb1d1d8dd5c5\windows-amd64

VM Arguments:
jvm_args: -Dorg.gradle.appname=gradlew 
java_command: org.gradle.wrapper.GradleWrapperMain -q -Ptarget-platform=android-arm64 -Ptarget=D:\CURSO FLUTTER E DART\FOUR_FINANCES\PIT03GP04\lib\main.dart -Pbase-application-name=android.app.Application -Pdart-defines=RkxVVFRFUl9XRUJfQVVUT19ERVRFQ1Q9dHJ1ZQ== -Pdart-obfuscation=false -Ptrack-widget-creation=true -Ptree-shake-icons=false -Pfilesystem-scheme=org-dartlang-root assembleDebug
java_class_path (initial): D:\CURSO FLUTTER E DART\FOUR_FINANCES\PIT03GP04\android\\gradle\wrapper\gradle-wrapper.jar
Launcher Type: SUN_STANDARD

[Global flags]
     intx CICompilerCount                          = 3                                         {product} {ergonomic}
     uint ConcGCThreads                            = 1                                         {product} {ergonomic}
     uint G1ConcRefinementThreads                  = 4                                         {product} {ergonomic}
   size_t G1HeapRegionSize                         = 1048576                                   {product} {ergonomic}
    uintx GCDrainStackTargetSize                   = 64                                        {product} {ergonomic}
   size_t InitialHeapSize                          = 132120576                                 {product} {ergonomic}
   size_t MarkStackSize                            = 4194304                                   {product} {ergonomic}
   size_t MaxHeapSize                              = 2101346304                                {product} {ergonomic}
   size_t MaxNewSize                               = 1260388352                                {product} {ergonomic}
   size_t MinHeapDeltaBytes                        = 1048576                                   {product} {ergonomic}
    uintx NonNMethodCodeHeapSize                   = 5830732                                {pd product} {ergonomic}
    uintx NonProfiledCodeHeapSize                  = 122913754                              {pd product} {ergonomic}
    uintx ProfiledCodeHeapSize                     = 122913754                              {pd product} {ergonomic}
    uintx ReservedCodeCacheSize                    = 251658240                              {pd product} {ergonomic}
     bool SegmentedCodeCache                       = true                                      {product} {ergonomic}
     bool UseCompressedClassPointers               = true                                 {lp64_product} {ergonomic}
     bool UseCompressedOops                        = true                                 {lp64_product} {ergonomic}
     bool UseG1GC                                  = true                                      {product} {ergonomic}
     bool UseLargePagesIndividualAllocation        = false                                  {pd product} {ergonomic}

Logging:
Log output configuration:
 #0: stdout all=warning uptime,level,tags
 #1: stderr all=off uptime,level,tags

Environment Variables:
JAVA_HOME=C:\Program Files\Android\Android Studio\jre
CLASSPATH=D:\CURSO FLUTTER E DART\FOUR_FINANCES\PIT03GP04\android\\gradle\wrapper\gradle-wrapper.jar
PATH=C:\Users\loja\bin;C:\Program Files\Git\mingw64\bin;C:\Program Files\Git\usr\local\bin;C:\Program Files\Git\usr\bin;C:\Program Files\Git\usr\bin;C:\Program Files\Git\mingw64\bin;C:\Program Files\Git\usr\bin;C:\Users\loja\bin;C:\Program Files\Common Files\Oracle\Java\javapath;C:\Python310\Scripts;C:\Python310;C:\WINDOWS\system32;C:\WINDOWS;C:\WINDOWS\System32\Wbem;C:\WINDOWS\System32\WindowsPowerShell\v1.0;C:\WINDOWS\System32\OpenSSH;C:\Program Files (x86)\Microsoft SQL Server\100\Tools\Binn;C:\Program Files\Microsoft SQL Server\100\Tools\Binn;C:\Program Files\Microsoft SQL Server\100\DTS\Binn;C:\Program Files (x86)\Microsoft SQL Server\100\Tools\Binn\VSShell\Common7\IDE;C:\Program Files (x86)\Microsoft SQL Server\100\DTS\Binn;C:\ProgramData\UNIVALI\Portugol Studio;C:\Program Files\Microsoft SQL Server\Client SDK\ODBC\170\Tools\Binn;C:\Program Files (x86)\Microsoft SQL Server\150\Tools\Binn;C:\Program Files\Microsoft SQL Server\150\Tools\Binn;C:\Program Files\Microsoft SQL Server\150\DTS\Binn;C:\Program Files (x86)\Microsoft SQL Server\150\DTS\Binn;C:\Program Files\Azure Data Studio\bin;C:\ProgramData\chocolatey\bin;C:\Program Files\Git\cmd;C:\Program Files\nodejs;C:\Users\loja\AppData\Local\Microsoft\WindowsApps;C:\Users\loja\AppData\Local\Programs\Microsoft VS Code\bin;C:\Program Files\Azure Data Studio\bin;C:\Users\loja\AppData\Local\GitHubDesktop\bin;C:\Program Files\heroku\bin;C:\Program Files\heroku\bin;C:\Users\loja\AppData\Roaming\npm;C:\Users\loja\AppData\Local\Android\sdk\platform-tools;C:\Users\loja\Documents\flutter_windows_3.3.4-stable\flutter\bin;C:\Users\loja\Documents\flutter_windows_2.2.2-stable\flutter\bin;C:\Users\loja\Documents\flutter_windows_3.0.5-stable\flutter\bin;C:\Program Files\Git\usr\bin\vendor_perl;C:\Program Files\Git\usr\bin\core_perl;C:\Users\loja\Documents\flutter_windows_3.3.4-stable\flutter\bin\mingit\cmd
USERNAME=PSICOTICO
SHELL=C:\Program Files\Git\usr\bin\bash.exe
DISPLAY=needs-to-be-defined
LC_CTYPE=pt_BR.UTF-8
OS=Windows_NT
PROCESSOR_IDENTIFIER=Intel64 Family 6 Model 42 Stepping 7, GenuineIntel



---------------  S Y S T E M  ---------------

OS: Windows 10 , 64 bit Build 19041 (10.0.19041.1889)
OS uptime: 0 days 12:41 hours

CPU:total 4 (initial active 4) (2 cores per cpu, 2 threads per core) family 6 model 42 stepping 7 microcode 0x2f, cmov, cx8, fxsr, mmx, sse, sse2, sse3, ssse3, sse4.1, sse4.2, popcnt, avx, aes, clmul, ht, tsc, tscinvbit

Memory: 4k page, system-wide physical 8008M (723M free)
TotalPageFile size 8008M (AvailPageFile size 11M)
current process WorkingSet (physical memory assigned to process): 86M, peak: 91M
current process commit charge ("private bytes"): 218M, peak: 222M

vm_info: OpenJDK 64-Bit Server VM (11.0.13+0-b1751.21-8125866) for windows-amd64 JRE (11.0.13+0-b1751.21-8125866), built on Feb  2 2022 03:00:22 by "builder" with MS VC++ 14.0 (VS2015)

END.
