#
# There is insufficient memory for the Java Runtime Environment to continue.
# Native memory allocation (malloc) failed to allocate 1048576 bytes for AllocateHeap
# Possible reasons:
#   The system is out of physical RAM or swap space
#   The process is running with CompressedOops enabled, and the Java Heap may be blocking the growth of the native heap
# Possible solutions:
#   Reduce memory load on the system
#   Increase physical memory or swap space
#   Check if swap backing store is full
#   Decrease Java heap size (-Xmx/-Xms)
#   Decrease number of Java threads
#   Decrease Java thread stack sizes (-Xss)
#   Set larger code cache with -XX:ReservedCodeCacheSize=
#   JVM is running with Unscaled Compressed Oops mode in which the Java heap is
#     placed in the first 4GB address space. The Java Heap base address is the
#     maximum limit for the native heap growth. Please use -XX:HeapBaseMinAddress
#     to set the Java Heap base and to place the Java Heap above 4GB virtual address.
# This output file may be truncated or incomplete.
#
#  Out of Memory Error (./src/hotspot/share/memory/allocation.cpp:46), pid=4856, tid=12112
#
# JRE version: OpenJDK Runtime Environment (11.0.13) (build 11.0.13+0-b1751.21-8125866)
# Java VM: OpenJDK 64-Bit Server VM (11.0.13+0-b1751.21-8125866, mixed mode, tiered, compressed oops, g1 gc, windows-amd64)
# No core dump will be written. Minidumps are not enabled by default on client versions of Windows
#

---------------  S U M M A R Y ------------

Command Line: -Dorg.gradle.appname=gradlew org.gradle.wrapper.GradleWrapperMain -q -Ptarget-platform=android-arm64 -Ptarget=D:\CURSO FLUTTER E DART\FOUR_FINANCES\PIT03GP04\lib\main.dart -Pbase-application-name=android.app.Application -Pdart-defines=RkxVVFRFUl9XRUJfQVVUT19ERVRFQ1Q9dHJ1ZQ== -Pdart-obfuscation=false -Ptrack-widget-creation=true -Ptree-shake-icons=false -Pfilesystem-scheme=org-dartlang-root assembleDebug

Host: Intel(R) Core(TM) i5-2450M CPU @ 2.50GHz, 4 cores, 7G,  Windows 10 , 64 bit Build 19041 (10.0.19041.2251)
Time: Fri Nov 11 09:24:10 2022 Hora oficial do Brasil elapsed time: 0.645136 seconds (0d 0h 0m 0s)

---------------  T H R E A D  ---------------

Current thread (0x000001f7a51ae000):  VMThread "VM Thread" [stack: 0x0000000895600000,0x0000000895700000] [id=12112]

Stack: [0x0000000895600000,0x0000000895700000]
[error occurred during error reporting (printing stack bounds), id 0xc0000005, EXCEPTION_ACCESS_VIOLATION (0xc0000005) at pc=0x000001f78f27112d]

Native frames: (J=compiled Java code, j=interpreted, Vv=VM code, C=native code)
V  [jvm.dll+0x6100fa]
V  [jvm.dll+0x747090]
V  [jvm.dll+0x7486ad]
V  [jvm.dll+0x748ce5]
V  [jvm.dll+0x748c9b]
V  [jvm.dll+0x60f224]
V  [jvm.dll+0x60f9b8]
C  [ntdll.dll+0xa241f]
C  [ntdll.dll+0x514a4]
C  [ntdll.dll+0xa0f4e]
C  0x000001f78f27112d

VM_Operation (0x00000008950fe960): CollectForMetadataAllocation, mode: safepoint, requested by thread 0x000001f78b75c000


---------------  P R O C E S S  ---------------

Threads class SMR info:
_java_thread_list=0x000001f7a5cbac30, length=10, elements={
0x000001f78b75c000, 0x000001f7a51d6800, 0x000001f7a51d7800, 0x000001f7a5b7a800,
0x000001f7a5b7b800, 0x000001f7a5b7d000, 0x000001f7a5b82000, 0x000001f7a51f3000,
0x000001f7a520c000, 0x000001f7a5ccb800
}

Java Threads: ( => current thread )
  0x000001f78b75c000 JavaThread "main" [_thread_blocked, id=4264, stack(0x0000000895000000,0x0000000895100000)]
  0x000001f7a51d6800 JavaThread "Reference Handler" daemon [_thread_blocked, id=12016, stack(0x0000000895700000,0x0000000895800000)]
  0x000001f7a51d7800 JavaThread "Finalizer" daemon [_thread_blocked, id=5532, stack(0x0000000895800000,0x0000000895900000)]
  0x000001f7a5b7a800 JavaThread "Signal Dispatcher" daemon [_thread_blocked, id=3284, stack(0x0000000895900000,0x0000000895a00000)]
  0x000001f7a5b7b800 JavaThread "Attach Listener" daemon [_thread_blocked, id=5936, stack(0x0000000895a00000,0x0000000895b00000)]
  0x000001f7a5b7d000 JavaThread "Service Thread" daemon [_thread_blocked, id=7944, stack(0x0000000895b00000,0x0000000895c00000)]
  0x000001f7a5b82000 JavaThread "C2 CompilerThread0" daemon [_thread_blocked, id=812, stack(0x0000000895c00000,0x0000000895d00000)]
  0x000001f7a51f3000 JavaThread "C1 CompilerThread0" daemon [_thread_blocked, id=12104, stack(0x0000000895d00000,0x0000000895e00000)]
  0x000001f7a520c000 JavaThread "Sweeper thread" daemon [_thread_blocked, id=9524, stack(0x0000000895e00000,0x0000000895f00000)]
  0x000001f7a5ccb800 JavaThread "Common-Cleaner" daemon [_thread_blocked, id=3160, stack(0x0000000896000000,0x0000000896100000)]

Other Threads:
=>0x000001f7a51ae000 VMThread "VM Thread" [stack: 0x0000000895600000,0x0000000895700000] [id=12112]
  0x000001f7a5cc3000 WatcherThread [stack: 0x0000000895f00000,0x0000000896000000] [id=4592]
  0x000001f78b774800 GCTaskThread "GC Thread#0" [stack: 0x0000000895100000,0x0000000895200000] [id=7284]
  0x000001f7a5dc3000 GCTaskThread "GC Thread#1" [stack: 0x0000000896100000,0x0000000896200000] [id=10504]
  0x000001f7a5dc4000 GCTaskThread "GC Thread#2" [stack: 0x0000000896200000,0x0000000896300000] [id=11276]
  0x000001f78b7a3000 ConcurrentGCThread "G1 Main Marker" [stack: 0x0000000895200000,0x0000000895300000] [id=6112]
  0x000001f78b7a4800 ConcurrentGCThread "G1 Conc#0" [stack: 0x0000000895300000,0x0000000895400000] [id=6968]
  0x000001f7a5020800 ConcurrentGCThread "G1 Refine#0" [stack: 0x0000000895400000,0x0000000895500000] [id=1632]
  0x000001f7a5021800 ConcurrentGCThread "G1 Young RemSet Sampling" [stack: 0x0000000895500000,0x0000000895600000] [id=9840]

Threads with active compile tasks:

VM state:at safepoint (normal execution)

VM Mutex/Monitor currently owned by a thread:  ([mutex/lock_event])
[0x000001f78b758770] Threads_lock - owner thread: 0x000001f7a51ae000
[0x000001f78b759610] Heap_lock - owner thread: 0x000001f78b75c000

Heap address: 0x0000000082c00000, size: 2004 MB, Compressed Oops mode: 32-bit
Narrow klass base: 0x0000000000000000, Narrow klass shift: 3
Compressed class space size: 1073741824 Address: 0x0000000100000000

Heap:
 garbage-first heap   total 129024K, used 1048K [0x0000000082c00000, 0x0000000100000000)
  region size 1024K, 2 young (2048K), 2 survivors (2048K)
 Metaspace       used 7414K, capacity 7556K, committed 7680K, reserved 1069056K
  class space    used 648K, capacity 705K, committed 768K, reserved 1048576K
Heap Regions: E=young(eden), S=young(survivor), O=old, HS=humongous(starts), HC=humongous(continues), CS=collection set, F=free, A=archive, TAMS=top-at-mark-start (previous, next)
|   0|0x0000000082c00000, 0x0000000082c00000, 0x0000000082d00000|  0%| F|  |TAMS 0x0000000082c00000, 0x0000000082c00000| Untracked 
|   1|0x0000000082d00000, 0x0000000082d00000, 0x0000000082e00000|  0%| F|  |TAMS 0x0000000082d00000, 0x0000000082d00000| Untracked 
|   2|0x0000000082e00000, 0x0000000082e00000, 0x0000000082f00000|  0%| F|  |TAMS 0x0000000082e00000, 0x0000000082e00000| Untracked 
|   3|0x0000000082f00000, 0x0000000082f00000, 0x0000000083000000|  0%| F|  |TAMS 0x0000000082f00000, 0x0000000082f00000| Untracked 
|   4|0x0000000083000000, 0x0000000083000000, 0x0000000083100000|  0%| F|  |TAMS 0x0000000083000000, 0x0000000083000000| Untracked 
|   5|0x0000000083100000, 0x0000000083100000, 0x0000000083200000|  0%| F|  |TAMS 0x0000000083100000, 0x0000000083100000| Untracked 
|   6|0x0000000083200000, 0x0000000083200000, 0x0000000083300000|  0%| F|  |TAMS 0x0000000083200000, 0x0000000083200000| Untracked 
|   7|0x0000000083300000, 0x0000000083300000, 0x0000000083400000|  0%| F|  |TAMS 0x0000000083300000, 0x0000000083300000| Untracked 
|   8|0x0000000083400000, 0x0000000083400000, 0x0000000083500000|  0%| F|  |TAMS 0x0000000083400000, 0x0000000083400000| Untracked 
|   9|0x0000000083500000, 0x0000000083500000, 0x0000000083600000|  0%| F|  |TAMS 0x0000000083500000, 0x0000000083500000| Untracked 
|  10|0x0000000083600000, 0x0000000083600000, 0x0000000083700000|  0%| F|  |TAMS 0x0000000083600000, 0x0000000083600000| Untracked 
|  11|0x0000000083700000, 0x0000000083700000, 0x0000000083800000|  0%| F|  |TAMS 0x0000000083700000, 0x0000000083700000| Untracked 
|  12|0x0000000083800000, 0x0000000083800000, 0x0000000083900000|  0%| F|  |TAMS 0x0000000083800000, 0x0000000083800000| Untracked 
|  13|0x0000000083900000, 0x0000000083900000, 0x0000000083a00000|  0%| F|  |TAMS 0x0000000083900000, 0x0000000083900000| Untracked 
|  14|0x0000000083a00000, 0x0000000083a00000, 0x0000000083b00000|  0%| F|  |TAMS 0x0000000083a00000, 0x0000000083a00000| Untracked 
|  15|0x0000000083b00000, 0x0000000083b00000, 0x0000000083c00000|  0%| F|  |TAMS 0x0000000083b00000, 0x0000000083b00000| Untracked 
|  16|0x0000000083c00000, 0x0000000083c00000, 0x0000000083d00000|  0%| F|  |TAMS 0x0000000083c00000, 0x0000000083c00000| Untracked 
|  17|0x0000000083d00000, 0x0000000083d00000, 0x0000000083e00000|  0%| F|  |TAMS 0x0000000083d00000, 0x0000000083d00000| Untracked 
|  18|0x0000000083e00000, 0x0000000083e00000, 0x0000000083f00000|  0%| F|  |TAMS 0x0000000083e00000, 0x0000000083e00000| Untracked 
|  19|0x0000000083f00000, 0x0000000083f00000, 0x0000000084000000|  0%| F|  |TAMS 0x0000000083f00000, 0x0000000083f00000| Untracked 
|  20|0x0000000084000000, 0x0000000084000000, 0x0000000084100000|  0%| F|  |TAMS 0x0000000084000000, 0x0000000084000000| Untracked 
|  21|0x0000000084100000, 0x0000000084100000, 0x0000000084200000|  0%| F|  |TAMS 0x0000000084100000, 0x0000000084100000| Untracked 
|  22|0x0000000084200000, 0x0000000084200000, 0x0000000084300000|  0%| F|  |TAMS 0x0000000084200000, 0x0000000084200000| Untracked 
|  23|0x0000000084300000, 0x0000000084300000, 0x0000000084400000|  0%| F|  |TAMS 0x0000000084300000, 0x0000000084300000| Untracked 
|  24|0x0000000084400000, 0x0000000084400000, 0x0000000084500000|  0%| F|  |TAMS 0x0000000084400000, 0x0000000084400000| Untracked 
|  25|0x0000000084500000, 0x0000000084500000, 0x0000000084600000|  0%| F|  |TAMS 0x0000000084500000, 0x0000000084500000| Untracked 
|  26|0x0000000084600000, 0x0000000084600000, 0x0000000084700000|  0%| F|  |TAMS 0x0000000084600000, 0x0000000084600000| Untracked 
|  27|0x0000000084700000, 0x0000000084700000, 0x0000000084800000|  0%| F|  |TAMS 0x0000000084700000, 0x0000000084700000| Untracked 
|  28|0x0000000084800000, 0x0000000084800000, 0x0000000084900000|  0%| F|  |TAMS 0x0000000084800000, 0x0000000084800000| Untracked 
|  29|0x0000000084900000, 0x0000000084900000, 0x0000000084a00000|  0%| F|  |TAMS 0x0000000084900000, 0x0000000084900000| Untracked 
|  30|0x0000000084a00000, 0x0000000084a00000, 0x0000000084b00000|  0%| F|  |TAMS 0x0000000084a00000, 0x0000000084a00000| Untracked 
|  31|0x0000000084b00000, 0x0000000084b00000, 0x0000000084c00000|  0%| F|  |TAMS 0x0000000084b00000, 0x0000000084b00000| Untracked 
|  32|0x0000000084c00000, 0x0000000084c00000, 0x0000000084d00000|  0%| F|  |TAMS 0x0000000084c00000, 0x0000000084c00000| Untracked 
|  33|0x0000000084d00000, 0x0000000084d00000, 0x0000000084e00000|  0%| F|  |TAMS 0x0000000084d00000, 0x0000000084d00000| Untracked 
|  34|0x0000000084e00000, 0x0000000084e00000, 0x0000000084f00000|  0%| F|  |TAMS 0x0000000084e00000, 0x0000000084e00000| Untracked 
|  35|0x0000000084f00000, 0x0000000084f00000, 0x0000000085000000|  0%| F|  |TAMS 0x0000000084f00000, 0x0000000084f00000| Untracked 
|  36|0x0000000085000000, 0x0000000085000000, 0x0000000085100000|  0%| F|  |TAMS 0x0000000085000000, 0x0000000085000000| Untracked 
|  37|0x0000000085100000, 0x0000000085100000, 0x0000000085200000|  0%| F|  |TAMS 0x0000000085100000, 0x0000000085100000| Untracked 
|  38|0x0000000085200000, 0x0000000085200000, 0x0000000085300000|  0%| F|  |TAMS 0x0000000085200000, 0x0000000085200000| Untracked 
|  39|0x0000000085300000, 0x0000000085300000, 0x0000000085400000|  0%| F|  |TAMS 0x0000000085300000, 0x0000000085300000| Untracked 
|  40|0x0000000085400000, 0x0000000085400000, 0x0000000085500000|  0%| F|  |TAMS 0x0000000085400000, 0x0000000085400000| Untracked 
|  41|0x0000000085500000, 0x0000000085500000, 0x0000000085600000|  0%| F|  |TAMS 0x0000000085500000, 0x0000000085500000| Untracked 
|  42|0x0000000085600000, 0x0000000085600000, 0x0000000085700000|  0%| F|  |TAMS 0x0000000085600000, 0x0000000085600000| Untracked 
|  43|0x0000000085700000, 0x0000000085700000, 0x0000000085800000|  0%| F|  |TAMS 0x0000000085700000, 0x0000000085700000| Untracked 
|  44|0x0000000085800000, 0x0000000085800000, 0x0000000085900000|  0%| F|  |TAMS 0x0000000085800000, 0x0000000085800000| Untracked 
|  45|0x0000000085900000, 0x0000000085900000, 0x0000000085a00000|  0%| F|  |TAMS 0x0000000085900000, 0x0000000085900000| Untracked 
|  46|0x0000000085a00000, 0x0000000085a00000, 0x0000000085b00000|  0%| F|  |TAMS 0x0000000085a00000, 0x0000000085a00000| Untracked 
|  47|0x0000000085b00000, 0x0000000085b00000, 0x0000000085c00000|  0%| F|  |TAMS 0x0000000085b00000, 0x0000000085b00000| Untracked 
|  48|0x0000000085c00000, 0x0000000085c00000, 0x0000000085d00000|  0%| F|  |TAMS 0x0000000085c00000, 0x0000000085c00000| Untracked 
|  49|0x0000000085d00000, 0x0000000085d00000, 0x0000000085e00000|  0%| F|  |TAMS 0x0000000085d00000, 0x0000000085d00000| Untracked 
|  50|0x0000000085e00000, 0x0000000085e00000, 0x0000000085f00000|  0%| F|  |TAMS 0x0000000085e00000, 0x0000000085e00000| Untracked 
|  51|0x0000000085f00000, 0x0000000085f00000, 0x0000000086000000|  0%| F|  |TAMS 0x0000000085f00000, 0x0000000085f00000| Untracked 
|  52|0x0000000086000000, 0x0000000086000000, 0x0000000086100000|  0%| F|  |TAMS 0x0000000086000000, 0x0000000086000000| Untracked 
|  53|0x0000000086100000, 0x0000000086100000, 0x0000000086200000|  0%| F|  |TAMS 0x0000000086100000, 0x0000000086100000| Untracked 
|  54|0x0000000086200000, 0x0000000086200000, 0x0000000086300000|  0%| F|  |TAMS 0x0000000086200000, 0x0000000086200000| Untracked 
|  55|0x0000000086300000, 0x0000000086300000, 0x0000000086400000|  0%| F|  |TAMS 0x0000000086300000, 0x0000000086300000| Untracked 
|  56|0x0000000086400000, 0x0000000086400000, 0x0000000086500000|  0%| F|  |TAMS 0x0000000086400000, 0x0000000086400000| Untracked 
|  57|0x0000000086500000, 0x0000000086500000, 0x0000000086600000|  0%| F|  |TAMS 0x0000000086500000, 0x0000000086500000| Untracked 
|  58|0x0000000086600000, 0x0000000086600000, 0x0000000086700000|  0%| F|  |TAMS 0x0000000086600000, 0x0000000086600000| Untracked 
|  59|0x0000000086700000, 0x0000000086700000, 0x0000000086800000|  0%| F|  |TAMS 0x0000000086700000, 0x0000000086700000| Untracked 
|  60|0x0000000086800000, 0x0000000086800000, 0x0000000086900000|  0%| F|  |TAMS 0x0000000086800000, 0x0000000086800000| Untracked 
|  61|0x0000000086900000, 0x0000000086900000, 0x0000000086a00000|  0%| F|  |TAMS 0x0000000086900000, 0x0000000086900000| Untracked 
|  62|0x0000000086a00000, 0x0000000086a00000, 0x0000000086b00000|  0%| F|  |TAMS 0x0000000086a00000, 0x0000000086a00000| Untracked 
|  63|0x0000000086b00000, 0x0000000086b00000, 0x0000000086c00000|  0%| F|  |TAMS 0x0000000086b00000, 0x0000000086b00000| Untracked 
|  64|0x0000000086c00000, 0x0000000086c00000, 0x0000000086d00000|  0%| F|  |TAMS 0x0000000086c00000, 0x0000000086c00000| Untracked 
|  65|0x0000000086d00000, 0x0000000086d00000, 0x0000000086e00000|  0%| F|  |TAMS 0x0000000086d00000, 0x0000000086d00000| Untracked 
|  66|0x0000000086e00000, 0x0000000086e00000, 0x0000000086f00000|  0%| F|  |TAMS 0x0000000086e00000, 0x0000000086e00000| Untracked 
|  67|0x0000000086f00000, 0x0000000086f00000, 0x0000000087000000|  0%| F|  |TAMS 0x0000000086f00000, 0x0000000086f00000| Untracked 
|  68|0x0000000087000000, 0x0000000087000000, 0x0000000087100000|  0%| F|  |TAMS 0x0000000087000000, 0x0000000087000000| Untracked 
|  69|0x0000000087100000, 0x0000000087100000, 0x0000000087200000|  0%| F|  |TAMS 0x0000000087100000, 0x0000000087100000| Untracked 
|  70|0x0000000087200000, 0x0000000087200000, 0x0000000087300000|  0%| F|  |TAMS 0x0000000087200000, 0x0000000087200000| Untracked 
|  71|0x0000000087300000, 0x0000000087300000, 0x0000000087400000|  0%| F|  |TAMS 0x0000000087300000, 0x0000000087300000| Untracked 
|  72|0x0000000087400000, 0x0000000087400000, 0x0000000087500000|  0%| F|  |TAMS 0x0000000087400000, 0x0000000087400000| Untracked 
|  73|0x0000000087500000, 0x0000000087500000, 0x0000000087600000|  0%| F|  |TAMS 0x0000000087500000, 0x0000000087500000| Untracked 
|  74|0x0000000087600000, 0x0000000087600000, 0x0000000087700000|  0%| F|  |TAMS 0x0000000087600000, 0x0000000087600000| Untracked 
|  75|0x0000000087700000, 0x0000000087700000, 0x0000000087800000|  0%| F|  |TAMS 0x0000000087700000, 0x0000000087700000| Untracked 
|  76|0x0000000087800000, 0x0000000087800000, 0x0000000087900000|  0%| F|  |TAMS 0x0000000087800000, 0x0000000087800000| Untracked 
|  77|0x0000000087900000, 0x0000000087900000, 0x0000000087a00000|  0%| F|  |TAMS 0x0000000087900000, 0x0000000087900000| Untracked 
|  78|0x0000000087a00000, 0x0000000087a00000, 0x0000000087b00000|  0%| F|  |TAMS 0x0000000087a00000, 0x0000000087a00000| Untracked 
|  79|0x0000000087b00000, 0x0000000087b00000, 0x0000000087c00000|  0%| F|  |TAMS 0x0000000087b00000, 0x0000000087b00000| Untracked 
|  80|0x0000000087c00000, 0x0000000087c00000, 0x0000000087d00000|  0%| F|  |TAMS 0x0000000087c00000, 0x0000000087c00000| Untracked 
|  81|0x0000000087d00000, 0x0000000087d00000, 0x0000000087e00000|  0%| F|  |TAMS 0x0000000087d00000, 0x0000000087d00000| Untracked 
|  82|0x0000000087e00000, 0x0000000087e00000, 0x0000000087f00000|  0%| F|  |TAMS 0x0000000087e00000, 0x0000000087e00000| Untracked 
|  83|0x0000000087f00000, 0x0000000087f00000, 0x0000000088000000|  0%| F|  |TAMS 0x0000000087f00000, 0x0000000087f00000| Untracked 
|  84|0x0000000088000000, 0x0000000088000000, 0x0000000088100000|  0%| F|  |TAMS 0x0000000088000000, 0x0000000088000000| Untracked 
|  85|0x0000000088100000, 0x0000000088100000, 0x0000000088200000|  0%| F|  |TAMS 0x0000000088100000, 0x0000000088100000| Untracked 
|  86|0x0000000088200000, 0x0000000088200000, 0x0000000088300000|  0%| F|  |TAMS 0x0000000088200000, 0x0000000088200000| Untracked 
|  87|0x0000000088300000, 0x0000000088300000, 0x0000000088400000|  0%| F|  |TAMS 0x0000000088300000, 0x0000000088300000| Untracked 
|  88|0x0000000088400000, 0x0000000088400000, 0x0000000088500000|  0%| F|  |TAMS 0x0000000088400000, 0x0000000088400000| Untracked 
|  89|0x0000000088500000, 0x0000000088500000, 0x0000000088600000|  0%| F|  |TAMS 0x0000000088500000, 0x0000000088500000| Untracked 
|  90|0x0000000088600000, 0x0000000088600000, 0x0000000088700000|  0%| F|  |TAMS 0x0000000088600000, 0x0000000088600000| Untracked 
|  91|0x0000000088700000, 0x0000000088700000, 0x0000000088800000|  0%| F|  |TAMS 0x0000000088700000, 0x0000000088700000| Untracked 
|  92|0x0000000088800000, 0x0000000088800000, 0x0000000088900000|  0%| F|  |TAMS 0x0000000088800000, 0x0000000088800000| Untracked 
|  93|0x0000000088900000, 0x0000000088900000, 0x0000000088a00000|  0%| F|  |TAMS 0x0000000088900000, 0x0000000088900000| Untracked 
|  94|0x0000000088a00000, 0x0000000088a00000, 0x0000000088b00000|  0%| F|  |TAMS 0x0000000088a00000, 0x0000000088a00000| Untracked 
|  95|0x0000000088b00000, 0x0000000088b00000, 0x0000000088c00000|  0%| F|  |TAMS 0x0000000088b00000, 0x0000000088b00000| Untracked 
|  96|0x0000000088c00000, 0x0000000088c00000, 0x0000000088d00000|  0%| F|  |TAMS 0x0000000088c00000, 0x0000000088c00000| Untracked 
|  97|0x0000000088d00000, 0x0000000088d00000, 0x0000000088e00000|  0%| F|  |TAMS 0x0000000088d00000, 0x0000000088d00000| Untracked 
|  98|0x0000000088e00000, 0x0000000088e00000, 0x0000000088f00000|  0%| F|  |TAMS 0x0000000088e00000, 0x0000000088e00000| Untracked 
|  99|0x0000000088f00000, 0x0000000088f00000, 0x0000000089000000|  0%| F|  |TAMS 0x0000000088f00000, 0x0000000088f00000| Untracked 
| 100|0x0000000089000000, 0x0000000089000000, 0x0000000089100000|  0%| F|  |TAMS 0x0000000089000000, 0x0000000089000000| Untracked 
| 101|0x0000000089100000, 0x0000000089100000, 0x0000000089200000|  0%| F|  |TAMS 0x0000000089100000, 0x0000000089100000| Untracked 
| 102|0x0000000089200000, 0x0000000089200000, 0x0000000089300000|  0%| F|  |TAMS 0x0000000089200000, 0x0000000089200000| Untracked 
| 103|0x0000000089300000, 0x0000000089300000, 0x0000000089400000|  0%| F|  |TAMS 0x0000000089300000, 0x0000000089300000| Untracked 
| 104|0x0000000089400000, 0x0000000089400000, 0x0000000089500000|  0%| F|  |TAMS 0x0000000089400000, 0x0000000089400000| Untracked 
| 105|0x0000000089500000, 0x0000000089500000, 0x0000000089600000|  0%| F|  |TAMS 0x0000000089500000, 0x0000000089500000| Untracked 
| 106|0x0000000089600000, 0x0000000089600000, 0x0000000089700000|  0%| F|  |TAMS 0x0000000089600000, 0x0000000089600000| Untracked 
| 107|0x0000000089700000, 0x0000000089700000, 0x0000000089800000|  0%| F|  |TAMS 0x0000000089700000, 0x0000000089700000| Untracked 
| 108|0x0000000089800000, 0x0000000089800000, 0x0000000089900000|  0%| F|  |TAMS 0x0000000089800000, 0x0000000089800000| Untracked 
| 109|0x0000000089900000, 0x0000000089900000, 0x0000000089a00000|  0%| F|  |TAMS 0x0000000089900000, 0x0000000089900000| Untracked 
| 110|0x0000000089a00000, 0x0000000089a00000, 0x0000000089b00000|  0%| F|  |TAMS 0x0000000089a00000, 0x0000000089a00000| Untracked 
| 111|0x0000000089b00000, 0x0000000089b00000, 0x0000000089c00000|  0%| F|  |TAMS 0x0000000089b00000, 0x0000000089b00000| Untracked 
| 112|0x0000000089c00000, 0x0000000089c00000, 0x0000000089d00000|  0%| F|  |TAMS 0x0000000089c00000, 0x0000000089c00000| Untracked 
| 113|0x0000000089d00000, 0x0000000089d00000, 0x0000000089e00000|  0%| F|  |TAMS 0x0000000089d00000, 0x0000000089d00000| Untracked 
| 114|0x0000000089e00000, 0x0000000089e00000, 0x0000000089f00000|  0%| F|  |TAMS 0x0000000089e00000, 0x0000000089e00000| Untracked 
| 115|0x0000000089f00000, 0x0000000089f00000, 0x000000008a000000|  0%| F|  |TAMS 0x0000000089f00000, 0x0000000089f00000| Untracked 
| 116|0x000000008a000000, 0x000000008a000000, 0x000000008a100000|  0%| F|  |TAMS 0x000000008a000000, 0x000000008a000000| Untracked 
| 117|0x000000008a100000, 0x000000008a100000, 0x000000008a200000|  0%| F|  |TAMS 0x000000008a100000, 0x000000008a100000| Untracked 
| 118|0x000000008a200000, 0x000000008a200000, 0x000000008a300000|  0%| F|  |TAMS 0x000000008a200000, 0x000000008a200000| Untracked 
| 119|0x000000008a300000, 0x000000008a300000, 0x000000008a400000|  0%| F|  |TAMS 0x000000008a300000, 0x000000008a300000| Untracked 
| 120|0x000000008a400000, 0x000000008a400000, 0x000000008a500000|  0%| F|  |TAMS 0x000000008a400000, 0x000000008a400000| Untracked 
| 121|0x000000008a500000, 0x000000008a506010, 0x000000008a600000|  2%| S|CS|TAMS 0x000000008a500000, 0x000000008a500000| Complete 
| 122|0x000000008a600000, 0x000000008a700000, 0x000000008a700000|100%| S|CS|TAMS 0x000000008a600000, 0x000000008a600000| Complete 
| 123|0x000000008a700000, 0x000000008a700000, 0x000000008a800000|  0%| F|  |TAMS 0x000000008a700000, 0x000000008a700000| Untracked 
| 124|0x000000008a800000, 0x000000008a800000, 0x000000008a900000|  0%| F|  |TAMS 0x000000008a800000, 0x000000008a800000| Untracked 
| 125|0x000000008a900000, 0x000000008a900000, 0x000000008aa00000|  0%| F|  |TAMS 0x000000008a900000, 0x000000008a900000| Untracked 

Card table byte_map: [0x000001f79e660000,0x000001f79ea50000] _byte_map_base: 0x000001f79e24a000

Marking Bits (Prev, Next): (CMBitMap*) 0x000001f78b79a4a8, (CMBitMap*) 0x000001f78b79a4e0
 Prev Bits: [0x000001f79ee40000, 0x000001f7a0d90000)
 Next Bits: [0x000001f7a0d90000, 0x000001f7a2ce0000)

Polling page: 0x000001f789710000

Metaspace:

Usage:
  Non-class:      6.69 MB capacity,     6.61 MB ( 99%) used,    79.96 KB (  1%) free+waste,     5.00 KB ( <1%) overhead. 
      Class:    705.00 KB capacity,   648.29 KB ( 92%) used,    54.59 KB (  8%) free+waste,     2.13 KB ( <1%) overhead. 
       Both:      7.38 MB capacity,     7.24 MB ( 98%) used,   134.55 KB (  2%) free+waste,     7.13 KB ( <1%) overhead. 

Virtual space:
  Non-class space:       20.00 MB reserved,       6.75 MB ( 34%) committed 
      Class space:        1.00 GB reserved,     768.00 KB ( <1%) committed 
             Both:        1.02 GB reserved,       7.50 MB ( <1%) committed 

Chunk freelists:
   Non-Class:  61.00 KB
       Class:  31.00 KB
        Both:  92.00 KB

MaxMetaspaceSize: 17179869184.00 GB
CompressedClassSpaceSize: 1.00 GB
Initial GC threshold: 20.80 MB
Current GC threshold: 21.12 MB
CDS: off

CodeHeap 'non-profiled nmethods': size=120064Kb used=60Kb max_used=60Kb free=120003Kb
 bounds [0x000001f796d30000, 0x000001f796fa0000, 0x000001f79e270000]
CodeHeap 'profiled nmethods': size=120000Kb used=332Kb max_used=332Kb free=119667Kb
 bounds [0x000001f78f800000, 0x000001f78fa70000, 0x000001f796d30000]
CodeHeap 'non-nmethods': size=5696Kb used=1107Kb max_used=1115Kb free=4589Kb
 bounds [0x000001f78f270000, 0x000001f78f4e0000, 0x000001f78f800000]
 total_blobs=602 nmethods=249 adapters=266
 compilation: enabled
              stopped_count=0, restarted_count=0
 full_count=0

Compilation events (20 events):
Event: 0.602 Thread 0x000001f7a51f3000  239       3       java.util.HashSet::add (20 bytes)
Event: 0.602 Thread 0x000001f7a51f3000 nmethod 239 0x000001f78f84c710 code [0x000001f78f84c8e0, 0x000001f78f84cb08]
Event: 0.602 Thread 0x000001f7a51f3000  243       3       java.util.StringTokenizer::scanToken (179 bytes)
Event: 0.605 Thread 0x000001f7a51f3000 nmethod 243 0x000001f78f84cc10 code [0x000001f78f84cfa0, 0x000001f78f84e598]
Event: 0.605 Thread 0x000001f7a51f3000  241       3       java.util.StringTokenizer::skipDelimiters (116 bytes)
Event: 0.607 Thread 0x000001f7a51f3000 nmethod 241 0x000001f78f84ed90 code [0x000001f78f84f040, 0x000001f78f84fd68]
Event: 0.607 Thread 0x000001f7a51f3000  240       3       java.util.StringTokenizer::hasMoreTokens (29 bytes)
Event: 0.607 Thread 0x000001f7a51f3000 nmethod 240 0x000001f78f850210 code [0x000001f78f8503c0, 0x000001f78f850568]
Event: 0.607 Thread 0x000001f7a51f3000  242       3       java.util.StringTokenizer::nextToken (92 bytes)
Event: 0.608 Thread 0x000001f7a51f3000 nmethod 242 0x000001f78f850610 code [0x000001f78f850800, 0x000001f78f850b18]
Event: 0.612 Thread 0x000001f7a51f3000  245       3       java.lang.Class::getClassLoader (28 bytes)
Event: 0.613 Thread 0x000001f7a51f3000 nmethod 245 0x000001f78f850c90 code [0x000001f78f850ec0, 0x000001f78f8516f8]
Event: 0.613 Thread 0x000001f7a51f3000  246       3       jdk.internal.org.objectweb.asm.ClassWriter::newUTF8 (70 bytes)
Event: 0.613 Thread 0x000001f7a51f3000 nmethod 246 0x000001f78f851990 code [0x000001f78f851ba0, 0x000001f78f851f18]
Event: 0.614 Thread 0x000001f7a5b82000  247       4       java.util.concurrent.ConcurrentHashMap::tabAt (22 bytes)
Event: 0.614 Thread 0x000001f7a51f3000  248       3       java.lang.String::startsWith (138 bytes)
Event: 0.615 Thread 0x000001f7a5b82000 nmethod 247 0x000001f796d3f090 code [0x000001f796d3f220, 0x000001f796d3f278]
Event: 0.616 Thread 0x000001f7a51f3000 nmethod 248 0x000001f78f852110 code [0x000001f78f852340, 0x000001f78f852cf8]
Event: 0.616 Thread 0x000001f7a51f3000  249       3       java.nio.ByteBuffer::position (8 bytes)
Event: 0.616 Thread 0x000001f7a51f3000 nmethod 249 0x000001f78f853010 code [0x000001f78f8531c0, 0x000001f78f853308]

GC Heap History (2 events):
Event: 0.630 GC heap before
{Heap before GC invocations=0 (full 0):
 garbage-first heap   total 129024K, used 2048K [0x0000000082c00000, 0x0000000100000000)
  region size 1024K, 3 young (3072K), 0 survivors (0K)
 Metaspace       used 7414K, capacity 7556K, committed 7680K, reserved 1067008K
  class space    used 648K, capacity 705K, committed 768K, reserved 1048576K
}
Event: 0.638 GC heap after
{Heap after GC invocations=1 (full 0):
 garbage-first heap   total 129024K, used 1048K [0x0000000082c00000, 0x0000000100000000)
  region size 1024K, 2 young (2048K), 2 survivors (2048K)
 Metaspace       used 7414K, capacity 7556K, committed 7680K, reserved 1067008K
  class space    used 648K, capacity 705K, committed 768K, reserved 1048576K
}

Deoptimization events (4 events):
Event: 0.301 Thread 0x000001f78b75c000 Uncommon trap: trap_request=0xffffff4d fr.pc=0x000001f796d33ba0 relative=0x0000000000000180
Event: 0.301 Thread 0x000001f78b75c000 Uncommon trap: reason=unstable_if action=reinterpret pc=0x000001f796d33ba0 method=java.lang.String.hashCode()I @ 14 c2
Event: 0.301 Thread 0x000001f78b75c000 DEOPT PACKING pc=0x000001f796d33ba0 sp=0x00000008950fd8a0
Event: 0.301 Thread 0x000001f78b75c000 DEOPT UNPACKING pc=0x000001f78f2ba1af sp=0x00000008950fd838 mode 2

Classes redefined (0 events):
No events

Internal exceptions (1 events):
Event: 0.480 Thread 0x000001f78b75c000 Exception <a 'java/lang/NoSuchMethodError'{0x000000008a88c3d0}: 'int java.lang.invoke.DirectMethodHandle$Holder.invokeSpecialIFC(java.lang.Object, java.lang.Object, int)'> (0x000000008a88c3d0) thrown at [./src/hotspot/share/interpreter/linkResolver.cpp, line 773]

Events (20 events):
Event: 0.629 loading class java/nio/channels/ByteChannel
Event: 0.629 loading class java/nio/channels/ReadableByteChannel
Event: 0.629 loading class java/nio/channels/Channel
Event: 0.629 loading class java/nio/channels/Channel done
Event: 0.629 loading class java/nio/channels/ReadableByteChannel done
Event: 0.629 loading class java/nio/channels/WritableByteChannel
Event: 0.629 loading class java/nio/channels/WritableByteChannel done
Event: 0.629 loading class java/nio/channels/ByteChannel done
Event: 0.629 loading class java/nio/channels/SeekableByteChannel done
Event: 0.629 loading class java/nio/channels/GatheringByteChannel
Event: 0.629 loading class java/nio/channels/GatheringByteChannel done
Event: 0.629 loading class java/nio/channels/ScatteringByteChannel
Event: 0.629 loading class java/nio/channels/ScatteringByteChannel done
Event: 0.629 loading class java/nio/channels/spi/AbstractInterruptibleChannel
Event: 0.629 loading class java/nio/channels/InterruptibleChannel
Event: 0.630 loading class java/nio/channels/InterruptibleChannel done
Event: 0.630 loading class java/nio/channels/spi/AbstractInterruptibleChannel done
Event: 0.630 loading class java/nio/channels/FileChannel done
Event: 0.630 loading class sun/nio/ch/FileChannelImpl done
Event: 0.630 Executing VM operation: CollectForMetadataAllocation


Dynamic libraries:
0x00007ff67db70000 - 0x00007ff67db7a000 	C:\Program Files\Android\Android Studio\jre\bin\java.exe
0x00007ff8c6f90000 - 0x00007ff8c7188000 	C:\WINDOWS\SYSTEM32\ntdll.dll
0x00007ff8b5530000 - 0x00007ff8b5547000 	C:\Program Files\AVG\Antivirus\aswhook.dll
0x00007ff8c50b0000 - 0x00007ff8c516f000 	C:\WINDOWS\System32\KERNEL32.DLL
0x00007ff8c47d0000 - 0x00007ff8c4aa2000 	C:\WINDOWS\System32\KERNELBASE.dll
0x00007ff8c4ee0000 - 0x00007ff8c4fe0000 	C:\WINDOWS\System32\ucrtbase.dll
0x00007ff8c0150000 - 0x00007ff8c0169000 	C:\Program Files\Android\Android Studio\jre\bin\jli.dll
0x00007ff8c6320000 - 0x00007ff8c64bd000 	C:\WINDOWS\System32\USER32.dll
0x00007ff8c4eb0000 - 0x00007ff8c4ed2000 	C:\WINDOWS\System32\win32u.dll
0x00007ff8c5630000 - 0x00007ff8c565b000 	C:\WINDOWS\System32\GDI32.dll
0x00007ff8c46c0000 - 0x00007ff8c47cf000 	C:\WINDOWS\System32\gdi32full.dll
0x00007ff8c4d50000 - 0x00007ff8c4ded000 	C:\WINDOWS\System32\msvcp_win.dll
0x00007ff8b6b50000 - 0x00007ff8b6dea000 	C:\WINDOWS\WinSxS\amd64_microsoft.windows.common-controls_6595b64144ccf1df_6.0.19041.1110_none_60b5254171f9507e\COMCTL32.dll
0x00007ff8c0130000 - 0x00007ff8c0147000 	C:\Program Files\Android\Android Studio\jre\bin\VCRUNTIME140.dll
0x00007ff8c52a0000 - 0x00007ff8c533e000 	C:\WINDOWS\System32\msvcrt.dll
0x00007ff8c5340000 - 0x00007ff8c5372000 	C:\WINDOWS\System32\IMM32.DLL
0x00007ff8b79e0000 - 0x00007ff8b7a7d000 	C:\Program Files\Android\Android Studio\jre\bin\msvcp140.dll
0x00007ff858310000 - 0x00007ff858e12000 	C:\Program Files\Android\Android Studio\jre\bin\server\jvm.dll
0x00007ff8c5700000 - 0x00007ff8c57ae000 	C:\WINDOWS\System32\ADVAPI32.dll
0x00007ff8c5660000 - 0x00007ff8c56fc000 	C:\WINDOWS\System32\sechost.dll
0x00007ff8c5170000 - 0x00007ff8c5295000 	C:\WINDOWS\System32\RPCRT4.dll
0x00007ff8c6570000 - 0x00007ff8c6578000 	C:\WINDOWS\System32\PSAPI.DLL
0x00007ff8b5dc0000 - 0x00007ff8b5dc9000 	C:\WINDOWS\SYSTEM32\WSOCK32.dll
0x00007ff8c61d0000 - 0x00007ff8c623b000 	C:\WINDOWS\System32\WS2_32.dll
0x00007ff8a3d20000 - 0x00007ff8a3d47000 	C:\WINDOWS\SYSTEM32\WINMM.dll
0x00007ff8b40e0000 - 0x00007ff8b40ea000 	C:\WINDOWS\SYSTEM32\VERSION.dll
0x00007ff8c2550000 - 0x00007ff8c2562000 	C:\WINDOWS\SYSTEM32\kernel.appcore.dll
0x00007ff8bf780000 - 0x00007ff8bf791000 	C:\Program Files\Android\Android Studio\jre\bin\verify.dll
0x00007ff8b4a90000 - 0x00007ff8b4c74000 	C:\WINDOWS\SYSTEM32\DBGHELP.DLL
0x00007ff8b49d0000 - 0x00007ff8b49fc000 	C:\WINDOWS\SYSTEM32\dbgcore.DLL
0x00007ff8c4cc0000 - 0x00007ff8c4d42000 	C:\WINDOWS\System32\bcryptPrimitives.dll
0x00007ff8bf750000 - 0x00007ff8bf779000 	C:\Program Files\Android\Android Studio\jre\bin\java.dll
0x00007ff8c0120000 - 0x00007ff8c012b000 	C:\Program Files\Android\Android Studio\jre\bin\jimage.dll
0x00007ff8bebf0000 - 0x00007ff8bec08000 	C:\Program Files\Android\Android Studio\jre\bin\zip.dll
0x00007ff8c66c0000 - 0x00007ff8c6e03000 	C:\WINDOWS\System32\SHELL32.dll
0x00007ff8c2750000 - 0x00007ff8c2ee2000 	C:\WINDOWS\SYSTEM32\windows.storage.dll
0x00007ff8c57b0000 - 0x00007ff8c5b04000 	C:\WINDOWS\System32\combase.dll
0x00007ff8c4010000 - 0x00007ff8c4040000 	C:\WINDOWS\SYSTEM32\Wldp.dll
0x00007ff8c6ea0000 - 0x00007ff8c6f4d000 	C:\WINDOWS\System32\SHCORE.dll
0x00007ff8c53a0000 - 0x00007ff8c53f5000 	C:\WINDOWS\System32\shlwapi.dll
0x00007ff8c45d0000 - 0x00007ff8c45ef000 	C:\WINDOWS\SYSTEM32\profapi.dll
0x00007ff8bdca0000 - 0x00007ff8bdcba000 	C:\Program Files\Android\Android Studio\jre\bin\net.dll
0x00007ff8b7410000 - 0x00007ff8b751c000 	C:\WINDOWS\SYSTEM32\WINHTTP.dll
0x00007ff8c3d70000 - 0x00007ff8c3dda000 	C:\WINDOWS\system32\mswsock.dll
0x00007ff8bd990000 - 0x00007ff8bd9a4000 	C:\Program Files\Android\Android Studio\jre\bin\nio.dll

dbghelp: loaded successfully - version: 4.0.5 - missing functions: none
symbol engine: initialized successfully - sym options: 0x614 - pdb path: .;C:\Program Files\Android\Android Studio\jre\bin;C:\WINDOWS\SYSTEM32;C:\Program Files\AVG\Antivirus;C:\WINDOWS\WinSxS\amd64_microsoft.windows.common-controls_6595b64144ccf1df_6.0.19041.1110_none_60b5254171f9507e;C:\Program Files\Android\Android Studio\jre\bin\server

VM Arguments:
jvm_args: -Dorg.gradle.appname=gradlew 
java_command: org.gradle.wrapper.GradleWrapperMain -q -Ptarget-platform=android-arm64 -Ptarget=D:\CURSO FLUTTER E DART\FOUR_FINANCES\PIT03GP04\lib\main.dart -Pbase-application-name=android.app.Application -Pdart-defines=RkxVVFRFUl9XRUJfQVVUT19ERVRFQ1Q9dHJ1ZQ== -Pdart-obfuscation=false -Ptrack-widget-creation=true -Ptree-shake-icons=false -Pfilesystem-scheme=org-dartlang-root assembleDebug
java_class_path (initial): D:\CURSO FLUTTER E DART\FOUR_FINANCES\PIT03GP04\android\\gradle\wrapper\gradle-wrapper.jar
Launcher Type: SUN_STANDARD

[Global flags]
     intx CICompilerCount                          = 3                                         {product} {ergonomic}
     uint ConcGCThreads                            = 1                                         {product} {ergonomic}
     uint G1ConcRefinementThreads                  = 4                                         {product} {ergonomic}
   size_t G1HeapRegionSize                         = 1048576                                   {product} {ergonomic}
    uintx GCDrainStackTargetSize                   = 64                                        {product} {ergonomic}
   size_t InitialHeapSize                          = 132120576                                 {product} {ergonomic}
   size_t MarkStackSize                            = 4194304                                   {product} {ergonomic}
   size_t MaxHeapSize                              = 2101346304                                {product} {ergonomic}
   size_t MaxNewSize                               = 1260388352                                {product} {ergonomic}
   size_t MinHeapDeltaBytes                        = 1048576                                   {product} {ergonomic}
    uintx NonNMethodCodeHeapSize                   = 5830732                                {pd product} {ergonomic}
    uintx NonProfiledCodeHeapSize                  = 122913754                              {pd product} {ergonomic}
    uintx ProfiledCodeHeapSize                     = 122913754                              {pd product} {ergonomic}
    uintx ReservedCodeCacheSize                    = 251658240                              {pd product} {ergonomic}
     bool SegmentedCodeCache                       = true                                      {product} {ergonomic}
     bool UseCompressedClassPointers               = true                                 {lp64_product} {ergonomic}
     bool UseCompressedOops                        = true                                 {lp64_product} {ergonomic}
     bool UseG1GC                                  = true                                      {product} {ergonomic}
     bool UseLargePagesIndividualAllocation        = false                                  {pd product} {ergonomic}

Logging:
Log output configuration:
 #0: stdout all=warning uptime,level,tags
 #1: stderr all=off uptime,level,tags

Environment Variables:
JAVA_HOME=C:\Program Files\Android\Android Studio\jre
CLASSPATH=D:\CURSO FLUTTER E DART\FOUR_FINANCES\PIT03GP04\android\\gradle\wrapper\gradle-wrapper.jar
PATH=C:\Users\loja\bin;C:\Program Files\Git\mingw64\bin;C:\Program Files\Git\usr\local\bin;C:\Program Files\Git\usr\bin;C:\Program Files\Git\usr\bin;C:\Program Files\Git\mingw64\bin;C:\Program Files\Git\usr\bin;C:\Users\loja\bin;C:\Program Files\Common Files\Oracle\Java\javapath;C:\Python310\Scripts;C:\Python310;C:\WINDOWS\system32;C:\WINDOWS;C:\WINDOWS\System32\Wbem;C:\WINDOWS\System32\WindowsPowerShell\v1.0;C:\WINDOWS\System32\OpenSSH;C:\Program Files (x86)\Microsoft SQL Server\100\Tools\Binn;C:\Program Files\Microsoft SQL Server\100\Tools\Binn;C:\Program Files\Microsoft SQL Server\100\DTS\Binn;C:\Program Files (x86)\Microsoft SQL Server\100\Tools\Binn\VSShell\Common7\IDE;C:\Program Files (x86)\Microsoft SQL Server\100\DTS\Binn;C:\ProgramData\UNIVALI\Portugol Studio;C:\Program Files\Microsoft SQL Server\Client SDK\ODBC\170\Tools\Binn;C:\Program Files (x86)\Microsoft SQL Server\150\Tools\Binn;C:\Program Files\Microsoft SQL Server\150\Tools\Binn;C:\Program Files\Microsoft SQL Server\150\DTS\Binn;C:\Program Files (x86)\Microsoft SQL Server\150\DTS\Binn;C:\Program Files\Azure Data Studio\bin;C:\ProgramData\chocolatey\bin;C:\Program Files\Git\cmd;C:\Program Files\nodejs;C:\Users\loja\AppData\Local\Microsoft\WindowsApps;C:\Users\loja\AppData\Local\Programs\Microsoft VS Code\bin;C:\Program Files\Azure Data Studio\bin;C:\Users\loja\AppData\Local\GitHubDesktop\bin;C:\Program Files\heroku\bin;C:\Program Files\heroku\bin;C:\Users\loja\AppData\Roaming\npm;C:\Users\loja\AppData\Local\Android\sdk\platform-tools;C:\Users\loja\Documents\flutter_windows_3.3.4-stable\flutter\bin;C:\Users\loja\Documents\flutter_windows_2.2.2-stable\flutter\bin;C:\Users\loja\Documents\flutter_windows_3.0.5-stable\flutter\bin;C:\Program Files\Git\usr\bin\vendor_perl;C:\Program Files\Git\usr\bin\core_perl;C:\Users\loja\Documents\flutter_windows_3.3.4-stable\flutter\bin\mingit\cmd
USERNAME=PSICOTICO
SHELL=C:\Program Files\Git\usr\bin\bash.exe
DISPLAY=needs-to-be-defined
LC_CTYPE=pt_BR.UTF-8
OS=Windows_NT
PROCESSOR_IDENTIFIER=Intel64 Family 6 Model 42 Stepping 7, GenuineIntel



---------------  S Y S T E M  ---------------

OS: Windows 10 , 64 bit Build 19041 (10.0.19041.2251)
OS uptime: 1 days 0:08 hours

CPU:total 4 (initial active 4) (2 cores per cpu, 2 threads per core) family 6 model 42 stepping 7 microcode 0x2f, cmov, cx8, fxsr, mmx, sse, sse2, sse3, ssse3, sse4.1, sse4.2, popcnt, avx, aes, clmul, ht, tsc, tscinvbit

Memory: 4k page, system-wide physical 8008M (718M free)
TotalPageFile size 8008M (AvailPageFile size 4M)
current process WorkingSet (physical memory assigned to process): 42M, peak: 42M
current process commit charge ("private bytes"): 196M, peak: 197M

vm_info: OpenJDK 64-Bit Server VM (11.0.13+0-b1751.21-8125866) for windows-amd64 JRE (11.0.13+0-b1751.21-8125866), built on Feb  2 2022 03:00:22 by "builder" with MS VC++ 14.0 (VS2015)

END.
